<?xml version="1.0" encoding="UTF-8"?>
<testsuites name="Run All Claim MV" time="855" tests="0" failures="1" errors="1">
   <testsuite name="Run All Claim MV" tests="0" failures="1" errors="1" time="855" timestamp="2018-11-27 11:34:47" hostname="BTE - SMHONB17D34BTE.aab.asuransi.astra.co.id" id="Test Suites/Run All Claim MV">
      <properties>
         <property name="deviceName" value=""/>
         <property name="devicePlatform" value=""/>
         <property name="logFolder" value="D:\\BTE\\Katalon Studio\\Garda Akses\\Reports\\Run All Claim MV\\20181127_113444"/>
         <property name="logFiles" value="D:\\BTE\\Katalon Studio\\Garda Akses\\Reports\\Run All Claim MV\\20181127_113444\\execution0.log"/>
         <property name="attachments" value="D:\\BTE\\Katalon Studio\\Garda Akses\\Reports\\Run All Claim MV\\20181127_113444\\1543293491466.png"/>
         <property name="hostName" value="BTE - SMHONB17D34BTE.aab.asuransi.astra.co.id"/>
         <property name="os" value="Windows 10 64bit"/>
         <property name="katalonVersion" value="5.8.6.1"/>
         <property name="browser" value="Chrome 70.0.3538.102"/>
         <property name="dbServerInfo" value="Microsoft SQL Server 11.00.5058"/>
         <property name="hostAddress" value="10.242.10.118"/>
         <property name="sessionId" value="86360b53af0fbbce83f040f9bce74a3c"/>
         <property name="seleniumVersion" value="3.7.1"/>
         <property name="proxyInformation" value="ProxyInformation{proxyOption=NO_PROXY, proxyServerType=HTTP, password=, proxyServerAddress=, proxyServerPort=0}"/>
         <property name="platform" value="Windows 10"/>
      </properties>
      <testcase name="Test Cases/Scenario/Claim MV - In RO" classname="Test Cases/Scenario/Claim MV - In RO" status="FAILED">
         <failure type="FAILED" message="(Stack trace: com.kms.katalon.core.exception.StepFailedException: Unable to click on object 'Object Repository/Claim MV/Choose Customer/LST_POLICY_NUMBER' (Root cause: org.openqa.selenium.WebDriverException: unknown error: Element &lt;tr data-bind=&quot;style: {height: $parent.rowHeight}, css: {active: $parent.isActive($index())}, singleOrDoubleClick: { delay: 500, click: function(data, event) { $parent.onClick(data, event, $index()) }, dblclick: function(data, event) { $parent.onDoubleClick(data, event, $index()) } }&quot; class=&quot;&quot; style=&quot;height: 26px;&quot;>...&lt;/tr> is not clickable at point (508, 250). Other element would receive the click: &lt;div id=&quot;D_a2is_Blocker_Box&quot; style=&quot;z-index: 99999999; background-color: transparent; top: 0px; left: 0px; width: 100%; height: 100%; padding: 15px; position: fixed; opacity: 0.893144;&quot;>...&lt;/div>
  (Session info: chrome=70.0.3538.102)
  (Driver info: chromedriver=2.43.600210 (68dcf5eebde37173d4027fa8635e332711d2874a),platform=Windows NT 10.0.16299 x86_64) (WARNING: The server did not provide any stacktrace information)
Command duration or timeout: 0 milliseconds
Build info: version: '3.7.1', revision: '8a0099a', time: '2017-11-06T21:07:36.161Z'
System info: host: 'SMHONB17D34BTE', ip: '10.242.10.118', os.name: 'Windows 10', os.arch: 'amd64', os.version: '10.0', java.version: '1.8.0_181'
Driver info: com.kms.katalon.selenium.driver.CChromeDriver
Capabilities {acceptInsecureCerts: false, acceptSslCerts: false, applicationCacheEnabled: false, browserConnectionEnabled: false, browserName: chrome, chrome: {chromedriverVersion: 2.43.600210 (68dcf5eebde371..., userDataDir: C:\Users\bte\AppData\Local\...}, cssSelectorsEnabled: true, databaseEnabled: false, goog:chromeOptions: {debuggerAddress: localhost:65318}, handlesAlerts: true, hasTouchScreen: false, javascriptEnabled: true, locationContextEnabled: true, mobileEmulationEnabled: false, nativeEvents: true, networkConnectionEnabled: false, pageLoadStrategy: normal, platform: XP, platformName: XP, rotatable: false, setWindowRect: true, takesHeapSnapshot: true, takesScreenshot: true, unexpectedAlertBehaviour: , unhandledPromptBehavior: , version: 70.0.3538.102, webStorageEnabled: true}
Session ID: d4005320b2fc5c81ee71c15279911724)
	at com.kms.katalon.core.keyword.internal.KeywordMain.stepFailed(KeywordMain.groovy:36)
	at com.kms.katalon.core.webui.keyword.internal.WebUIKeywordMain.stepFailed(WebUIKeywordMain.groovy:65)
	at com.kms.katalon.core.webui.keyword.internal.WebUIKeywordMain.runKeyword(WebUIKeywordMain.groovy:27)
	at com.kms.katalon.core.webui.keyword.builtin.ClickKeyword.click(ClickKeyword.groovy:86)
	at com.kms.katalon.core.webui.keyword.builtin.ClickKeyword.execute(ClickKeyword.groovy:67)
	at com.kms.katalon.core.keyword.internal.KeywordExecutor.executeKeywordForPlatform(KeywordExecutor.groovy:53)
	at com.kms.katalon.core.webui.keyword.WebUiBuiltInKeywords.click(WebUiBuiltInKeywords.groovy:616)
	at com.kms.katalon.core.webui.keyword.WebUiBuiltInKeywords$click$2.call(Unknown Source)
	at org.codehaus.groovy.runtime.callsite.CallSiteArray.defaultCall(CallSiteArray.java:48)
	at org.codehaus.groovy.runtime.callsite.AbstractCallSite.call(AbstractCallSite.java:113)
	at org.codehaus.groovy.runtime.callsite.AbstractCallSite.call(AbstractCallSite.java:125)
	at Script1542944425795.run(Script1542944425795.groovy:36)
	at com.kms.katalon.core.main.ScriptEngine.run(ScriptEngine.java:183)
	at com.kms.katalon.core.main.ScriptEngine.runScriptAsRawText(ScriptEngine.java:108)
	at com.kms.katalon.core.main.TestCaseExecutor.runScript(TestCaseExecutor.java:294)
	at com.kms.katalon.core.main.TestCaseExecutor.doExecute(TestCaseExecutor.java:285)
	at com.kms.katalon.core.main.TestCaseExecutor.processExecutionPhase(TestCaseExecutor.java:264)
	at com.kms.katalon.core.main.TestCaseExecutor.accessMainPhase(TestCaseExecutor.java:256)
	at com.kms.katalon.core.main.TestCaseExecutor.execute(TestCaseExecutor.java:200)
	at com.kms.katalon.core.main.TestCaseMain.runTestCase(TestCaseMain.java:99)
	at com.kms.katalon.core.keyword.builtin.CallTestCaseKeyword$_callTestCase_closure1.doCall(CallTestCaseKeyword.groovy:60)
	at com.kms.katalon.core.keyword.builtin.CallTestCaseKeyword$_callTestCase_closure1.call(CallTestCaseKeyword.groovy)
	at com.kms.katalon.core.keyword.internal.KeywordMain.runKeyword(KeywordMain.groovy:54)
	at com.kms.katalon.core.keyword.builtin.CallTestCaseKeyword.callTestCase(CallTestCaseKeyword.groovy:81)
	at com.kms.katalon.core.keyword.builtin.CallTestCaseKeyword.execute(CallTestCaseKeyword.groovy:45)
	at com.kms.katalon.core.keyword.internal.KeywordExecutor.executeKeywordForPlatform(KeywordExecutor.groovy:53)
	at com.kms.katalon.core.keyword.BuiltinKeywords.callTestCase(BuiltinKeywords.groovy:334)
	at sun.reflect.NativeMethodAccessorImpl.invoke0(Native Method)
	at sun.reflect.NativeMethodAccessorImpl.invoke(NativeMethodAccessorImpl.java:62)
	at sun.reflect.DelegatingMethodAccessorImpl.invoke(DelegatingMethodAccessorImpl.java:43)
	at java.lang.reflect.Method.invoke(Method.java:498)
	at org.codehaus.groovy.reflection.CachedMethod.invoke(CachedMethod.java:93)
	at groovy.lang.MetaMethod.doMethodInvoke(MetaMethod.java:325)
	at groovy.lang.MetaClassImpl.invokeStaticMethod(MetaClassImpl.java:1469)
	at org.codehaus.groovy.runtime.callsite.StaticMetaClassSite.call(StaticMetaClassSite.java:53)
	at org.codehaus.groovy.runtime.callsite.CallSiteArray.defaultCall(CallSiteArray.java:48)
	at org.codehaus.groovy.runtime.callsite.AbstractCallSite.call(AbstractCallSite.java:113)
	at org.codehaus.groovy.runtime.callsite.AbstractCallSite.call(AbstractCallSite.java:141)
	at Script1543289523870.run(Script1543289523870.groovy:24)
	at com.kms.katalon.core.main.ScriptEngine.run(ScriptEngine.java:183)
	at com.kms.katalon.core.main.ScriptEngine.runScriptAsRawText(ScriptEngine.java:108)
	at com.kms.katalon.core.main.TestCaseExecutor.runScript(TestCaseExecutor.java:294)
	at com.kms.katalon.core.main.TestCaseExecutor.doExecute(TestCaseExecutor.java:285)
	at com.kms.katalon.core.main.TestCaseExecutor.processExecutionPhase(TestCaseExecutor.java:264)
	at com.kms.katalon.core.main.TestCaseExecutor.accessMainPhase(TestCaseExecutor.java:256)
	at com.kms.katalon.core.main.TestCaseExecutor.execute(TestCaseExecutor.java:200)
	at com.kms.katalon.core.main.TestSuiteExecutor.accessTestCaseMainPhase(TestSuiteExecutor.java:129)
	at com.kms.katalon.core.main.TestSuiteExecutor.accessTestSuiteMainPhase(TestSuiteExecutor.java:112)
	at com.kms.katalon.core.main.TestSuiteExecutor.execute(TestSuiteExecutor.java:81)
	at com.kms.katalon.core.main.TestCaseMain.startTestSuite(TestCaseMain.java:142)
	at com.kms.katalon.core.main.TestCaseMain$startTestSuite$0.call(Unknown Source)
	at org.codehaus.groovy.runtime.callsite.CallSiteArray.defaultCall(CallSiteArray.java:48)
	at org.codehaus.groovy.runtime.callsite.AbstractCallSite.call(AbstractCallSite.java:113)
	at org.codehaus.groovy.runtime.callsite.AbstractCallSite.call(AbstractCallSite.java:141)
	at TempTestSuite1543293284584.run(TempTestSuite1543293284584.groovy:36)
	at groovy.lang.GroovyShell.runScriptOrMainOrTestOrRunnable(GroovyShell.java:263)
	at groovy.lang.GroovyShell.run(GroovyShell.java:518)
	at groovy.lang.GroovyShell.run(GroovyShell.java:507)
	at groovy.ui.GroovyMain.processOnce(GroovyMain.java:653)
	at groovy.ui.GroovyMain.run(GroovyMain.java:384)
	at groovy.ui.GroovyMain.process(GroovyMain.java:370)
	at groovy.ui.GroovyMain.processArgs(GroovyMain.java:129)
	at groovy.ui.GroovyMain.main(GroovyMain.java:109)
	at sun.reflect.NativeMethodAccessorImpl.invoke0(Native Method)
	at sun.reflect.NativeMethodAccessorImpl.invoke(NativeMethodAccessorImpl.java:62)
	at sun.reflect.DelegatingMethodAccessorImpl.invoke(DelegatingMethodAccessorImpl.java:43)
	at java.lang.reflect.Method.invoke(Method.java:498)
	at org.codehaus.groovy.tools.GroovyStarter.rootLoader(GroovyStarter.java:109)
	at org.codehaus.groovy.tools.GroovyStarter.main(GroovyStarter.java:131)
)"/>
         <system-out><![CDATA[2018-11-27 11:34:48 - [TEST_CASE][FAILED] - Test Cases/Scenario/Claim MV - In RO: Test Cases/Scenario/Claim MV - In RO FAILED because (of) (Stack trace: com.kms.katalon.core.exception.StepFailedException: Unable to click on object 'Object Repository/Claim MV/Choose Customer/LST_POLICY_NUMBER' (Root cause: org.openqa.selenium.WebDriverException: unknown error: Element <tr data-bind="style: {height: $parent.rowHeight}, css: {active: $parent.isActive($index())}, singleOrDoubleClick: { delay: 500, click: function(data, event) { $parent.onClick(data, event, $index()) }, dblclick: function(data, event) { $parent.onDoubleClick(data, event, $index()) } }" class="" style="height: 26px;">...</tr> is not clickable at point (508, 250). Other element would receive the click: <div id="D_a2is_Blocker_Box" style="z-index: 99999999; background-color: transparent; top: 0px; left: 0px; width: 100%; height: 100%; padding: 15px; position: fixed; opacity: 0.893144;">...</div>
  (Session info: chrome=70.0.3538.102)
  (Driver info: chromedriver=2.43.600210 (68dcf5eebde37173d4027fa8635e332711d2874a),platform=Windows NT 10.0.16299 x86_64) (WARNING: The server did not provide any stacktrace information)
Command duration or timeout: 0 milliseconds
Build info: version: '3.7.1', revision: '8a0099a', time: '2017-11-06T21:07:36.161Z'
System info: host: 'SMHONB17D34BTE', ip: '10.242.10.118', os.name: 'Windows 10', os.arch: 'amd64', os.version: '10.0', java.version: '1.8.0_181'
Driver info: com.kms.katalon.selenium.driver.CChromeDriver
Capabilities {acceptInsecureCerts: false, acceptSslCerts: false, applicationCacheEnabled: false, browserConnectionEnabled: false, browserName: chrome, chrome: {chromedriverVersion: 2.43.600210 (68dcf5eebde371..., userDataDir: C:\Users\bte\AppData\Local\...}, cssSelectorsEnabled: true, databaseEnabled: false, goog:chromeOptions: {debuggerAddress: localhost:65318}, handlesAlerts: true, hasTouchScreen: false, javascriptEnabled: true, locationContextEnabled: true, mobileEmulationEnabled: false, nativeEvents: true, networkConnectionEnabled: false, pageLoadStrategy: normal, platform: XP, platformName: XP, rotatable: false, setWindowRect: true, takesHeapSnapshot: true, takesScreenshot: true, unexpectedAlertBehaviour: , unhandledPromptBehavior: , version: 70.0.3538.102, webStorageEnabled: true}
Session ID: d4005320b2fc5c81ee71c15279911724)
	at com.kms.katalon.core.keyword.internal.KeywordMain.stepFailed(KeywordMain.groovy:36)
	at com.kms.katalon.core.webui.keyword.internal.WebUIKeywordMain.stepFailed(WebUIKeywordMain.groovy:65)
	at com.kms.katalon.core.webui.keyword.internal.WebUIKeywordMain.runKeyword(WebUIKeywordMain.groovy:27)
	at com.kms.katalon.core.webui.keyword.builtin.ClickKeyword.click(ClickKeyword.groovy:86)
	at com.kms.katalon.core.webui.keyword.builtin.ClickKeyword.execute(ClickKeyword.groovy:67)
	at com.kms.katalon.core.keyword.internal.KeywordExecutor.executeKeywordForPlatform(KeywordExecutor.groovy:53)
	at com.kms.katalon.core.webui.keyword.WebUiBuiltInKeywords.click(WebUiBuiltInKeywords.groovy:616)
	at com.kms.katalon.core.webui.keyword.WebUiBuiltInKeywords$click$2.call(Unknown Source)
	at org.codehaus.groovy.runtime.callsite.CallSiteArray.defaultCall(CallSiteArray.java:48)
	at org.codehaus.groovy.runtime.callsite.AbstractCallSite.call(AbstractCallSite.java:113)
	at org.codehaus.groovy.runtime.callsite.AbstractCallSite.call(AbstractCallSite.java:125)
	at Script1542944425795.run(Script1542944425795.groovy:36)
	at com.kms.katalon.core.main.ScriptEngine.run(ScriptEngine.java:183)
	at com.kms.katalon.core.main.ScriptEngine.runScriptAsRawText(ScriptEngine.java:108)
	at com.kms.katalon.core.main.TestCaseExecutor.runScript(TestCaseExecutor.java:294)
	at com.kms.katalon.core.main.TestCaseExecutor.doExecute(TestCaseExecutor.java:285)
	at com.kms.katalon.core.main.TestCaseExecutor.processExecutionPhase(TestCaseExecutor.java:264)
	at com.kms.katalon.core.main.TestCaseExecutor.accessMainPhase(TestCaseExecutor.java:256)
	at com.kms.katalon.core.main.TestCaseExecutor.execute(TestCaseExecutor.java:200)
	at com.kms.katalon.core.main.TestCaseMain.runTestCase(TestCaseMain.java:99)
	at com.kms.katalon.core.keyword.builtin.CallTestCaseKeyword$_callTestCase_closure1.doCall(CallTestCaseKeyword.groovy:60)
	at com.kms.katalon.core.keyword.builtin.CallTestCaseKeyword$_callTestCase_closure1.call(CallTestCaseKeyword.groovy)
	at com.kms.katalon.core.keyword.internal.KeywordMain.runKeyword(KeywordMain.groovy:54)
	at com.kms.katalon.core.keyword.builtin.CallTestCaseKeyword.callTestCase(CallTestCaseKeyword.groovy:81)
	at com.kms.katalon.core.keyword.builtin.CallTestCaseKeyword.execute(CallTestCaseKeyword.groovy:45)
	at com.kms.katalon.core.keyword.internal.KeywordExecutor.executeKeywordForPlatform(KeywordExecutor.groovy:53)
	at com.kms.katalon.core.keyword.BuiltinKeywords.callTestCase(BuiltinKeywords.groovy:334)
	at sun.reflect.NativeMethodAccessorImpl.invoke0(Native Method)
	at sun.reflect.NativeMethodAccessorImpl.invoke(NativeMethodAccessorImpl.java:62)
	at sun.reflect.DelegatingMethodAccessorImpl.invoke(DelegatingMethodAccessorImpl.java:43)
	at java.lang.reflect.Method.invoke(Method.java:498)
	at org.codehaus.groovy.reflection.CachedMethod.invoke(CachedMethod.java:93)
	at groovy.lang.MetaMethod.doMethodInvoke(MetaMethod.java:325)
	at groovy.lang.MetaClassImpl.invokeStaticMethod(MetaClassImpl.java:1469)
	at org.codehaus.groovy.runtime.callsite.StaticMetaClassSite.call(StaticMetaClassSite.java:53)
	at org.codehaus.groovy.runtime.callsite.CallSiteArray.defaultCall(CallSiteArray.java:48)
	at org.codehaus.groovy.runtime.callsite.AbstractCallSite.call(AbstractCallSite.java:113)
	at org.codehaus.groovy.runtime.callsite.AbstractCallSite.call(AbstractCallSite.java:141)
	at Script1543289523870.run(Script1543289523870.groovy:24)
	at com.kms.katalon.core.main.ScriptEngine.run(ScriptEngine.java:183)
	at com.kms.katalon.core.main.ScriptEngine.runScriptAsRawText(ScriptEngine.java:108)
	at com.kms.katalon.core.main.TestCaseExecutor.runScript(TestCaseExecutor.java:294)
	at com.kms.katalon.core.main.TestCaseExecutor.doExecute(TestCaseExecutor.java:285)
	at com.kms.katalon.core.main.TestCaseExecutor.processExecutionPhase(TestCaseExecutor.java:264)
	at com.kms.katalon.core.main.TestCaseExecutor.accessMainPhase(TestCaseExecutor.java:256)
	at com.kms.katalon.core.main.TestCaseExecutor.execute(TestCaseExecutor.java:200)
	at com.kms.katalon.core.main.TestSuiteExecutor.accessTestCaseMainPhase(TestSuiteExecutor.java:129)
	at com.kms.katalon.core.main.TestSuiteExecutor.accessTestSuiteMainPhase(TestSuiteExecutor.java:112)
	at com.kms.katalon.core.main.TestSuiteExecutor.execute(TestSuiteExecutor.java:81)
	at com.kms.katalon.core.main.TestCaseMain.startTestSuite(TestCaseMain.java:142)
	at com.kms.katalon.core.main.TestCaseMain$startTestSuite$0.call(Unknown Source)
	at org.codehaus.groovy.runtime.callsite.CallSiteArray.defaultCall(CallSiteArray.java:48)
	at org.codehaus.groovy.runtime.callsite.AbstractCallSite.call(AbstractCallSite.java:113)
	at org.codehaus.groovy.runtime.callsite.AbstractCallSite.call(AbstractCallSite.java:141)
	at TempTestSuite1543293284584.run(TempTestSuite1543293284584.groovy:36)
	at groovy.lang.GroovyShell.runScriptOrMainOrTestOrRunnable(GroovyShell.java:263)
	at groovy.lang.GroovyShell.run(GroovyShell.java:518)
	at groovy.lang.GroovyShell.run(GroovyShell.java:507)
	at groovy.ui.GroovyMain.processOnce(GroovyMain.java:653)
	at groovy.ui.GroovyMain.run(GroovyMain.java:384)
	at groovy.ui.GroovyMain.process(GroovyMain.java:370)
	at groovy.ui.GroovyMain.processArgs(GroovyMain.java:129)
	at groovy.ui.GroovyMain.main(GroovyMain.java:109)
	at sun.reflect.NativeMethodAccessorImpl.invoke0(Native Method)
	at sun.reflect.NativeMethodAccessorImpl.invoke(NativeMethodAccessorImpl.java:62)
	at sun.reflect.DelegatingMethodAccessorImpl.invoke(DelegatingMethodAccessorImpl.java:43)
	at java.lang.reflect.Method.invoke(Method.java:498)
	at org.codehaus.groovy.tools.GroovyStarter.rootLoader(GroovyStarter.java:109)
	at org.codehaus.groovy.tools.GroovyStarter.main(GroovyStarter.java:131)
)

2018-11-27 11:34:48 - [TEST_STEP][PASSED] - callTestCase: Call Test Case 'Test Cases/Screen/Login' successfully

2018-11-27 11:34:49 - [TEST_CASE][PASSED] - Test Cases/Screen/Login: Test Cases/Screen/Login

2018-11-27 11:34:49 - [TEST_STEP][PASSED] - openBrowser: Browser is opened with url: ''

2018-11-27 11:34:54 - [MESSAGE][PASSED] - Browser is opened with url: ''

2018-11-27 11:34:54 - [TEST_STEP][PASSED] - navigateToUrl: Navigate to 'https://gardaakses-qc.asuransiastra.com/gardaakses' successfully

2018-11-27 11:35:34 - [MESSAGE][PASSED] - Navigate to 'https://gardaakses-qc.asuransiastra.com/gardaakses' successfully

2018-11-27 11:35:34 - [TEST_STEP][PASSED] - delay: Delayed 1 second(s)

2018-11-27 11:35:35 - [MESSAGE][PASSED] - Delayed 1 second(s)

2018-11-27 11:35:35 - [TEST_STEP][PASSED] - setText: Text 'tdi' is set on object 'Object Repository/Login/TXT_USERID'

2018-11-27 11:35:35 - [MESSAGE][PASSED] - Text 'tdi' is set on object 'Object Repository/Login/TXT_USERID'

2018-11-27 11:35:35 - [TEST_STEP][PASSED] - delay: Delayed 1 second(s)

2018-11-27 11:35:36 - [MESSAGE][PASSED] - Delayed 1 second(s)

2018-11-27 11:35:36 - [TEST_STEP][PASSED] - setText: Text 'P@ssw0rd' is set on object 'Object Repository/Login/TXT_PASSWORD'

2018-11-27 11:35:37 - [MESSAGE][PASSED] - Text 'P@ssw0rd' is set on object 'Object Repository/Login/TXT_PASSWORD'

2018-11-27 11:35:37 - [TEST_STEP][PASSED] - delay: Delayed 1 second(s)

2018-11-27 11:35:38 - [MESSAGE][PASSED] - Delayed 1 second(s)

2018-11-27 11:35:38 - [TEST_STEP][PASSED] - click: Object: 'Object Repository/Login/BTN_MASUK' is clicked on

2018-11-27 11:35:38 - [MESSAGE][PASSED] - Object: 'Object Repository/Login/BTN_MASUK' is clicked on

2018-11-27 11:35:38 - [TEST_STEP][PASSED] - delay: Delayed 5 second(s)

2018-11-27 11:35:43 - [MESSAGE][PASSED] - Delayed 5 second(s)

2018-11-27 11:35:43 - [MESSAGE][PASSED] - Call Test Case 'Test Cases/Screen/Login' successfully

2018-11-27 11:35:43 - [TEST_STEP][PASSED] - callTestCase: Call Test Case 'Test Cases/Screen/Select Claim MV' successfully

2018-11-27 11:35:43 - [TEST_CASE][PASSED] - Test Cases/Screen/Select Claim MV: Test Cases/Screen/Select Claim MV

2018-11-27 11:35:44 - [TEST_STEP][PASSED] - delay: Delayed 1 second(s)

2018-11-27 11:35:45 - [MESSAGE][PASSED] - Delayed 1 second(s)

2018-11-27 11:35:45 - [TEST_STEP][PASSED] - click: Object: 'Object Repository/Home/HDR_SERVICE_TYPE' is clicked on

2018-11-27 11:35:45 - [MESSAGE][PASSED] - Object: 'Object Repository/Home/HDR_SERVICE_TYPE' is clicked on

2018-11-27 11:35:45 - [TEST_STEP][PASSED] - delay: Delayed 1 second(s)

2018-11-27 11:35:46 - [MESSAGE][PASSED] - Delayed 1 second(s)

2018-11-27 11:35:46 - [TEST_STEP][PASSED] - click: Object: 'Object Repository/Home/BTN_CLAIM_MV' is clicked on

2018-11-27 11:35:57 - [MESSAGE][PASSED] - Object: 'Object Repository/Home/BTN_CLAIM_MV' is clicked on

2018-11-27 11:35:57 - [TEST_STEP][PASSED] - delay: Delayed 20 second(s)

2018-11-27 11:36:17 - [MESSAGE][PASSED] - Delayed 20 second(s)

2018-11-27 11:36:17 - [MESSAGE][PASSED] - Call Test Case 'Test Cases/Screen/Select Claim MV' successfully

2018-11-27 11:36:17 - [TEST_STEP][PASSED] - callTestCase: Call Test Case 'Test Cases/Screen/Create Ticket' successfully

2018-11-27 11:36:17 - [TEST_CASE][PASSED] - Test Cases/Screen/Create Ticket: Test Cases/Screen/Create Ticket

2018-11-27 11:36:18 - [TEST_STEP][PASSED] - delay: Delayed 3 second(s)

2018-11-27 11:36:21 - [MESSAGE][PASSED] - Delayed 3 second(s)

2018-11-27 11:36:21 - [TEST_STEP][PASSED] - setText: Text 'BTE' is set on object 'Object Repository/Claim MV/Create Ticket/TXT_CALLER_NAME'

2018-11-27 11:36:21 - [MESSAGE][PASSED] - Text 'BTE' is set on object 'Object Repository/Claim MV/Create Ticket/TXT_CALLER_NAME'

2018-11-27 11:36:21 - [TEST_STEP][PASSED] - delay: Delayed 1 second(s)

2018-11-27 11:36:22 - [MESSAGE][PASSED] - Delayed 1 second(s)

2018-11-27 11:36:22 - [TEST_STEP][PASSED] - click: Object: 'Object Repository/Claim MV/Create Ticket/RDB_MALE' is clicked on

2018-11-27 11:36:23 - [MESSAGE][PASSED] - Object: 'Object Repository/Claim MV/Create Ticket/RDB_MALE' is clicked on

2018-11-27 11:36:23 - [TEST_STEP][PASSED] - delay: Delayed 1 second(s)

2018-11-27 11:36:24 - [MESSAGE][PASSED] - Delayed 1 second(s)

2018-11-27 11:36:24 - [TEST_STEP][PASSED] - setText: Text 'bte@mailinator.com' is set on object 'Object Repository/Claim MV/Create Ticket/TXT_EMAIL'

2018-11-27 11:36:24 - [MESSAGE][PASSED] - Text 'bte@mailinator.com' is set on object 'Object Repository/Claim MV/Create Ticket/TXT_EMAIL'

2018-11-27 11:36:24 - [TEST_STEP][PASSED] - delay: Delayed 1 second(s)

2018-11-27 11:36:25 - [MESSAGE][PASSED] - Delayed 1 second(s)

2018-11-27 11:36:25 - [TEST_STEP][PASSED] - click: Object: 'Object Repository/Claim MV/Create Ticket/EXP_RELATIONSHIP' is clicked on

2018-11-27 11:36:25 - [MESSAGE][PASSED] - Object: 'Object Repository/Claim MV/Create Ticket/EXP_RELATIONSHIP' is clicked on

2018-11-27 11:36:26 - [TEST_STEP][PASSED] - delay: Delayed 1 second(s)

2018-11-27 11:36:27 - [MESSAGE][PASSED] - Delayed 1 second(s)

2018-11-27 11:36:27 - [TEST_STEP][PASSED] - click: Object: 'Object Repository/Claim MV/Create Ticket/LST_RELATIONSHIP' is clicked on

2018-11-27 11:36:27 - [MESSAGE][PASSED] - Object: 'Object Repository/Claim MV/Create Ticket/LST_RELATIONSHIP' is clicked on

2018-11-27 11:36:27 - [TEST_STEP][PASSED] - delay: Delayed 1 second(s)

2018-11-27 11:36:28 - [MESSAGE][PASSED] - Delayed 1 second(s)

2018-11-27 11:36:28 - [TEST_STEP][PASSED] - setText: Text '62' is set on object 'Object Repository/Claim MV/Create Ticket/TXT_COUNTRY'

2018-11-27 11:36:28 - [MESSAGE][PASSED] - Text '62' is set on object 'Object Repository/Claim MV/Create Ticket/TXT_COUNTRY'

2018-11-27 11:36:28 - [TEST_STEP][PASSED] - delay: Delayed 1 second(s)

2018-11-27 11:36:29 - [MESSAGE][PASSED] - Delayed 1 second(s)

2018-11-27 11:36:29 - [TEST_STEP][PASSED] - setText: Text '21' is set on object 'Object Repository/Claim MV/Create Ticket/TXT_AREA_CODE'

2018-11-27 11:36:29 - [MESSAGE][PASSED] - Text '21' is set on object 'Object Repository/Claim MV/Create Ticket/TXT_AREA_CODE'

2018-11-27 11:36:29 - [TEST_STEP][PASSED] - delay: Delayed 1 second(s)

2018-11-27 11:36:30 - [MESSAGE][PASSED] - Delayed 1 second(s)

2018-11-27 11:36:30 - [TEST_STEP][PASSED] - setText: Text '232323' is set on object 'Object Repository/Claim MV/Create Ticket/TXT_PHONE_NUMBER'

2018-11-27 11:36:31 - [MESSAGE][PASSED] - Text '232323' is set on object 'Object Repository/Claim MV/Create Ticket/TXT_PHONE_NUMBER'

2018-11-27 11:36:31 - [TEST_STEP][PASSED] - delay: Delayed 1 second(s)

2018-11-27 11:36:32 - [MESSAGE][PASSED] - Delayed 1 second(s)

2018-11-27 11:36:32 - [TEST_STEP][PASSED] - click: Object: 'Object Repository/Claim MV/Create Ticket/BTN_NEXT_1' is clicked on

2018-11-27 11:36:32 - [MESSAGE][PASSED] - Object: 'Object Repository/Claim MV/Create Ticket/BTN_NEXT_1' is clicked on

2018-11-27 11:36:32 - [TEST_STEP][PASSED] - delay: Delayed 12 second(s)

2018-11-27 11:36:44 - [MESSAGE][PASSED] - Delayed 12 second(s)

2018-11-27 11:36:44 - [TEST_STEP][PASSED] - click: Object: 'Object Repository/Claim MV/Create Ticket/LST_CALLER_1' is clicked on

2018-11-27 11:36:44 - [MESSAGE][PASSED] - Object: 'Object Repository/Claim MV/Create Ticket/LST_CALLER_1' is clicked on

2018-11-27 11:36:44 - [TEST_STEP][PASSED] - delay: Delayed 1 second(s)

2018-11-27 11:36:45 - [MESSAGE][PASSED] - Delayed 1 second(s)

2018-11-27 11:36:45 - [TEST_STEP][PASSED] - click: Object: 'Object Repository/Claim MV/Create Ticket/BTN_NEXT_2' is clicked on

2018-11-27 11:36:45 - [MESSAGE][PASSED] - Object: 'Object Repository/Claim MV/Create Ticket/BTN_NEXT_2' is clicked on

2018-11-27 11:36:45 - [TEST_STEP][PASSED] - delay: Delayed 8 second(s)

2018-11-27 11:36:53 - [MESSAGE][PASSED] - Delayed 8 second(s)

2018-11-27 11:36:53 - [TEST_STEP][PASSED] - click: Object: 'Object Repository/Claim MV/Create Ticket/BTN_SAVE' is clicked on

2018-11-27 11:36:53 - [MESSAGE][PASSED] - Object: 'Object Repository/Claim MV/Create Ticket/BTN_SAVE' is clicked on

2018-11-27 11:36:53 - [TEST_STEP][PASSED] - delay: Delayed 3 second(s)

2018-11-27 11:36:56 - [MESSAGE][PASSED] - Delayed 3 second(s)

2018-11-27 11:36:56 - [TEST_STEP][PASSED] - click: Object: 'Object Repository/Claim MV/Create Ticket/BTN_SAVE_YES' is clicked on

2018-11-27 11:36:57 - [MESSAGE][PASSED] - Object: 'Object Repository/Claim MV/Create Ticket/BTN_SAVE_YES' is clicked on

2018-11-27 11:36:57 - [TEST_STEP][PASSED] - delay: Delayed 8 second(s)

2018-11-27 11:37:05 - [MESSAGE][PASSED] - Delayed 8 second(s)

2018-11-27 11:37:05 - [MESSAGE][PASSED] - Call Test Case 'Test Cases/Screen/Create Ticket' successfully

2018-11-27 11:37:05 - [TEST_STEP][PASSED] - callTestCase: Call Test Case 'Test Cases/Screen/Select Claim MV' successfully

2018-11-27 11:37:05 - [TEST_CASE][PASSED] - Test Cases/Screen/Select Claim MV: Test Cases/Screen/Select Claim MV

2018-11-27 11:37:05 - [TEST_STEP][PASSED] - delay: Delayed 1 second(s)

2018-11-27 11:37:06 - [MESSAGE][PASSED] - Delayed 1 second(s)

2018-11-27 11:37:06 - [TEST_STEP][PASSED] - click: Object: 'Object Repository/Home/HDR_SERVICE_TYPE' is clicked on

2018-11-27 11:37:06 - [MESSAGE][PASSED] - Object: 'Object Repository/Home/HDR_SERVICE_TYPE' is clicked on

2018-11-27 11:37:06 - [TEST_STEP][PASSED] - delay: Delayed 1 second(s)

2018-11-27 11:37:07 - [MESSAGE][PASSED] - Delayed 1 second(s)

2018-11-27 11:37:07 - [TEST_STEP][PASSED] - click: Object: 'Object Repository/Home/BTN_CLAIM_MV' is clicked on

2018-11-27 11:37:11 - [MESSAGE][PASSED] - Object: 'Object Repository/Home/BTN_CLAIM_MV' is clicked on

2018-11-27 11:37:11 - [TEST_STEP][PASSED] - delay: Delayed 20 second(s)

2018-11-27 11:37:31 - [MESSAGE][PASSED] - Delayed 20 second(s)

2018-11-27 11:37:31 - [MESSAGE][PASSED] - Call Test Case 'Test Cases/Screen/Select Claim MV' successfully

2018-11-27 11:37:31 - [TEST_STEP][FAILED] - callTestCase: Unable to call Test Case with id 'Test Cases/Screen/Choose Customer' (Root cause: Call Test Case 'Test Cases/Screen/Choose Customer' failed)

2018-11-27 11:37:31 - [TEST_CASE][FAILED] - Test Cases/Screen/Choose Customer: Test Cases/Screen/Choose Customer FAILED because (of) (Stack trace: com.kms.katalon.core.exception.StepFailedException: Unable to click on object 'Object Repository/Claim MV/Choose Customer/LST_POLICY_NUMBER' (Root cause: org.openqa.selenium.WebDriverException: unknown error: Element <tr data-bind="style: {height: $parent.rowHeight}, css: {active: $parent.isActive($index())}, singleOrDoubleClick: { delay: 500, click: function(data, event) { $parent.onClick(data, event, $index()) }, dblclick: function(data, event) { $parent.onDoubleClick(data, event, $index()) } }" class="" style="height: 26px;">...</tr> is not clickable at point (508, 250). Other element would receive the click: <div id="D_a2is_Blocker_Box" style="z-index: 99999999; background-color: transparent; top: 0px; left: 0px; width: 100%; height: 100%; padding: 15px; position: fixed; opacity: 0.893144;">...</div>
  (Session info: chrome=70.0.3538.102)
  (Driver info: chromedriver=2.43.600210 (68dcf5eebde37173d4027fa8635e332711d2874a),platform=Windows NT 10.0.16299 x86_64) (WARNING: The server did not provide any stacktrace information)
Command duration or timeout: 0 milliseconds
Build info: version: '3.7.1', revision: '8a0099a', time: '2017-11-06T21:07:36.161Z'
System info: host: 'SMHONB17D34BTE', ip: '10.242.10.118', os.name: 'Windows 10', os.arch: 'amd64', os.version: '10.0', java.version: '1.8.0_181'
Driver info: com.kms.katalon.selenium.driver.CChromeDriver
Capabilities {acceptInsecureCerts: false, acceptSslCerts: false, applicationCacheEnabled: false, browserConnectionEnabled: false, browserName: chrome, chrome: {chromedriverVersion: 2.43.600210 (68dcf5eebde371..., userDataDir: C:\Users\bte\AppData\Local\...}, cssSelectorsEnabled: true, databaseEnabled: false, goog:chromeOptions: {debuggerAddress: localhost:65318}, handlesAlerts: true, hasTouchScreen: false, javascriptEnabled: true, locationContextEnabled: true, mobileEmulationEnabled: false, nativeEvents: true, networkConnectionEnabled: false, pageLoadStrategy: normal, platform: XP, platformName: XP, rotatable: false, setWindowRect: true, takesHeapSnapshot: true, takesScreenshot: true, unexpectedAlertBehaviour: , unhandledPromptBehavior: , version: 70.0.3538.102, webStorageEnabled: true}
Session ID: d4005320b2fc5c81ee71c15279911724)
	at com.kms.katalon.core.keyword.internal.KeywordMain.stepFailed(KeywordMain.groovy:36)
	at com.kms.katalon.core.webui.keyword.internal.WebUIKeywordMain.stepFailed(WebUIKeywordMain.groovy:65)
	at com.kms.katalon.core.webui.keyword.internal.WebUIKeywordMain.runKeyword(WebUIKeywordMain.groovy:27)
	at com.kms.katalon.core.webui.keyword.builtin.ClickKeyword.click(ClickKeyword.groovy:86)
	at com.kms.katalon.core.webui.keyword.builtin.ClickKeyword.execute(ClickKeyword.groovy:67)
	at com.kms.katalon.core.keyword.internal.KeywordExecutor.executeKeywordForPlatform(KeywordExecutor.groovy:53)
	at com.kms.katalon.core.webui.keyword.WebUiBuiltInKeywords.click(WebUiBuiltInKeywords.groovy:616)
	at com.kms.katalon.core.webui.keyword.WebUiBuiltInKeywords$click$2.call(Unknown Source)
	at org.codehaus.groovy.runtime.callsite.CallSiteArray.defaultCall(CallSiteArray.java:48)
	at org.codehaus.groovy.runtime.callsite.AbstractCallSite.call(AbstractCallSite.java:113)
	at org.codehaus.groovy.runtime.callsite.AbstractCallSite.call(AbstractCallSite.java:125)
	at Script1542944425795.run(Script1542944425795.groovy:36)
	at com.kms.katalon.core.main.ScriptEngine.run(ScriptEngine.java:183)
	at com.kms.katalon.core.main.ScriptEngine.runScriptAsRawText(ScriptEngine.java:108)
	at com.kms.katalon.core.main.TestCaseExecutor.runScript(TestCaseExecutor.java:294)
	at com.kms.katalon.core.main.TestCaseExecutor.doExecute(TestCaseExecutor.java:285)
	at com.kms.katalon.core.main.TestCaseExecutor.processExecutionPhase(TestCaseExecutor.java:264)
	at com.kms.katalon.core.main.TestCaseExecutor.accessMainPhase(TestCaseExecutor.java:256)
	at com.kms.katalon.core.main.TestCaseExecutor.execute(TestCaseExecutor.java:200)
	at com.kms.katalon.core.main.TestCaseMain.runTestCase(TestCaseMain.java:99)
	at com.kms.katalon.core.keyword.builtin.CallTestCaseKeyword$_callTestCase_closure1.doCall(CallTestCaseKeyword.groovy:60)
	at com.kms.katalon.core.keyword.builtin.CallTestCaseKeyword$_callTestCase_closure1.call(CallTestCaseKeyword.groovy)
	at com.kms.katalon.core.keyword.internal.KeywordMain.runKeyword(KeywordMain.groovy:54)
	at com.kms.katalon.core.keyword.builtin.CallTestCaseKeyword.callTestCase(CallTestCaseKeyword.groovy:81)
	at com.kms.katalon.core.keyword.builtin.CallTestCaseKeyword.execute(CallTestCaseKeyword.groovy:45)
	at com.kms.katalon.core.keyword.internal.KeywordExecutor.executeKeywordForPlatform(KeywordExecutor.groovy:53)
	at com.kms.katalon.core.keyword.BuiltinKeywords.callTestCase(BuiltinKeywords.groovy:334)
	at sun.reflect.NativeMethodAccessorImpl.invoke0(Native Method)
	at sun.reflect.NativeMethodAccessorImpl.invoke(NativeMethodAccessorImpl.java:62)
	at sun.reflect.DelegatingMethodAccessorImpl.invoke(DelegatingMethodAccessorImpl.java:43)
	at java.lang.reflect.Method.invoke(Method.java:498)
	at org.codehaus.groovy.reflection.CachedMethod.invoke(CachedMethod.java:93)
	at groovy.lang.MetaMethod.doMethodInvoke(MetaMethod.java:325)
	at groovy.lang.MetaClassImpl.invokeStaticMethod(MetaClassImpl.java:1469)
	at org.codehaus.groovy.runtime.callsite.StaticMetaClassSite.call(StaticMetaClassSite.java:53)
	at org.codehaus.groovy.runtime.callsite.CallSiteArray.defaultCall(CallSiteArray.java:48)
	at org.codehaus.groovy.runtime.callsite.AbstractCallSite.call(AbstractCallSite.java:113)
	at org.codehaus.groovy.runtime.callsite.AbstractCallSite.call(AbstractCallSite.java:141)
	at Script1543289523870.run(Script1543289523870.groovy:24)
	at com.kms.katalon.core.main.ScriptEngine.run(ScriptEngine.java:183)
	at com.kms.katalon.core.main.ScriptEngine.runScriptAsRawText(ScriptEngine.java:108)
	at com.kms.katalon.core.main.TestCaseExecutor.runScript(TestCaseExecutor.java:294)
	at com.kms.katalon.core.main.TestCaseExecutor.doExecute(TestCaseExecutor.java:285)
	at com.kms.katalon.core.main.TestCaseExecutor.processExecutionPhase(TestCaseExecutor.java:264)
	at com.kms.katalon.core.main.TestCaseExecutor.accessMainPhase(TestCaseExecutor.java:256)
	at com.kms.katalon.core.main.TestCaseExecutor.execute(TestCaseExecutor.java:200)
	at com.kms.katalon.core.main.TestSuiteExecutor.accessTestCaseMainPhase(TestSuiteExecutor.java:129)
	at com.kms.katalon.core.main.TestSuiteExecutor.accessTestSuiteMainPhase(TestSuiteExecutor.java:112)
	at com.kms.katalon.core.main.TestSuiteExecutor.execute(TestSuiteExecutor.java:81)
	at com.kms.katalon.core.main.TestCaseMain.startTestSuite(TestCaseMain.java:142)
	at com.kms.katalon.core.main.TestCaseMain$startTestSuite$0.call(Unknown Source)
	at org.codehaus.groovy.runtime.callsite.CallSiteArray.defaultCall(CallSiteArray.java:48)
	at org.codehaus.groovy.runtime.callsite.AbstractCallSite.call(AbstractCallSite.java:113)
	at org.codehaus.groovy.runtime.callsite.AbstractCallSite.call(AbstractCallSite.java:141)
	at TempTestSuite1543293284584.run(TempTestSuite1543293284584.groovy:36)
	at groovy.lang.GroovyShell.runScriptOrMainOrTestOrRunnable(GroovyShell.java:263)
	at groovy.lang.GroovyShell.run(GroovyShell.java:518)
	at groovy.lang.GroovyShell.run(GroovyShell.java:507)
	at groovy.ui.GroovyMain.processOnce(GroovyMain.java:653)
	at groovy.ui.GroovyMain.run(GroovyMain.java:384)
	at groovy.ui.GroovyMain.process(GroovyMain.java:370)
	at groovy.ui.GroovyMain.processArgs(GroovyMain.java:129)
	at groovy.ui.GroovyMain.main(GroovyMain.java:109)
	at sun.reflect.NativeMethodAccessorImpl.invoke0(Native Method)
	at sun.reflect.NativeMethodAccessorImpl.invoke(NativeMethodAccessorImpl.java:62)
	at sun.reflect.DelegatingMethodAccessorImpl.invoke(DelegatingMethodAccessorImpl.java:43)
	at java.lang.reflect.Method.invoke(Method.java:498)
	at org.codehaus.groovy.tools.GroovyStarter.rootLoader(GroovyStarter.java:109)
	at org.codehaus.groovy.tools.GroovyStarter.main(GroovyStarter.java:131)
)

2018-11-27 11:37:31 - [TEST_STEP][PASSED] - Statement - policyno = com.kms.katalon.core.testdata.TestDataFactory.findTestData(Policy).getValue(1, 1): Reading database data with query 'SELECT top 1 LTRIM(RTRIM(Policy_No)) AS policyno 
FROM aab.dbo.policy 
WHERE GETDATE() BETWEEN Period_From AND Period_To 
AND Policy_No LIKE '17000%' 
ORDER BY Effective_Date desc'

2018-11-27 11:37:32 - [TEST_STEP][PASSED] - delay: Delayed 1 second(s)

2018-11-27 11:37:33 - [MESSAGE][PASSED] - Delayed 1 second(s)

2018-11-27 11:37:33 - [TEST_STEP][PASSED] - click: Object: 'Object Repository/Claim MV/Choose Customer/EXP_SEARCH_BY_PARAMETER' is clicked on

2018-11-27 11:37:33 - [MESSAGE][PASSED] - Object: 'Object Repository/Claim MV/Choose Customer/EXP_SEARCH_BY_PARAMETER' is clicked on

2018-11-27 11:37:33 - [TEST_STEP][PASSED] - delay: Delayed 1 second(s)

2018-11-27 11:37:34 - [MESSAGE][PASSED] - Delayed 1 second(s)

2018-11-27 11:37:34 - [TEST_STEP][PASSED] - click: Object: 'Object Repository/Claim MV/Choose Customer/LST_SEARCH_BY_PARAMETER' is clicked on

2018-11-27 11:37:34 - [MESSAGE][PASSED] - Object: 'Object Repository/Claim MV/Choose Customer/LST_SEARCH_BY_PARAMETER' is clicked on

2018-11-27 11:37:34 - [TEST_STEP][PASSED] - delay: Delayed 1 second(s)

2018-11-27 11:37:35 - [MESSAGE][PASSED] - Delayed 1 second(s)

2018-11-27 11:37:35 - [TEST_STEP][PASSED] - setText: Text '1700010726' is set on object 'Object Repository/Claim MV/Choose Customer/TXT_SEARCH_BY_INPUT'

2018-11-27 11:37:35 - [MESSAGE][PASSED] - Text '1700010726' is set on object 'Object Repository/Claim MV/Choose Customer/TXT_SEARCH_BY_INPUT'

2018-11-27 11:37:35 - [TEST_STEP][PASSED] - delay: Delayed 1 second(s)

2018-11-27 11:37:36 - [MESSAGE][PASSED] - Delayed 1 second(s)

2018-11-27 11:37:36 - [TEST_STEP][PASSED] - click: Object: 'Object Repository/Claim MV/Choose Customer/BTN_SEARCH' is clicked on

2018-11-27 11:37:37 - [MESSAGE][PASSED] - Object: 'Object Repository/Claim MV/Choose Customer/BTN_SEARCH' is clicked on

2018-11-27 11:37:37 - [TEST_STEP][PASSED] - delay: Delayed 15 second(s)

2018-11-27 11:37:52 - [MESSAGE][PASSED] - Delayed 15 second(s)

2018-11-27 11:37:52 - [TEST_STEP][FAILED] - click: Unable to click on object 'Object Repository/Claim MV/Choose Customer/LST_POLICY_NUMBER' (Root cause: org.openqa.selenium.WebDriverException: unknown error: Element <tr data-bind="style: {height: $parent.rowHeight}, css: {active: $parent.isActive($index())}, singleOrDoubleClick: { delay: 500, click: function(data, event) { $parent.onClick(data, event, $index()) }, dblclick: function(data, event) { $parent.onDoubleClick(data, event, $index()) } }" class="" style="height: 26px;">...</tr> is not clickable at point (508, 250). Other element would receive the click: <div id="D_a2is_Blocker_Box" style="z-index: 99999999; background-color: transparent; top: 0px; left: 0px; width: 100%; height: 100%; padding: 15px; position: fixed; opacity: 0.893144;">...</div>
  (Session info: chrome=70.0.3538.102)
  (Driver info: chromedriver=2.43.600210 (68dcf5eebde37173d4027fa8635e332711d2874a),platform=Windows NT 10.0.16299 x86_64) (WARNING: The server did not provide any stacktrace information)
Command duration or timeout: 0 milliseconds
Build info: version: '3.7.1', revision: '8a0099a', time: '2017-11-06T21:07:36.161Z'
System info: host: 'SMHONB17D34BTE', ip: '10.242.10.118', os.name: 'Windows 10', os.arch: 'amd64', os.version: '10.0', java.version: '1.8.0_181'
Driver info: com.kms.katalon.selenium.driver.CChromeDriver
Capabilities {acceptInsecureCerts: false, acceptSslCerts: false, applicationCacheEnabled: false, browserConnectionEnabled: false, browserName: chrome, chrome: {chromedriverVersion: 2.43.600210 (68dcf5eebde371..., userDataDir: C:\Users\bte\AppData\Local\...}, cssSelectorsEnabled: true, databaseEnabled: false, goog:chromeOptions: {debuggerAddress: localhost:65318}, handlesAlerts: true, hasTouchScreen: false, javascriptEnabled: true, locationContextEnabled: true, mobileEmulationEnabled: false, nativeEvents: true, networkConnectionEnabled: false, pageLoadStrategy: normal, platform: XP, platformName: XP, rotatable: false, setWindowRect: true, takesHeapSnapshot: true, takesScreenshot: true, unexpectedAlertBehaviour: , unhandledPromptBehavior: , version: 70.0.3538.102, webStorageEnabled: true}
Session ID: d4005320b2fc5c81ee71c15279911724)

2018-11-27 11:38:11 - [MESSAGE][FAILED] - Unable to click on object 'Object Repository/Claim MV/Choose Customer/LST_POLICY_NUMBER' (Root cause: org.openqa.selenium.WebDriverException: unknown error: Element <tr data-bind="style: {height: $parent.rowHeight}, css: {active: $parent.isActive($index())}, singleOrDoubleClick: { delay: 500, click: function(data, event) { $parent.onClick(data, event, $index()) }, dblclick: function(data, event) { $parent.onDoubleClick(data, event, $index()) } }" class="" style="height: 26px;">...</tr> is not clickable at point (508, 250). Other element would receive the click: <div id="D_a2is_Blocker_Box" style="z-index: 99999999; background-color: transparent; top: 0px; left: 0px; width: 100%; height: 100%; padding: 15px; position: fixed; opacity: 0.893144;">...</div>
  (Session info: chrome=70.0.3538.102)
  (Driver info: chromedriver=2.43.600210 (68dcf5eebde37173d4027fa8635e332711d2874a),platform=Windows NT 10.0.16299 x86_64) (WARNING: The server did not provide any stacktrace information)
Command duration or timeout: 0 milliseconds
Build info: version: '3.7.1', revision: '8a0099a', time: '2017-11-06T21:07:36.161Z'
System info: host: 'SMHONB17D34BTE', ip: '10.242.10.118', os.name: 'Windows 10', os.arch: 'amd64', os.version: '10.0', java.version: '1.8.0_181'
Driver info: com.kms.katalon.selenium.driver.CChromeDriver
Capabilities {acceptInsecureCerts: false, acceptSslCerts: false, applicationCacheEnabled: false, browserConnectionEnabled: false, browserName: chrome, chrome: {chromedriverVersion: 2.43.600210 (68dcf5eebde371..., userDataDir: C:\Users\bte\AppData\Local\...}, cssSelectorsEnabled: true, databaseEnabled: false, goog:chromeOptions: {debuggerAddress: localhost:65318}, handlesAlerts: true, hasTouchScreen: false, javascriptEnabled: true, locationContextEnabled: true, mobileEmulationEnabled: false, nativeEvents: true, networkConnectionEnabled: false, pageLoadStrategy: normal, platform: XP, platformName: XP, rotatable: false, setWindowRect: true, takesHeapSnapshot: true, takesScreenshot: true, unexpectedAlertBehaviour: , unhandledPromptBehavior: , version: 70.0.3538.102, webStorageEnabled: true}
Session ID: d4005320b2fc5c81ee71c15279911724)
[[ATTACHMENT|D:\\BTE\\Katalon Studio\\Garda Akses\\Reports\\Run All Claim MV\\20181127_113444\\1543293491466.png]]

2018-11-27 11:38:11 - [MESSAGE][FAILED] - Unable to call Test Case with id 'Test Cases/Screen/Choose Customer' (Root cause: Call Test Case 'Test Cases/Screen/Choose Customer' failed)]]></system-out>
         <system-err><![CDATA[2018-11-27 11:34:48 - [TEST_CASE][FAILED] - Test Cases/Scenario/Claim MV - In RO: Test Cases/Scenario/Claim MV - In RO FAILED because (of) (Stack trace: com.kms.katalon.core.exception.StepFailedException: Unable to click on object 'Object Repository/Claim MV/Choose Customer/LST_POLICY_NUMBER' (Root cause: org.openqa.selenium.WebDriverException: unknown error: Element <tr data-bind="style: {height: $parent.rowHeight}, css: {active: $parent.isActive($index())}, singleOrDoubleClick: { delay: 500, click: function(data, event) { $parent.onClick(data, event, $index()) }, dblclick: function(data, event) { $parent.onDoubleClick(data, event, $index()) } }" class="" style="height: 26px;">...</tr> is not clickable at point (508, 250). Other element would receive the click: <div id="D_a2is_Blocker_Box" style="z-index: 99999999; background-color: transparent; top: 0px; left: 0px; width: 100%; height: 100%; padding: 15px; position: fixed; opacity: 0.893144;">...</div>
  (Session info: chrome=70.0.3538.102)
  (Driver info: chromedriver=2.43.600210 (68dcf5eebde37173d4027fa8635e332711d2874a),platform=Windows NT 10.0.16299 x86_64) (WARNING: The server did not provide any stacktrace information)
Command duration or timeout: 0 milliseconds
Build info: version: '3.7.1', revision: '8a0099a', time: '2017-11-06T21:07:36.161Z'
System info: host: 'SMHONB17D34BTE', ip: '10.242.10.118', os.name: 'Windows 10', os.arch: 'amd64', os.version: '10.0', java.version: '1.8.0_181'
Driver info: com.kms.katalon.selenium.driver.CChromeDriver
Capabilities {acceptInsecureCerts: false, acceptSslCerts: false, applicationCacheEnabled: false, browserConnectionEnabled: false, browserName: chrome, chrome: {chromedriverVersion: 2.43.600210 (68dcf5eebde371..., userDataDir: C:\Users\bte\AppData\Local\...}, cssSelectorsEnabled: true, databaseEnabled: false, goog:chromeOptions: {debuggerAddress: localhost:65318}, handlesAlerts: true, hasTouchScreen: false, javascriptEnabled: true, locationContextEnabled: true, mobileEmulationEnabled: false, nativeEvents: true, networkConnectionEnabled: false, pageLoadStrategy: normal, platform: XP, platformName: XP, rotatable: false, setWindowRect: true, takesHeapSnapshot: true, takesScreenshot: true, unexpectedAlertBehaviour: , unhandledPromptBehavior: , version: 70.0.3538.102, webStorageEnabled: true}
Session ID: d4005320b2fc5c81ee71c15279911724)
	at com.kms.katalon.core.keyword.internal.KeywordMain.stepFailed(KeywordMain.groovy:36)
	at com.kms.katalon.core.webui.keyword.internal.WebUIKeywordMain.stepFailed(WebUIKeywordMain.groovy:65)
	at com.kms.katalon.core.webui.keyword.internal.WebUIKeywordMain.runKeyword(WebUIKeywordMain.groovy:27)
	at com.kms.katalon.core.webui.keyword.builtin.ClickKeyword.click(ClickKeyword.groovy:86)
	at com.kms.katalon.core.webui.keyword.builtin.ClickKeyword.execute(ClickKeyword.groovy:67)
	at com.kms.katalon.core.keyword.internal.KeywordExecutor.executeKeywordForPlatform(KeywordExecutor.groovy:53)
	at com.kms.katalon.core.webui.keyword.WebUiBuiltInKeywords.click(WebUiBuiltInKeywords.groovy:616)
	at com.kms.katalon.core.webui.keyword.WebUiBuiltInKeywords$click$2.call(Unknown Source)
	at org.codehaus.groovy.runtime.callsite.CallSiteArray.defaultCall(CallSiteArray.java:48)
	at org.codehaus.groovy.runtime.callsite.AbstractCallSite.call(AbstractCallSite.java:113)
	at org.codehaus.groovy.runtime.callsite.AbstractCallSite.call(AbstractCallSite.java:125)
	at Script1542944425795.run(Script1542944425795.groovy:36)
	at com.kms.katalon.core.main.ScriptEngine.run(ScriptEngine.java:183)
	at com.kms.katalon.core.main.ScriptEngine.runScriptAsRawText(ScriptEngine.java:108)
	at com.kms.katalon.core.main.TestCaseExecutor.runScript(TestCaseExecutor.java:294)
	at com.kms.katalon.core.main.TestCaseExecutor.doExecute(TestCaseExecutor.java:285)
	at com.kms.katalon.core.main.TestCaseExecutor.processExecutionPhase(TestCaseExecutor.java:264)
	at com.kms.katalon.core.main.TestCaseExecutor.accessMainPhase(TestCaseExecutor.java:256)
	at com.kms.katalon.core.main.TestCaseExecutor.execute(TestCaseExecutor.java:200)
	at com.kms.katalon.core.main.TestCaseMain.runTestCase(TestCaseMain.java:99)
	at com.kms.katalon.core.keyword.builtin.CallTestCaseKeyword$_callTestCase_closure1.doCall(CallTestCaseKeyword.groovy:60)
	at com.kms.katalon.core.keyword.builtin.CallTestCaseKeyword$_callTestCase_closure1.call(CallTestCaseKeyword.groovy)
	at com.kms.katalon.core.keyword.internal.KeywordMain.runKeyword(KeywordMain.groovy:54)
	at com.kms.katalon.core.keyword.builtin.CallTestCaseKeyword.callTestCase(CallTestCaseKeyword.groovy:81)
	at com.kms.katalon.core.keyword.builtin.CallTestCaseKeyword.execute(CallTestCaseKeyword.groovy:45)
	at com.kms.katalon.core.keyword.internal.KeywordExecutor.executeKeywordForPlatform(KeywordExecutor.groovy:53)
	at com.kms.katalon.core.keyword.BuiltinKeywords.callTestCase(BuiltinKeywords.groovy:334)
	at sun.reflect.NativeMethodAccessorImpl.invoke0(Native Method)
	at sun.reflect.NativeMethodAccessorImpl.invoke(NativeMethodAccessorImpl.java:62)
	at sun.reflect.DelegatingMethodAccessorImpl.invoke(DelegatingMethodAccessorImpl.java:43)
	at java.lang.reflect.Method.invoke(Method.java:498)
	at org.codehaus.groovy.reflection.CachedMethod.invoke(CachedMethod.java:93)
	at groovy.lang.MetaMethod.doMethodInvoke(MetaMethod.java:325)
	at groovy.lang.MetaClassImpl.invokeStaticMethod(MetaClassImpl.java:1469)
	at org.codehaus.groovy.runtime.callsite.StaticMetaClassSite.call(StaticMetaClassSite.java:53)
	at org.codehaus.groovy.runtime.callsite.CallSiteArray.defaultCall(CallSiteArray.java:48)
	at org.codehaus.groovy.runtime.callsite.AbstractCallSite.call(AbstractCallSite.java:113)
	at org.codehaus.groovy.runtime.callsite.AbstractCallSite.call(AbstractCallSite.java:141)
	at Script1543289523870.run(Script1543289523870.groovy:24)
	at com.kms.katalon.core.main.ScriptEngine.run(ScriptEngine.java:183)
	at com.kms.katalon.core.main.ScriptEngine.runScriptAsRawText(ScriptEngine.java:108)
	at com.kms.katalon.core.main.TestCaseExecutor.runScript(TestCaseExecutor.java:294)
	at com.kms.katalon.core.main.TestCaseExecutor.doExecute(TestCaseExecutor.java:285)
	at com.kms.katalon.core.main.TestCaseExecutor.processExecutionPhase(TestCaseExecutor.java:264)
	at com.kms.katalon.core.main.TestCaseExecutor.accessMainPhase(TestCaseExecutor.java:256)
	at com.kms.katalon.core.main.TestCaseExecutor.execute(TestCaseExecutor.java:200)
	at com.kms.katalon.core.main.TestSuiteExecutor.accessTestCaseMainPhase(TestSuiteExecutor.java:129)
	at com.kms.katalon.core.main.TestSuiteExecutor.accessTestSuiteMainPhase(TestSuiteExecutor.java:112)
	at com.kms.katalon.core.main.TestSuiteExecutor.execute(TestSuiteExecutor.java:81)
	at com.kms.katalon.core.main.TestCaseMain.startTestSuite(TestCaseMain.java:142)
	at com.kms.katalon.core.main.TestCaseMain$startTestSuite$0.call(Unknown Source)
	at org.codehaus.groovy.runtime.callsite.CallSiteArray.defaultCall(CallSiteArray.java:48)
	at org.codehaus.groovy.runtime.callsite.AbstractCallSite.call(AbstractCallSite.java:113)
	at org.codehaus.groovy.runtime.callsite.AbstractCallSite.call(AbstractCallSite.java:141)
	at TempTestSuite1543293284584.run(TempTestSuite1543293284584.groovy:36)
	at groovy.lang.GroovyShell.runScriptOrMainOrTestOrRunnable(GroovyShell.java:263)
	at groovy.lang.GroovyShell.run(GroovyShell.java:518)
	at groovy.lang.GroovyShell.run(GroovyShell.java:507)
	at groovy.ui.GroovyMain.processOnce(GroovyMain.java:653)
	at groovy.ui.GroovyMain.run(GroovyMain.java:384)
	at groovy.ui.GroovyMain.process(GroovyMain.java:370)
	at groovy.ui.GroovyMain.processArgs(GroovyMain.java:129)
	at groovy.ui.GroovyMain.main(GroovyMain.java:109)
	at sun.reflect.NativeMethodAccessorImpl.invoke0(Native Method)
	at sun.reflect.NativeMethodAccessorImpl.invoke(NativeMethodAccessorImpl.java:62)
	at sun.reflect.DelegatingMethodAccessorImpl.invoke(DelegatingMethodAccessorImpl.java:43)
	at java.lang.reflect.Method.invoke(Method.java:498)
	at org.codehaus.groovy.tools.GroovyStarter.rootLoader(GroovyStarter.java:109)
	at org.codehaus.groovy.tools.GroovyStarter.main(GroovyStarter.java:131)
)]]></system-err>
      </testcase>
      <testcase name="Test Cases/Scenario/Claim MV - Out Non Workshop" classname="Test Cases/Scenario/Claim MV - Out Non Workshop" status="ERROR">
         <error type="ERROR" message="Test Cases/Scenario/Claim MV - Out Non Workshop FAILED because (of) (Stack trace: com.kms.katalon.core.exception.StepErrorException: FORCEDSTOP
	at sun.reflect.NativeConstructorAccessorImpl.newInstance0(Native Method)
	at sun.reflect.NativeConstructorAccessorImpl.newInstance(NativeConstructorAccessorImpl.java:62)
	at sun.reflect.DelegatingConstructorAccessorImpl.newInstance(DelegatingConstructorAccessorImpl.java:45)
	at java.lang.reflect.Constructor.newInstance(Constructor.java:423)
	at org.codehaus.groovy.reflection.CachedConstructor.invoke(CachedConstructor.java:83)
	at org.codehaus.groovy.runtime.callsite.ConstructorSite$ConstructorSiteNoUnwrapNoCoerce.callConstructor(ConstructorSite.java:105)
	at org.codehaus.groovy.runtime.callsite.CallSiteArray.defaultCallConstructor(CallSiteArray.java:60)
	at org.codehaus.groovy.runtime.callsite.AbstractCallSite.callConstructor(AbstractCallSite.java:235)
	at org.codehaus.groovy.runtime.callsite.AbstractCallSite.callConstructor(AbstractCallSite.java:247)
	at forceStop.executeStop.FSTOP(executeStop.groovy:26)
	at forceStop.executeStop$FSTOP.call(Unknown Source)
	at org.codehaus.groovy.runtime.callsite.CallSiteArray.defaultCall(CallSiteArray.java:48)
	at org.codehaus.groovy.runtime.callsite.AbstractCallSite.call(AbstractCallSite.java:113)
	at org.codehaus.groovy.runtime.callsite.AbstractCallSite.call(AbstractCallSite.java:117)
	at executeSQL.executeScript.checkregionareaout(executeScript.groovy:260)
	at sun.reflect.NativeMethodAccessorImpl.invoke0(Native Method)
	at sun.reflect.NativeMethodAccessorImpl.invoke(NativeMethodAccessorImpl.java:62)
	at sun.reflect.DelegatingMethodAccessorImpl.invoke(DelegatingMethodAccessorImpl.java:43)
	at java.lang.reflect.Method.invoke(Method.java:498)
	at org.codehaus.groovy.reflection.CachedMethod.invoke(CachedMethod.java:93)
	at groovy.lang.MetaMethod.doMethodInvoke(MetaMethod.java:325)
	at groovy.lang.MetaClassImpl.invokeMethod(MetaClassImpl.java:1215)
	at groovy.lang.MetaClassImpl.invokeMethod(MetaClassImpl.java:1024)
	at groovy.lang.MetaClassImpl.invokeMethod(MetaClassImpl.java:812)
	at groovy.lang.DelegatingMetaClass.invokeMethod(DelegatingMetaClass.java:144)
	at executeSQL.executeScript.invokeMethod(executeScript.groovy)
	at com.kms.katalon.core.main.CustomKeywordDelegatingMetaClass.invokeStaticMethod(CustomKeywordDelegatingMetaClass.java:46)
	at org.codehaus.groovy.runtime.callsite.StaticMetaClassSite.call(StaticMetaClassSite.java:53)
	at org.codehaus.groovy.runtime.callsite.CallSiteArray.defaultCall(CallSiteArray.java:48)
	at org.codehaus.groovy.runtime.callsite.AbstractCallSite.call(AbstractCallSite.java:113)
	at org.codehaus.groovy.runtime.callsite.AbstractCallSite.call(AbstractCallSite.java:117)
	at Script1542944761693.run(Script1542944761693.groovy:189)
	at com.kms.katalon.core.main.ScriptEngine.run(ScriptEngine.java:183)
	at com.kms.katalon.core.main.ScriptEngine.runScriptAsRawText(ScriptEngine.java:108)
	at com.kms.katalon.core.main.TestCaseExecutor.runScript(TestCaseExecutor.java:294)
	at com.kms.katalon.core.main.TestCaseExecutor.doExecute(TestCaseExecutor.java:285)
	at com.kms.katalon.core.main.TestCaseExecutor.processExecutionPhase(TestCaseExecutor.java:264)
	at com.kms.katalon.core.main.TestCaseExecutor.accessMainPhase(TestCaseExecutor.java:256)
	at com.kms.katalon.core.main.TestCaseExecutor.execute(TestCaseExecutor.java:200)
	at com.kms.katalon.core.main.TestCaseMain.runTestCase(TestCaseMain.java:99)
	at com.kms.katalon.core.keyword.builtin.CallTestCaseKeyword$_callTestCase_closure1.doCall(CallTestCaseKeyword.groovy:60)
	at com.kms.katalon.core.keyword.builtin.CallTestCaseKeyword$_callTestCase_closure1.call(CallTestCaseKeyword.groovy)
	at com.kms.katalon.core.keyword.internal.KeywordMain.runKeyword(KeywordMain.groovy:54)
	at com.kms.katalon.core.keyword.builtin.CallTestCaseKeyword.callTestCase(CallTestCaseKeyword.groovy:81)
	at com.kms.katalon.core.keyword.builtin.CallTestCaseKeyword.execute(CallTestCaseKeyword.groovy:45)
	at com.kms.katalon.core.keyword.internal.KeywordExecutor.executeKeywordForPlatform(KeywordExecutor.groovy:53)
	at com.kms.katalon.core.keyword.BuiltinKeywords.callTestCase(BuiltinKeywords.groovy:334)
	at sun.reflect.NativeMethodAccessorImpl.invoke0(Native Method)
	at sun.reflect.NativeMethodAccessorImpl.invoke(NativeMethodAccessorImpl.java:62)
	at sun.reflect.DelegatingMethodAccessorImpl.invoke(DelegatingMethodAccessorImpl.java:43)
	at java.lang.reflect.Method.invoke(Method.java:498)
	at org.codehaus.groovy.reflection.CachedMethod.invoke(CachedMethod.java:93)
	at groovy.lang.MetaMethod.doMethodInvoke(MetaMethod.java:325)
	at groovy.lang.MetaClassImpl.invokeStaticMethod(MetaClassImpl.java:1469)
	at org.codehaus.groovy.runtime.callsite.StaticMetaClassSite.call(StaticMetaClassSite.java:53)
	at org.codehaus.groovy.runtime.callsite.CallSiteArray.defaultCall(CallSiteArray.java:48)
	at org.codehaus.groovy.runtime.callsite.AbstractCallSite.call(AbstractCallSite.java:113)
	at org.codehaus.groovy.runtime.callsite.AbstractCallSite.call(AbstractCallSite.java:141)
	at Script1543232585374.run(Script1543232585374.groovy:26)
	at com.kms.katalon.core.main.ScriptEngine.run(ScriptEngine.java:183)
	at com.kms.katalon.core.main.ScriptEngine.runScriptAsRawText(ScriptEngine.java:108)
	at com.kms.katalon.core.main.TestCaseExecutor.runScript(TestCaseExecutor.java:294)
	at com.kms.katalon.core.main.TestCaseExecutor.doExecute(TestCaseExecutor.java:285)
	at com.kms.katalon.core.main.TestCaseExecutor.processExecutionPhase(TestCaseExecutor.java:264)
	at com.kms.katalon.core.main.TestCaseExecutor.accessMainPhase(TestCaseExecutor.java:256)
	at com.kms.katalon.core.main.TestCaseExecutor.execute(TestCaseExecutor.java:200)
	at com.kms.katalon.core.main.TestSuiteExecutor.accessTestCaseMainPhase(TestSuiteExecutor.java:129)
	at com.kms.katalon.core.main.TestSuiteExecutor.accessTestSuiteMainPhase(TestSuiteExecutor.java:112)
	at com.kms.katalon.core.main.TestSuiteExecutor.execute(TestSuiteExecutor.java:81)
	at com.kms.katalon.core.main.TestCaseMain.startTestSuite(TestCaseMain.java:142)
	at com.kms.katalon.core.main.TestCaseMain$startTestSuite$0.call(Unknown Source)
	at org.codehaus.groovy.runtime.callsite.CallSiteArray.defaultCall(CallSiteArray.java:48)
	at org.codehaus.groovy.runtime.callsite.AbstractCallSite.call(AbstractCallSite.java:113)
	at org.codehaus.groovy.runtime.callsite.AbstractCallSite.call(AbstractCallSite.java:141)
	at TempTestSuite1543293284584.run(TempTestSuite1543293284584.groovy:36)
	at groovy.lang.GroovyShell.runScriptOrMainOrTestOrRunnable(GroovyShell.java:263)
	at groovy.lang.GroovyShell.run(GroovyShell.java:518)
	at groovy.lang.GroovyShell.run(GroovyShell.java:507)
	at groovy.ui.GroovyMain.processOnce(GroovyMain.java:653)
	at groovy.ui.GroovyMain.run(GroovyMain.java:384)
	at groovy.ui.GroovyMain.process(GroovyMain.java:370)
	at groovy.ui.GroovyMain.processArgs(GroovyMain.java:129)
	at groovy.ui.GroovyMain.main(GroovyMain.java:109)
	at sun.reflect.NativeMethodAccessorImpl.invoke0(Native Method)
	at sun.reflect.NativeMethodAccessorImpl.invoke(NativeMethodAccessorImpl.java:62)
	at sun.reflect.DelegatingMethodAccessorImpl.invoke(DelegatingMethodAccessorImpl.java:43)
	at java.lang.reflect.Method.invoke(Method.java:498)
	at org.codehaus.groovy.tools.GroovyStarter.rootLoader(GroovyStarter.java:109)
	at org.codehaus.groovy.tools.GroovyStarter.main(GroovyStarter.java:131)
)"/>
         <system-out><![CDATA[2018-11-27 11:38:11 - [TEST_CASE][ERROR] - Test Cases/Scenario/Claim MV - Out Non Workshop: Test Cases/Scenario/Claim MV - Out Non Workshop FAILED because (of) (Stack trace: com.kms.katalon.core.exception.StepErrorException: FORCEDSTOP
	at sun.reflect.NativeConstructorAccessorImpl.newInstance0(Native Method)
	at sun.reflect.NativeConstructorAccessorImpl.newInstance(NativeConstructorAccessorImpl.java:62)
	at sun.reflect.DelegatingConstructorAccessorImpl.newInstance(DelegatingConstructorAccessorImpl.java:45)
	at java.lang.reflect.Constructor.newInstance(Constructor.java:423)
	at org.codehaus.groovy.reflection.CachedConstructor.invoke(CachedConstructor.java:83)
	at org.codehaus.groovy.runtime.callsite.ConstructorSite$ConstructorSiteNoUnwrapNoCoerce.callConstructor(ConstructorSite.java:105)
	at org.codehaus.groovy.runtime.callsite.CallSiteArray.defaultCallConstructor(CallSiteArray.java:60)
	at org.codehaus.groovy.runtime.callsite.AbstractCallSite.callConstructor(AbstractCallSite.java:235)
	at org.codehaus.groovy.runtime.callsite.AbstractCallSite.callConstructor(AbstractCallSite.java:247)
	at forceStop.executeStop.FSTOP(executeStop.groovy:26)
	at forceStop.executeStop$FSTOP.call(Unknown Source)
	at org.codehaus.groovy.runtime.callsite.CallSiteArray.defaultCall(CallSiteArray.java:48)
	at org.codehaus.groovy.runtime.callsite.AbstractCallSite.call(AbstractCallSite.java:113)
	at org.codehaus.groovy.runtime.callsite.AbstractCallSite.call(AbstractCallSite.java:117)
	at executeSQL.executeScript.checkregionareaout(executeScript.groovy:260)
	at sun.reflect.NativeMethodAccessorImpl.invoke0(Native Method)
	at sun.reflect.NativeMethodAccessorImpl.invoke(NativeMethodAccessorImpl.java:62)
	at sun.reflect.DelegatingMethodAccessorImpl.invoke(DelegatingMethodAccessorImpl.java:43)
	at java.lang.reflect.Method.invoke(Method.java:498)
	at org.codehaus.groovy.reflection.CachedMethod.invoke(CachedMethod.java:93)
	at groovy.lang.MetaMethod.doMethodInvoke(MetaMethod.java:325)
	at groovy.lang.MetaClassImpl.invokeMethod(MetaClassImpl.java:1215)
	at groovy.lang.MetaClassImpl.invokeMethod(MetaClassImpl.java:1024)
	at groovy.lang.MetaClassImpl.invokeMethod(MetaClassImpl.java:812)
	at groovy.lang.DelegatingMetaClass.invokeMethod(DelegatingMetaClass.java:144)
	at executeSQL.executeScript.invokeMethod(executeScript.groovy)
	at com.kms.katalon.core.main.CustomKeywordDelegatingMetaClass.invokeStaticMethod(CustomKeywordDelegatingMetaClass.java:46)
	at org.codehaus.groovy.runtime.callsite.StaticMetaClassSite.call(StaticMetaClassSite.java:53)
	at org.codehaus.groovy.runtime.callsite.CallSiteArray.defaultCall(CallSiteArray.java:48)
	at org.codehaus.groovy.runtime.callsite.AbstractCallSite.call(AbstractCallSite.java:113)
	at org.codehaus.groovy.runtime.callsite.AbstractCallSite.call(AbstractCallSite.java:117)
	at Script1542944761693.run(Script1542944761693.groovy:189)
	at com.kms.katalon.core.main.ScriptEngine.run(ScriptEngine.java:183)
	at com.kms.katalon.core.main.ScriptEngine.runScriptAsRawText(ScriptEngine.java:108)
	at com.kms.katalon.core.main.TestCaseExecutor.runScript(TestCaseExecutor.java:294)
	at com.kms.katalon.core.main.TestCaseExecutor.doExecute(TestCaseExecutor.java:285)
	at com.kms.katalon.core.main.TestCaseExecutor.processExecutionPhase(TestCaseExecutor.java:264)
	at com.kms.katalon.core.main.TestCaseExecutor.accessMainPhase(TestCaseExecutor.java:256)
	at com.kms.katalon.core.main.TestCaseExecutor.execute(TestCaseExecutor.java:200)
	at com.kms.katalon.core.main.TestCaseMain.runTestCase(TestCaseMain.java:99)
	at com.kms.katalon.core.keyword.builtin.CallTestCaseKeyword$_callTestCase_closure1.doCall(CallTestCaseKeyword.groovy:60)
	at com.kms.katalon.core.keyword.builtin.CallTestCaseKeyword$_callTestCase_closure1.call(CallTestCaseKeyword.groovy)
	at com.kms.katalon.core.keyword.internal.KeywordMain.runKeyword(KeywordMain.groovy:54)
	at com.kms.katalon.core.keyword.builtin.CallTestCaseKeyword.callTestCase(CallTestCaseKeyword.groovy:81)
	at com.kms.katalon.core.keyword.builtin.CallTestCaseKeyword.execute(CallTestCaseKeyword.groovy:45)
	at com.kms.katalon.core.keyword.internal.KeywordExecutor.executeKeywordForPlatform(KeywordExecutor.groovy:53)
	at com.kms.katalon.core.keyword.BuiltinKeywords.callTestCase(BuiltinKeywords.groovy:334)
	at sun.reflect.NativeMethodAccessorImpl.invoke0(Native Method)
	at sun.reflect.NativeMethodAccessorImpl.invoke(NativeMethodAccessorImpl.java:62)
	at sun.reflect.DelegatingMethodAccessorImpl.invoke(DelegatingMethodAccessorImpl.java:43)
	at java.lang.reflect.Method.invoke(Method.java:498)
	at org.codehaus.groovy.reflection.CachedMethod.invoke(CachedMethod.java:93)
	at groovy.lang.MetaMethod.doMethodInvoke(MetaMethod.java:325)
	at groovy.lang.MetaClassImpl.invokeStaticMethod(MetaClassImpl.java:1469)
	at org.codehaus.groovy.runtime.callsite.StaticMetaClassSite.call(StaticMetaClassSite.java:53)
	at org.codehaus.groovy.runtime.callsite.CallSiteArray.defaultCall(CallSiteArray.java:48)
	at org.codehaus.groovy.runtime.callsite.AbstractCallSite.call(AbstractCallSite.java:113)
	at org.codehaus.groovy.runtime.callsite.AbstractCallSite.call(AbstractCallSite.java:141)
	at Script1543232585374.run(Script1543232585374.groovy:26)
	at com.kms.katalon.core.main.ScriptEngine.run(ScriptEngine.java:183)
	at com.kms.katalon.core.main.ScriptEngine.runScriptAsRawText(ScriptEngine.java:108)
	at com.kms.katalon.core.main.TestCaseExecutor.runScript(TestCaseExecutor.java:294)
	at com.kms.katalon.core.main.TestCaseExecutor.doExecute(TestCaseExecutor.java:285)
	at com.kms.katalon.core.main.TestCaseExecutor.processExecutionPhase(TestCaseExecutor.java:264)
	at com.kms.katalon.core.main.TestCaseExecutor.accessMainPhase(TestCaseExecutor.java:256)
	at com.kms.katalon.core.main.TestCaseExecutor.execute(TestCaseExecutor.java:200)
	at com.kms.katalon.core.main.TestSuiteExecutor.accessTestCaseMainPhase(TestSuiteExecutor.java:129)
	at com.kms.katalon.core.main.TestSuiteExecutor.accessTestSuiteMainPhase(TestSuiteExecutor.java:112)
	at com.kms.katalon.core.main.TestSuiteExecutor.execute(TestSuiteExecutor.java:81)
	at com.kms.katalon.core.main.TestCaseMain.startTestSuite(TestCaseMain.java:142)
	at com.kms.katalon.core.main.TestCaseMain$startTestSuite$0.call(Unknown Source)
	at org.codehaus.groovy.runtime.callsite.CallSiteArray.defaultCall(CallSiteArray.java:48)
	at org.codehaus.groovy.runtime.callsite.AbstractCallSite.call(AbstractCallSite.java:113)
	at org.codehaus.groovy.runtime.callsite.AbstractCallSite.call(AbstractCallSite.java:141)
	at TempTestSuite1543293284584.run(TempTestSuite1543293284584.groovy:36)
	at groovy.lang.GroovyShell.runScriptOrMainOrTestOrRunnable(GroovyShell.java:263)
	at groovy.lang.GroovyShell.run(GroovyShell.java:518)
	at groovy.lang.GroovyShell.run(GroovyShell.java:507)
	at groovy.ui.GroovyMain.processOnce(GroovyMain.java:653)
	at groovy.ui.GroovyMain.run(GroovyMain.java:384)
	at groovy.ui.GroovyMain.process(GroovyMain.java:370)
	at groovy.ui.GroovyMain.processArgs(GroovyMain.java:129)
	at groovy.ui.GroovyMain.main(GroovyMain.java:109)
	at sun.reflect.NativeMethodAccessorImpl.invoke0(Native Method)
	at sun.reflect.NativeMethodAccessorImpl.invoke(NativeMethodAccessorImpl.java:62)
	at sun.reflect.DelegatingMethodAccessorImpl.invoke(DelegatingMethodAccessorImpl.java:43)
	at java.lang.reflect.Method.invoke(Method.java:498)
	at org.codehaus.groovy.tools.GroovyStarter.rootLoader(GroovyStarter.java:109)
	at org.codehaus.groovy.tools.GroovyStarter.main(GroovyStarter.java:131)
)

2018-11-27 11:38:12 - [TEST_STEP][PASSED] - callTestCase: Call Test Case 'Test Cases/Screen/Login' successfully

2018-11-27 11:38:12 - [TEST_CASE][PASSED] - Test Cases/Screen/Login: Test Cases/Screen/Login

2018-11-27 11:38:12 - [TEST_STEP][PASSED] - openBrowser: Browser is opened with url: ''

2018-11-27 11:38:12 - [MESSAGE][WARNING] - A browser is already opened. Closing browser and opening a new one

2018-11-27 11:38:15 - [MESSAGE][PASSED] - Browser is opened with url: ''

2018-11-27 11:38:15 - [TEST_STEP][PASSED] - navigateToUrl: Navigate to 'https://gardaakses-qc.asuransiastra.com/gardaakses' successfully

2018-11-27 11:38:49 - [MESSAGE][PASSED] - Navigate to 'https://gardaakses-qc.asuransiastra.com/gardaakses' successfully

2018-11-27 11:38:49 - [TEST_STEP][PASSED] - delay: Delayed 1 second(s)

2018-11-27 11:38:50 - [MESSAGE][PASSED] - Delayed 1 second(s)

2018-11-27 11:38:50 - [TEST_STEP][PASSED] - setText: Text 'tdi' is set on object 'Object Repository/Login/TXT_USERID'

2018-11-27 11:38:50 - [MESSAGE][PASSED] - Text 'tdi' is set on object 'Object Repository/Login/TXT_USERID'

2018-11-27 11:38:50 - [TEST_STEP][PASSED] - delay: Delayed 1 second(s)

2018-11-27 11:38:51 - [MESSAGE][PASSED] - Delayed 1 second(s)

2018-11-27 11:38:51 - [TEST_STEP][PASSED] - setText: Text 'P@ssw0rd' is set on object 'Object Repository/Login/TXT_PASSWORD'

2018-11-27 11:38:51 - [MESSAGE][PASSED] - Text 'P@ssw0rd' is set on object 'Object Repository/Login/TXT_PASSWORD'

2018-11-27 11:38:51 - [TEST_STEP][PASSED] - delay: Delayed 1 second(s)

2018-11-27 11:38:52 - [MESSAGE][PASSED] - Delayed 1 second(s)

2018-11-27 11:38:52 - [TEST_STEP][PASSED] - click: Object: 'Object Repository/Login/BTN_MASUK' is clicked on

2018-11-27 11:38:52 - [MESSAGE][PASSED] - Object: 'Object Repository/Login/BTN_MASUK' is clicked on

2018-11-27 11:38:52 - [TEST_STEP][PASSED] - delay: Delayed 5 second(s)

2018-11-27 11:38:57 - [MESSAGE][PASSED] - Delayed 5 second(s)

2018-11-27 11:38:57 - [MESSAGE][PASSED] - Call Test Case 'Test Cases/Screen/Login' successfully

2018-11-27 11:38:57 - [TEST_STEP][PASSED] - callTestCase: Call Test Case 'Test Cases/Screen/Select Claim MV' successfully

2018-11-27 11:38:58 - [TEST_CASE][PASSED] - Test Cases/Screen/Select Claim MV: Test Cases/Screen/Select Claim MV

2018-11-27 11:38:58 - [TEST_STEP][PASSED] - delay: Delayed 1 second(s)

2018-11-27 11:38:59 - [MESSAGE][PASSED] - Delayed 1 second(s)

2018-11-27 11:38:59 - [TEST_STEP][PASSED] - click: Object: 'Object Repository/Home/HDR_SERVICE_TYPE' is clicked on

2018-11-27 11:38:59 - [MESSAGE][PASSED] - Object: 'Object Repository/Home/HDR_SERVICE_TYPE' is clicked on

2018-11-27 11:38:59 - [TEST_STEP][PASSED] - delay: Delayed 1 second(s)

2018-11-27 11:39:00 - [MESSAGE][PASSED] - Delayed 1 second(s)

2018-11-27 11:39:00 - [TEST_STEP][PASSED] - click: Object: 'Object Repository/Home/BTN_CLAIM_MV' is clicked on

2018-11-27 11:39:20 - [MESSAGE][PASSED] - Object: 'Object Repository/Home/BTN_CLAIM_MV' is clicked on

2018-11-27 11:39:20 - [TEST_STEP][PASSED] - delay: Delayed 20 second(s)

2018-11-27 11:39:40 - [MESSAGE][PASSED] - Delayed 20 second(s)

2018-11-27 11:39:40 - [MESSAGE][PASSED] - Call Test Case 'Test Cases/Screen/Select Claim MV' successfully

2018-11-27 11:39:40 - [TEST_STEP][PASSED] - callTestCase: Call Test Case 'Test Cases/Screen/Create Ticket' successfully

2018-11-27 11:39:41 - [TEST_CASE][PASSED] - Test Cases/Screen/Create Ticket: Test Cases/Screen/Create Ticket

2018-11-27 11:39:41 - [TEST_STEP][PASSED] - delay: Delayed 3 second(s)

2018-11-27 11:39:44 - [MESSAGE][PASSED] - Delayed 3 second(s)

2018-11-27 11:39:44 - [TEST_STEP][PASSED] - setText: Text 'BTE' is set on object 'Object Repository/Claim MV/Create Ticket/TXT_CALLER_NAME'

2018-11-27 11:39:44 - [MESSAGE][PASSED] - Text 'BTE' is set on object 'Object Repository/Claim MV/Create Ticket/TXT_CALLER_NAME'

2018-11-27 11:39:44 - [TEST_STEP][PASSED] - delay: Delayed 1 second(s)

2018-11-27 11:39:45 - [MESSAGE][PASSED] - Delayed 1 second(s)

2018-11-27 11:39:45 - [TEST_STEP][PASSED] - click: Object: 'Object Repository/Claim MV/Create Ticket/RDB_MALE' is clicked on

2018-11-27 11:39:45 - [MESSAGE][PASSED] - Object: 'Object Repository/Claim MV/Create Ticket/RDB_MALE' is clicked on

2018-11-27 11:39:45 - [TEST_STEP][PASSED] - delay: Delayed 1 second(s)

2018-11-27 11:39:46 - [MESSAGE][PASSED] - Delayed 1 second(s)

2018-11-27 11:39:46 - [TEST_STEP][PASSED] - setText: Text 'bte@mailinator.com' is set on object 'Object Repository/Claim MV/Create Ticket/TXT_EMAIL'

2018-11-27 11:39:46 - [MESSAGE][PASSED] - Text 'bte@mailinator.com' is set on object 'Object Repository/Claim MV/Create Ticket/TXT_EMAIL'

2018-11-27 11:39:46 - [TEST_STEP][PASSED] - delay: Delayed 1 second(s)

2018-11-27 11:39:47 - [MESSAGE][PASSED] - Delayed 1 second(s)

2018-11-27 11:39:47 - [TEST_STEP][PASSED] - click: Object: 'Object Repository/Claim MV/Create Ticket/EXP_RELATIONSHIP' is clicked on

2018-11-27 11:39:48 - [MESSAGE][PASSED] - Object: 'Object Repository/Claim MV/Create Ticket/EXP_RELATIONSHIP' is clicked on

2018-11-27 11:39:48 - [TEST_STEP][PASSED] - delay: Delayed 1 second(s)

2018-11-27 11:39:49 - [MESSAGE][PASSED] - Delayed 1 second(s)

2018-11-27 11:39:49 - [TEST_STEP][PASSED] - click: Object: 'Object Repository/Claim MV/Create Ticket/LST_RELATIONSHIP' is clicked on

2018-11-27 11:39:49 - [MESSAGE][PASSED] - Object: 'Object Repository/Claim MV/Create Ticket/LST_RELATIONSHIP' is clicked on

2018-11-27 11:39:49 - [TEST_STEP][PASSED] - delay: Delayed 1 second(s)

2018-11-27 11:39:50 - [MESSAGE][PASSED] - Delayed 1 second(s)

2018-11-27 11:39:50 - [TEST_STEP][PASSED] - setText: Text '62' is set on object 'Object Repository/Claim MV/Create Ticket/TXT_COUNTRY'

2018-11-27 11:39:50 - [MESSAGE][PASSED] - Text '62' is set on object 'Object Repository/Claim MV/Create Ticket/TXT_COUNTRY'

2018-11-27 11:39:50 - [TEST_STEP][PASSED] - delay: Delayed 1 second(s)

2018-11-27 11:39:51 - [MESSAGE][PASSED] - Delayed 1 second(s)

2018-11-27 11:39:51 - [TEST_STEP][PASSED] - setText: Text '21' is set on object 'Object Repository/Claim MV/Create Ticket/TXT_AREA_CODE'

2018-11-27 11:39:51 - [MESSAGE][PASSED] - Text '21' is set on object 'Object Repository/Claim MV/Create Ticket/TXT_AREA_CODE'

2018-11-27 11:39:51 - [TEST_STEP][PASSED] - delay: Delayed 1 second(s)

2018-11-27 11:39:52 - [MESSAGE][PASSED] - Delayed 1 second(s)

2018-11-27 11:39:52 - [TEST_STEP][PASSED] - setText: Text '232323' is set on object 'Object Repository/Claim MV/Create Ticket/TXT_PHONE_NUMBER'

2018-11-27 11:39:53 - [MESSAGE][PASSED] - Text '232323' is set on object 'Object Repository/Claim MV/Create Ticket/TXT_PHONE_NUMBER'

2018-11-27 11:39:53 - [TEST_STEP][PASSED] - delay: Delayed 1 second(s)

2018-11-27 11:39:54 - [MESSAGE][PASSED] - Delayed 1 second(s)

2018-11-27 11:39:54 - [TEST_STEP][PASSED] - click: Object: 'Object Repository/Claim MV/Create Ticket/BTN_NEXT_1' is clicked on

2018-11-27 11:39:54 - [MESSAGE][PASSED] - Object: 'Object Repository/Claim MV/Create Ticket/BTN_NEXT_1' is clicked on

2018-11-27 11:39:54 - [TEST_STEP][PASSED] - delay: Delayed 12 second(s)

2018-11-27 11:40:06 - [MESSAGE][PASSED] - Delayed 12 second(s)

2018-11-27 11:40:06 - [TEST_STEP][PASSED] - click: Object: 'Object Repository/Claim MV/Create Ticket/LST_CALLER_1' is clicked on

2018-11-27 11:40:06 - [MESSAGE][PASSED] - Object: 'Object Repository/Claim MV/Create Ticket/LST_CALLER_1' is clicked on

2018-11-27 11:40:06 - [TEST_STEP][PASSED] - delay: Delayed 1 second(s)

2018-11-27 11:40:07 - [MESSAGE][PASSED] - Delayed 1 second(s)

2018-11-27 11:40:07 - [TEST_STEP][PASSED] - click: Object: 'Object Repository/Claim MV/Create Ticket/BTN_NEXT_2' is clicked on

2018-11-27 11:40:07 - [MESSAGE][PASSED] - Object: 'Object Repository/Claim MV/Create Ticket/BTN_NEXT_2' is clicked on

2018-11-27 11:40:07 - [TEST_STEP][PASSED] - delay: Delayed 8 second(s)

2018-11-27 11:40:15 - [MESSAGE][PASSED] - Delayed 8 second(s)

2018-11-27 11:40:15 - [TEST_STEP][PASSED] - click: Object: 'Object Repository/Claim MV/Create Ticket/BTN_SAVE' is clicked on

2018-11-27 11:40:16 - [MESSAGE][PASSED] - Object: 'Object Repository/Claim MV/Create Ticket/BTN_SAVE' is clicked on

2018-11-27 11:40:16 - [TEST_STEP][PASSED] - delay: Delayed 3 second(s)

2018-11-27 11:40:19 - [MESSAGE][PASSED] - Delayed 3 second(s)

2018-11-27 11:40:19 - [TEST_STEP][PASSED] - click: Object: 'Object Repository/Claim MV/Create Ticket/BTN_SAVE_YES' is clicked on

2018-11-27 11:40:21 - [MESSAGE][PASSED] - Object: 'Object Repository/Claim MV/Create Ticket/BTN_SAVE_YES' is clicked on

2018-11-27 11:40:21 - [TEST_STEP][PASSED] - delay: Delayed 8 second(s)

2018-11-27 11:40:29 - [MESSAGE][PASSED] - Delayed 8 second(s)

2018-11-27 11:40:29 - [MESSAGE][PASSED] - Call Test Case 'Test Cases/Screen/Create Ticket' successfully

2018-11-27 11:40:29 - [TEST_STEP][PASSED] - callTestCase: Call Test Case 'Test Cases/Screen/Select Claim MV' successfully

2018-11-27 11:40:29 - [TEST_CASE][PASSED] - Test Cases/Screen/Select Claim MV: Test Cases/Screen/Select Claim MV

2018-11-27 11:40:29 - [TEST_STEP][PASSED] - delay: Delayed 1 second(s)

2018-11-27 11:40:30 - [MESSAGE][PASSED] - Delayed 1 second(s)

2018-11-27 11:40:30 - [TEST_STEP][PASSED] - click: Object: 'Object Repository/Home/HDR_SERVICE_TYPE' is clicked on

2018-11-27 11:40:30 - [MESSAGE][PASSED] - Object: 'Object Repository/Home/HDR_SERVICE_TYPE' is clicked on

2018-11-27 11:40:30 - [TEST_STEP][PASSED] - delay: Delayed 1 second(s)

2018-11-27 11:40:31 - [MESSAGE][PASSED] - Delayed 1 second(s)

2018-11-27 11:40:31 - [TEST_STEP][PASSED] - click: Object: 'Object Repository/Home/BTN_CLAIM_MV' is clicked on

2018-11-27 11:40:37 - [MESSAGE][PASSED] - Object: 'Object Repository/Home/BTN_CLAIM_MV' is clicked on

2018-11-27 11:40:37 - [TEST_STEP][PASSED] - delay: Delayed 20 second(s)

2018-11-27 11:40:57 - [MESSAGE][PASSED] - Delayed 20 second(s)

2018-11-27 11:40:57 - [MESSAGE][PASSED] - Call Test Case 'Test Cases/Screen/Select Claim MV' successfully

2018-11-27 11:40:57 - [TEST_STEP][PASSED] - callTestCase: Call Test Case 'Test Cases/Screen/Choose Customer' successfully

2018-11-27 11:40:57 - [TEST_CASE][PASSED] - Test Cases/Screen/Choose Customer: Test Cases/Screen/Choose Customer

2018-11-27 11:40:57 - [TEST_STEP][PASSED] - Statement - policyno = com.kms.katalon.core.testdata.TestDataFactory.findTestData(Policy).getValue(1, 1): Reading database data with query 'SELECT top 1 LTRIM(RTRIM(Policy_No)) AS policyno 
FROM aab.dbo.policy 
WHERE GETDATE() BETWEEN Period_From AND Period_To 
AND Policy_No LIKE '17000%' 
ORDER BY Effective_Date desc'

2018-11-27 11:40:57 - [TEST_STEP][PASSED] - delay: Delayed 1 second(s)

2018-11-27 11:40:58 - [MESSAGE][PASSED] - Delayed 1 second(s)

2018-11-27 11:40:58 - [TEST_STEP][PASSED] - click: Object: 'Object Repository/Claim MV/Choose Customer/EXP_SEARCH_BY_PARAMETER' is clicked on

2018-11-27 11:40:59 - [MESSAGE][PASSED] - Object: 'Object Repository/Claim MV/Choose Customer/EXP_SEARCH_BY_PARAMETER' is clicked on

2018-11-27 11:40:59 - [TEST_STEP][PASSED] - delay: Delayed 1 second(s)

2018-11-27 11:41:00 - [MESSAGE][PASSED] - Delayed 1 second(s)

2018-11-27 11:41:00 - [TEST_STEP][PASSED] - click: Object: 'Object Repository/Claim MV/Choose Customer/LST_SEARCH_BY_PARAMETER' is clicked on

2018-11-27 11:41:00 - [MESSAGE][PASSED] - Object: 'Object Repository/Claim MV/Choose Customer/LST_SEARCH_BY_PARAMETER' is clicked on

2018-11-27 11:41:00 - [TEST_STEP][PASSED] - delay: Delayed 1 second(s)

2018-11-27 11:41:01 - [MESSAGE][PASSED] - Delayed 1 second(s)

2018-11-27 11:41:01 - [TEST_STEP][PASSED] - setText: Text '1700010726' is set on object 'Object Repository/Claim MV/Choose Customer/TXT_SEARCH_BY_INPUT'

2018-11-27 11:41:01 - [MESSAGE][PASSED] - Text '1700010726' is set on object 'Object Repository/Claim MV/Choose Customer/TXT_SEARCH_BY_INPUT'

2018-11-27 11:41:01 - [TEST_STEP][PASSED] - delay: Delayed 1 second(s)

2018-11-27 11:41:02 - [MESSAGE][PASSED] - Delayed 1 second(s)

2018-11-27 11:41:02 - [TEST_STEP][PASSED] - click: Object: 'Object Repository/Claim MV/Choose Customer/BTN_SEARCH' is clicked on

2018-11-27 11:41:02 - [MESSAGE][PASSED] - Object: 'Object Repository/Claim MV/Choose Customer/BTN_SEARCH' is clicked on

2018-11-27 11:41:02 - [TEST_STEP][PASSED] - delay: Delayed 15 second(s)

2018-11-27 11:41:17 - [MESSAGE][PASSED] - Delayed 15 second(s)

2018-11-27 11:41:17 - [TEST_STEP][PASSED] - click: Object: 'Object Repository/Claim MV/Choose Customer/LST_POLICY_NUMBER' is clicked on

2018-11-27 11:41:17 - [MESSAGE][PASSED] - Object: 'Object Repository/Claim MV/Choose Customer/LST_POLICY_NUMBER' is clicked on

[...]
	at com.kms.katalon.core.keyword.builtin.CallTestCaseKeyword.execute(CallTestCaseKeyword.groovy:45)
	at com.kms.katalon.core.keyword.internal.KeywordExecutor.executeKeywordForPlatform(KeywordExecutor.groovy:53)
	at com.kms.katalon.core.keyword.BuiltinKeywords.callTestCase(BuiltinKeywords.groovy:334)
	at sun.reflect.NativeMethodAccessorImpl.invoke0(Native Method)
	at sun.reflect.NativeMethodAccessorImpl.invoke(NativeMethodAccessorImpl.java:62)
	at sun.reflect.DelegatingMethodAccessorImpl.invoke(DelegatingMethodAccessorImpl.java:43)
	at java.lang.reflect.Method.invoke(Method.java:498)
	at org.codehaus.groovy.reflection.CachedMethod.invoke(CachedMethod.java:93)
	at groovy.lang.MetaMethod.doMethodInvoke(MetaMethod.java:325)
	at groovy.lang.MetaClassImpl.invokeStaticMethod(MetaClassImpl.java:1469)
	at org.codehaus.groovy.runtime.callsite.StaticMetaClassSite.call(StaticMetaClassSite.java:53)
	at org.codehaus.groovy.runtime.callsite.CallSiteArray.defaultCall(CallSiteArray.java:48)
	at org.codehaus.groovy.runtime.callsite.AbstractCallSite.call(AbstractCallSite.java:113)
	at org.codehaus.groovy.runtime.callsite.AbstractCallSite.call(AbstractCallSite.java:141)
	at Script1543232585374.run(Script1543232585374.groovy:26)
	at com.kms.katalon.core.main.ScriptEngine.run(ScriptEngine.java:183)
	at com.kms.katalon.core.main.ScriptEngine.runScriptAsRawText(ScriptEngine.java:108)
	at com.kms.katalon.core.main.TestCaseExecutor.runScript(TestCaseExecutor.java:294)
	at com.kms.katalon.core.main.TestCaseExecutor.doExecute(TestCaseExecutor.java:285)
	at com.kms.katalon.core.main.TestCaseExecutor.processExecutionPhase(TestCaseExecutor.java:264)
	at com.kms.katalon.core.main.TestCaseExecutor.accessMainPhase(TestCaseExecutor.java:256)
	at com.kms.katalon.core.main.TestCaseExecutor.execute(TestCaseExecutor.java:200)
	at com.kms.katalon.core.main.TestSuiteExecutor.accessTestCaseMainPhase(TestSuiteExecutor.java:129)
	at com.kms.katalon.core.main.TestSuiteExecutor.accessTestSuiteMainPhase(TestSuiteExecutor.java:112)
	at com.kms.katalon.core.main.TestSuiteExecutor.execute(TestSuiteExecutor.java:81)
	at com.kms.katalon.core.main.TestCaseMain.startTestSuite(TestCaseMain.java:142)
	at com.kms.katalon.core.main.TestCaseMain$startTestSuite$0.call(Unknown Source)
	at org.codehaus.groovy.runtime.callsite.CallSiteArray.defaultCall(CallSiteArray.java:48)
	at org.codehaus.groovy.runtime.callsite.AbstractCallSite.call(AbstractCallSite.java:113)
	at org.codehaus.groovy.runtime.callsite.AbstractCallSite.call(AbstractCallSite.java:141)
	at TempTestSuite1543293284584.run(TempTestSuite1543293284584.groovy:36)
	at groovy.lang.GroovyShell.runScriptOrMainOrTestOrRunnable(GroovyShell.java:263)
	at groovy.lang.GroovyShell.run(GroovyShell.java:518)
	at groovy.lang.GroovyShell.run(GroovyShell.java:507)
	at groovy.ui.GroovyMain.processOnce(GroovyMain.java:653)
	at groovy.ui.GroovyMain.run(GroovyMain.java:384)
	at groovy.ui.GroovyMain.process(GroovyMain.java:370)
	at groovy.ui.GroovyMain.processArgs(GroovyMain.java:129)
	at groovy.ui.GroovyMain.main(GroovyMain.java:109)
	at sun.reflect.NativeMethodAccessorImpl.invoke0(Native Method)
	at sun.reflect.NativeMethodAccessorImpl.invoke(NativeMethodAccessorImpl.java:62)
	at sun.reflect.DelegatingMethodAccessorImpl.invoke(DelegatingMethodAccessorImpl.java:43)
	at java.lang.reflect.Method.invoke(Method.java:498)
	at org.codehaus.groovy.tools.GroovyStarter.rootLoader(GroovyStarter.java:109)
	at org.codehaus.groovy.tools.GroovyStarter.main(GroovyStarter.java:131)
)]]></system-err>
      </testcase>
      <system-out><![CDATA[2018-11-27 11:34:47 - [TEST_SUITE][FAILED] - Run All Claim MV: Test Cases/Scenario/Claim MV - In RO FAILED because (of) (Stack trace: com.kms.katalon.core.exception.StepFailedException: Unable to click on object 'Object Repository/Claim MV/Choose Customer/LST_POLICY_NUMBER' (Root cause: org.openqa.selenium.WebDriverException: unknown error: Element <tr data-bind="style: {height: $parent.rowHeight}, css: {active: $parent.isActive($index())}, singleOrDoubleClick: { delay: 500, click: function(data, event) { $parent.onClick(data, event, $index()) }, dblclick: function(data, event) { $parent.onDoubleClick(data, event, $index()) } }" class="" style="height: 26px;">...</tr> is not clickable at point (508, 250). Other element would receive the click: <div id="D_a2is_Blocker_Box" style="z-index: 99999999; background-color: transparent; top: 0px; left: 0px; width: 100%; height: 100%; padding: 15px; position: fixed; opacity: 0.893144;">...</div>
  (Session info: chrome=70.0.3538.102)
  (Driver info: chromedriver=2.43.600210 (68dcf5eebde37173d4027fa8635e332711d2874a),platform=Windows NT 10.0.16299 x86_64) (WARNING: The server did not provide any stacktrace information)
Command duration or timeout: 0 milliseconds
Build info: version: '3.7.1', revision: '8a0099a', time: '2017-11-06T21:07:36.161Z'
System info: host: 'SMHONB17D34BTE', ip: '10.242.10.118', os.name: 'Windows 10', os.arch: 'amd64', os.version: '10.0', java.version: '1.8.0_181'
Driver info: com.kms.katalon.selenium.driver.CChromeDriver
Capabilities {acceptInsecureCerts: false, acceptSslCerts: false, applicationCacheEnabled: false, browserConnectionEnabled: false, browserName: chrome, chrome: {chromedriverVersion: 2.43.600210 (68dcf5eebde371..., userDataDir: C:\Users\bte\AppData\Local\...}, cssSelectorsEnabled: true, databaseEnabled: false, goog:chromeOptions: {debuggerAddress: localhost:65318}, handlesAlerts: true, hasTouchScreen: false, javascriptEnabled: true, locationContextEnabled: true, mobileEmulationEnabled: false, nativeEvents: true, networkConnectionEnabled: false, pageLoadStrategy: normal, platform: XP, platformName: XP, rotatable: false, setWindowRect: true, takesHeapSnapshot: true, takesScreenshot: true, unexpectedAlertBehaviour: , unhandledPromptBehavior: , version: 70.0.3538.102, webStorageEnabled: true}
Session ID: d4005320b2fc5c81ee71c15279911724)
	at com.kms.katalon.core.keyword.internal.KeywordMain.stepFailed(KeywordMain.groovy:36)
	at com.kms.katalon.core.webui.keyword.internal.WebUIKeywordMain.stepFailed(WebUIKeywordMain.groovy:65)
	at com.kms.katalon.core.webui.keyword.internal.WebUIKeywordMain.runKeyword(WebUIKeywordMain.groovy:27)
	at com.kms.katalon.core.webui.keyword.builtin.ClickKeyword.click(ClickKeyword.groovy:86)
	at com.kms.katalon.core.webui.keyword.builtin.ClickKeyword.execute(ClickKeyword.groovy:67)
	at com.kms.katalon.core.keyword.internal.KeywordExecutor.executeKeywordForPlatform(KeywordExecutor.groovy:53)
	at com.kms.katalon.core.webui.keyword.WebUiBuiltInKeywords.click(WebUiBuiltInKeywords.groovy:616)
	at com.kms.katalon.core.webui.keyword.WebUiBuiltInKeywords$click$2.call(Unknown Source)
	at org.codehaus.groovy.runtime.callsite.CallSiteArray.defaultCall(CallSiteArray.java:48)
	at org.codehaus.groovy.runtime.callsite.AbstractCallSite.call(AbstractCallSite.java:113)
	at org.codehaus.groovy.runtime.callsite.AbstractCallSite.call(AbstractCallSite.java:125)
	at Script1542944425795.run(Script1542944425795.groovy:36)
	at com.kms.katalon.core.main.ScriptEngine.run(ScriptEngine.java:183)
	at com.kms.katalon.core.main.ScriptEngine.runScriptAsRawText(ScriptEngine.java:108)
	at com.kms.katalon.core.main.TestCaseExecutor.runScript(TestCaseExecutor.java:294)
	at com.kms.katalon.core.main.TestCaseExecutor.doExecute(TestCaseExecutor.java:285)
	at com.kms.katalon.core.main.TestCaseExecutor.processExecutionPhase(TestCaseExecutor.java:264)
	at com.kms.katalon.core.main.TestCaseExecutor.accessMainPhase(TestCaseExecutor.java:256)
	at com.kms.katalon.core.main.TestCaseExecutor.execute(TestCaseExecutor.java:200)
	at com.kms.katalon.core.main.TestCaseMain.runTestCase(TestCaseMain.java:99)
	at com.kms.katalon.core.keyword.builtin.CallTestCaseKeyword$_callTestCase_closure1.doCall(CallTestCaseKeyword.groovy:60)
	at com.kms.katalon.core.keyword.builtin.CallTestCaseKeyword$_callTestCase_closure1.call(CallTestCaseKeyword.groovy)
	at com.kms.katalon.core.keyword.internal.KeywordMain.runKeyword(KeywordMain.groovy:54)
	at com.kms.katalon.core.keyword.builtin.CallTestCaseKeyword.callTestCase(CallTestCaseKeyword.groovy:81)
	at com.kms.katalon.core.keyword.builtin.CallTestCaseKeyword.execute(CallTestCaseKeyword.groovy:45)
	at com.kms.katalon.core.keyword.internal.KeywordExecutor.executeKeywordForPlatform(KeywordExecutor.groovy:53)
	at com.kms.katalon.core.keyword.BuiltinKeywords.callTestCase(BuiltinKeywords.groovy:334)
	at sun.reflect.NativeMethodAccessorImpl.invoke0(Native Method)
	at sun.reflect.NativeMethodAccessorImpl.invoke(NativeMethodAccessorImpl.java:62)
	at sun.reflect.DelegatingMethodAccessorImpl.invoke(DelegatingMethodAccessorImpl.java:43)
	at java.lang.reflect.Method.invoke(Method.java:498)
	at org.codehaus.groovy.reflection.CachedMethod.invoke(CachedMethod.java:93)
	at groovy.lang.MetaMethod.doMethodInvoke(MetaMethod.java:325)
	at groovy.lang.MetaClassImpl.invokeStaticMethod(MetaClassImpl.java:1469)
	at org.codehaus.groovy.runtime.callsite.StaticMetaClassSite.call(StaticMetaClassSite.java:53)
	at org.codehaus.groovy.runtime.callsite.CallSiteArray.defaultCall(CallSiteArray.java:48)
	at org.codehaus.groovy.runtime.callsite.AbstractCallSite.call(AbstractCallSite.java:113)
	at org.codehaus.groovy.runtime.callsite.AbstractCallSite.call(AbstractCallSite.java:141)
	at Script1543289523870.run(Script1543289523870.groovy:24)
	at com.kms.katalon.core.main.ScriptEngine.run(ScriptEngine.java:183)
	at com.kms.katalon.core.main.ScriptEngine.runScriptAsRawText(ScriptEngine.java:108)
	at com.kms.katalon.core.main.TestCaseExecutor.runScript(TestCaseExecutor.java:294)
	at com.kms.katalon.core.main.TestCaseExecutor.doExecute(TestCaseExecutor.java:285)
	at com.kms.katalon.core.main.TestCaseExecutor.processExecutionPhase(TestCaseExecutor.java:264)
	at com.kms.katalon.core.main.TestCaseExecutor.accessMainPhase(TestCaseExecutor.java:256)
	at com.kms.katalon.core.main.TestCaseExecutor.execute(TestCaseExecutor.java:200)
	at com.kms.katalon.core.main.TestSuiteExecutor.accessTestCaseMainPhase(TestSuiteExecutor.java:129)
	at com.kms.katalon.core.main.TestSuiteExecutor.accessTestSuiteMainPhase(TestSuiteExecutor.java:112)
	at com.kms.katalon.core.main.TestSuiteExecutor.execute(TestSuiteExecutor.java:81)
	at com.kms.katalon.core.main.TestCaseMain.startTestSuite(TestCaseMain.java:142)
	at com.kms.katalon.core.main.TestCaseMain$startTestSuite$0.call(Unknown Source)
	at org.codehaus.groovy.runtime.callsite.CallSiteArray.defaultCall(CallSiteArray.java:48)
	at org.codehaus.groovy.runtime.callsite.AbstractCallSite.call(AbstractCallSite.java:113)
	at org.codehaus.groovy.runtime.callsite.AbstractCallSite.call(AbstractCallSite.java:141)
	at TempTestSuite1543293284584.run(TempTestSuite1543293284584.groovy:36)
	at groovy.lang.GroovyShell.runScriptOrMainOrTestOrRunnable(GroovyShell.java:263)
	at groovy.lang.GroovyShell.run(GroovyShell.java:518)
	at groovy.lang.GroovyShell.run(GroovyShell.java:507)
	at groovy.ui.GroovyMain.processOnce(GroovyMain.java:653)
	at groovy.ui.GroovyMain.run(GroovyMain.java:384)
	at groovy.ui.GroovyMain.process(GroovyMain.java:370)
	at groovy.ui.GroovyMain.processArgs(GroovyMain.java:129)
	at groovy.ui.GroovyMain.main(GroovyMain.java:109)
	at sun.reflect.NativeMethodAccessorImpl.invoke0(Native Method)
	at sun.reflect.NativeMethodAccessorImpl.invoke(NativeMethodAccessorImpl.java:62)
	at sun.reflect.DelegatingMethodAccessorImpl.invoke(DelegatingMethodAccessorImpl.java:43)
	at java.lang.reflect.Method.invoke(Method.java:498)
	at org.codehaus.groovy.tools.GroovyStarter.rootLoader(GroovyStarter.java:109)
	at org.codehaus.groovy.tools.GroovyStarter.main(GroovyStarter.java:131)
)]]></system-out>
      <system-err><![CDATA[2018-11-27 11:34:47 - [TEST_SUITE][FAILED] - Run All Claim MV: Test Cases/Scenario/Claim MV - In RO FAILED because (of) (Stack trace: com.kms.katalon.core.exception.StepFailedException: Unable to click on object 'Object Repository/Claim MV/Choose Customer/LST_POLICY_NUMBER' (Root cause: org.openqa.selenium.WebDriverException: unknown error: Element <tr data-bind="style: {height: $parent.rowHeight}, css: {active: $parent.isActive($index())}, singleOrDoubleClick: { delay: 500, click: function(data, event) { $parent.onClick(data, event, $index()) }, dblclick: function(data, event) { $parent.onDoubleClick(data, event, $index()) } }" class="" style="height: 26px;">...</tr> is not clickable at point (508, 250). Other element would receive the click: <div id="D_a2is_Blocker_Box" style="z-index: 99999999; background-color: transparent; top: 0px; left: 0px; width: 100%; height: 100%; padding: 15px; position: fixed; opacity: 0.893144;">...</div>
  (Session info: chrome=70.0.3538.102)
  (Driver info: chromedriver=2.43.600210 (68dcf5eebde37173d4027fa8635e332711d2874a),platform=Windows NT 10.0.16299 x86_64) (WARNING: The server did not provide any stacktrace information)
Command duration or timeout: 0 milliseconds
Build info: version: '3.7.1', revision: '8a0099a', time: '2017-11-06T21:07:36.161Z'
System info: host: 'SMHONB17D34BTE', ip: '10.242.10.118', os.name: 'Windows 10', os.arch: 'amd64', os.version: '10.0', java.version: '1.8.0_181'
Driver info: com.kms.katalon.selenium.driver.CChromeDriver
Capabilities {acceptInsecureCerts: false, acceptSslCerts: false, applicationCacheEnabled: false, browserConnectionEnabled: false, browserName: chrome, chrome: {chromedriverVersion: 2.43.600210 (68dcf5eebde371..., userDataDir: C:\Users\bte\AppData\Local\...}, cssSelectorsEnabled: true, databaseEnabled: false, goog:chromeOptions: {debuggerAddress: localhost:65318}, handlesAlerts: true, hasTouchScreen: false, javascriptEnabled: true, locationContextEnabled: true, mobileEmulationEnabled: false, nativeEvents: true, networkConnectionEnabled: false, pageLoadStrategy: normal, platform: XP, platformName: XP, rotatable: false, setWindowRect: true, takesHeapSnapshot: true, takesScreenshot: true, unexpectedAlertBehaviour: , unhandledPromptBehavior: , version: 70.0.3538.102, webStorageEnabled: true}
Session ID: d4005320b2fc5c81ee71c15279911724)
	at com.kms.katalon.core.keyword.internal.KeywordMain.stepFailed(KeywordMain.groovy:36)
	at com.kms.katalon.core.webui.keyword.internal.WebUIKeywordMain.stepFailed(WebUIKeywordMain.groovy:65)
	at com.kms.katalon.core.webui.keyword.internal.WebUIKeywordMain.runKeyword(WebUIKeywordMain.groovy:27)
	at com.kms.katalon.core.webui.keyword.builtin.ClickKeyword.click(ClickKeyword.groovy:86)
	at com.kms.katalon.core.webui.keyword.builtin.ClickKeyword.execute(ClickKeyword.groovy:67)
	at com.kms.katalon.core.keyword.internal.KeywordExecutor.executeKeywordForPlatform(KeywordExecutor.groovy:53)
	at com.kms.katalon.core.webui.keyword.WebUiBuiltInKeywords.click(WebUiBuiltInKeywords.groovy:616)
	at com.kms.katalon.core.webui.keyword.WebUiBuiltInKeywords$click$2.call(Unknown Source)
	at org.codehaus.groovy.runtime.callsite.CallSiteArray.defaultCall(CallSiteArray.java:48)
	at org.codehaus.groovy.runtime.callsite.AbstractCallSite.call(AbstractCallSite.java:113)
	at org.codehaus.groovy.runtime.callsite.AbstractCallSite.call(AbstractCallSite.java:125)
	at Script1542944425795.run(Script1542944425795.groovy:36)
	at com.kms.katalon.core.main.ScriptEngine.run(ScriptEngine.java:183)
	at com.kms.katalon.core.main.ScriptEngine.runScriptAsRawText(ScriptEngine.java:108)
	at com.kms.katalon.core.main.TestCaseExecutor.runScript(TestCaseExecutor.java:294)
	at com.kms.katalon.core.main.TestCaseExecutor.doExecute(TestCaseExecutor.java:285)
	at com.kms.katalon.core.main.TestCaseExecutor.processExecutionPhase(TestCaseExecutor.java:264)
	at com.kms.katalon.core.main.TestCaseExecutor.accessMainPhase(TestCaseExecutor.java:256)
	at com.kms.katalon.core.main.TestCaseExecutor.execute(TestCaseExecutor.java:200)
	at com.kms.katalon.core.main.TestCaseMain.runTestCase(TestCaseMain.java:99)
	at com.kms.katalon.core.keyword.builtin.CallTestCaseKeyword$_callTestCase_closure1.doCall(CallTestCaseKeyword.groovy:60)
	at com.kms.katalon.core.keyword.builtin.CallTestCaseKeyword$_callTestCase_closure1.call(CallTestCaseKeyword.groovy)
	at com.kms.katalon.core.keyword.internal.KeywordMain.runKeyword(KeywordMain.groovy:54)
	at com.kms.katalon.core.keyword.builtin.CallTestCaseKeyword.callTestCase(CallTestCaseKeyword.groovy:81)
	at com.kms.katalon.core.keyword.builtin.CallTestCaseKeyword.execute(CallTestCaseKeyword.groovy:45)
	at com.kms.katalon.core.keyword.internal.KeywordExecutor.executeKeywordForPlatform(KeywordExecutor.groovy:53)
	at com.kms.katalon.core.keyword.BuiltinKeywords.callTestCase(BuiltinKeywords.groovy:334)
	at sun.reflect.NativeMethodAccessorImpl.invoke0(Native Method)
	at sun.reflect.NativeMethodAccessorImpl.invoke(NativeMethodAccessorImpl.java:62)
	at sun.reflect.DelegatingMethodAccessorImpl.invoke(DelegatingMethodAccessorImpl.java:43)
	at java.lang.reflect.Method.invoke(Method.java:498)
	at org.codehaus.groovy.reflection.CachedMethod.invoke(CachedMethod.java:93)
	at groovy.lang.MetaMethod.doMethodInvoke(MetaMethod.java:325)
	at groovy.lang.MetaClassImpl.invokeStaticMethod(MetaClassImpl.java:1469)
	at org.codehaus.groovy.runtime.callsite.StaticMetaClassSite.call(StaticMetaClassSite.java:53)
	at org.codehaus.groovy.runtime.callsite.CallSiteArray.defaultCall(CallSiteArray.java:48)
	at org.codehaus.groovy.runtime.callsite.AbstractCallSite.call(AbstractCallSite.java:113)
	at org.codehaus.groovy.runtime.callsite.AbstractCallSite.call(AbstractCallSite.java:141)
	at Script1543289523870.run(Script1543289523870.groovy:24)
	at com.kms.katalon.core.main.ScriptEngine.run(ScriptEngine.java:183)
	at com.kms.katalon.core.main.ScriptEngine.runScriptAsRawText(ScriptEngine.java:108)
	at com.kms.katalon.core.main.TestCaseExecutor.runScript(TestCaseExecutor.java:294)
	at com.kms.katalon.core.main.TestCaseExecutor.doExecute(TestCaseExecutor.java:285)
	at com.kms.katalon.core.main.TestCaseExecutor.processExecutionPhase(TestCaseExecutor.java:264)
	at com.kms.katalon.core.main.TestCaseExecutor.accessMainPhase(TestCaseExecutor.java:256)
	at com.kms.katalon.core.main.TestCaseExecutor.execute(TestCaseExecutor.java:200)
	at com.kms.katalon.core.main.TestSuiteExecutor.accessTestCaseMainPhase(TestSuiteExecutor.java:129)
	at com.kms.katalon.core.main.TestSuiteExecutor.accessTestSuiteMainPhase(TestSuiteExecutor.java:112)
	at com.kms.katalon.core.main.TestSuiteExecutor.execute(TestSuiteExecutor.java:81)
	at com.kms.katalon.core.main.TestCaseMain.startTestSuite(TestCaseMain.java:142)
	at com.kms.katalon.core.main.TestCaseMain$startTestSuite$0.call(Unknown Source)
	at org.codehaus.groovy.runtime.callsite.CallSiteArray.defaultCall(CallSiteArray.java:48)
	at org.codehaus.groovy.runtime.callsite.AbstractCallSite.call(AbstractCallSite.java:113)
	at org.codehaus.groovy.runtime.callsite.AbstractCallSite.call(AbstractCallSite.java:141)
	at TempTestSuite1543293284584.run(TempTestSuite1543293284584.groovy:36)
	at groovy.lang.GroovyShell.runScriptOrMainOrTestOrRunnable(GroovyShell.java:263)
	at groovy.lang.GroovyShell.run(GroovyShell.java:518)
	at groovy.lang.GroovyShell.run(GroovyShell.java:507)
	at groovy.ui.GroovyMain.processOnce(GroovyMain.java:653)
	at groovy.ui.GroovyMain.run(GroovyMain.java:384)
	at groovy.ui.GroovyMain.process(GroovyMain.java:370)
	at groovy.ui.GroovyMain.processArgs(GroovyMain.java:129)
	at groovy.ui.GroovyMain.main(GroovyMain.java:109)
	at sun.reflect.NativeMethodAccessorImpl.invoke0(Native Method)
	at sun.reflect.NativeMethodAccessorImpl.invoke(NativeMethodAccessorImpl.java:62)
	at sun.reflect.DelegatingMethodAccessorImpl.invoke(DelegatingMethodAccessorImpl.java:43)
	at java.lang.reflect.Method.invoke(Method.java:498)
	at org.codehaus.groovy.tools.GroovyStarter.rootLoader(GroovyStarter.java:109)
	at org.codehaus.groovy.tools.GroovyStarter.main(GroovyStarter.java:131)
)]]></system-err>
   </testsuite>
</testsuites>
