<?xml version="1.0" encoding="UTF-8"?>
<testsuites name="Run All Claim MV" time="3674" tests="5" failures="0" errors="1">
   <testsuite name="Run All Claim MV" tests="5" failures="0" errors="1" time="3674" timestamp="2018-11-27 15:03:39" hostname="BTE - SMHONB17D34BTE.aab.asuransi.astra.co.id" id="Test Suites/Run All Claim MV">
      <properties>
         <property name="deviceName" value=""/>
         <property name="devicePlatform" value=""/>
         <property name="logFolder" value="D:\\BTE\\Katalon Studio\\Garda Akses\\Reports\\Run All Claim MV\\20181127_150335"/>
         <property name="logFiles" value="D:\\BTE\\Katalon Studio\\Garda Akses\\Reports\\Run All Claim MV\\20181127_150335\\execution0.log"/>
         <property name="attachments" value=""/>
         <property name="hostName" value="BTE - SMHONB17D34BTE.aab.asuransi.astra.co.id"/>
         <property name="os" value="Windows 10 64bit"/>
         <property name="katalonVersion" value="5.8.6.1"/>
         <property name="browser" value="Chrome 70.0.3538.102"/>
         <property name="dbServerInfo" value="Microsoft SQL Server 11.00.5058"/>
         <property name="hostAddress" value="10.242.10.118"/>
         <property name="sessionId" value="09c9c2c47a195210a230aed3e4e75c70"/>
         <property name="seleniumVersion" value="3.7.1"/>
         <property name="proxyInformation" value="ProxyInformation{proxyOption=NO_PROXY, proxyServerType=HTTP, password=, proxyServerAddress=, proxyServerPort=0}"/>
         <property name="platform" value="Windows 10"/>
      </properties>
      <testcase name="Test Cases/Scenario/Claim MV - In Branch" classname="Test Cases/Scenario/Claim MV - In Branch" status="PASSED">
         <system-out><![CDATA[2018-11-27 15:03:40 - [TEST_CASE][PASSED] - Test Cases/Scenario/Claim MV - In Branch: Test Cases/Scenario/Claim MV - In Branch

2018-11-27 15:03:41 - [TEST_STEP][PASSED] - callTestCase: Call Test Case 'Test Cases/Screen/Login' successfully

2018-11-27 15:03:41 - [TEST_CASE][PASSED] - Test Cases/Screen/Login: Test Cases/Screen/Login

2018-11-27 15:03:42 - [TEST_STEP][PASSED] - openBrowser: Browser is opened with url: ''

2018-11-27 15:03:47 - [MESSAGE][PASSED] - Browser is opened with url: ''

2018-11-27 15:03:47 - [TEST_STEP][PASSED] - navigateToUrl: Navigate to 'https://gardaakses-qc.asuransiastra.com/gardaakses' successfully

2018-11-27 15:03:53 - [MESSAGE][PASSED] - Navigate to 'https://gardaakses-qc.asuransiastra.com/gardaakses' successfully

2018-11-27 15:03:53 - [TEST_STEP][PASSED] - delay: Delayed 1 second(s)

2018-11-27 15:03:54 - [MESSAGE][PASSED] - Delayed 1 second(s)

2018-11-27 15:03:54 - [TEST_STEP][PASSED] - setText: Text 'tdi' is set on object 'Object Repository/Login/TXT_USERID'

2018-11-27 15:03:55 - [MESSAGE][PASSED] - Text 'tdi' is set on object 'Object Repository/Login/TXT_USERID'

2018-11-27 15:03:55 - [TEST_STEP][PASSED] - delay: Delayed 1 second(s)

2018-11-27 15:03:56 - [MESSAGE][PASSED] - Delayed 1 second(s)

2018-11-27 15:03:56 - [TEST_STEP][PASSED] - setText: Text 'P@ssw0rd' is set on object 'Object Repository/Login/TXT_PASSWORD'

2018-11-27 15:03:57 - [MESSAGE][PASSED] - Text 'P@ssw0rd' is set on object 'Object Repository/Login/TXT_PASSWORD'

2018-11-27 15:03:57 - [TEST_STEP][PASSED] - delay: Delayed 1 second(s)

2018-11-27 15:03:58 - [MESSAGE][PASSED] - Delayed 1 second(s)

2018-11-27 15:03:58 - [TEST_STEP][PASSED] - click: Object: 'Object Repository/Login/BTN_MASUK' is clicked on

2018-11-27 15:03:58 - [MESSAGE][PASSED] - Object: 'Object Repository/Login/BTN_MASUK' is clicked on

2018-11-27 15:03:58 - [TEST_STEP][PASSED] - delay: Delayed 5 second(s)

2018-11-27 15:04:03 - [MESSAGE][PASSED] - Delayed 5 second(s)

2018-11-27 15:04:03 - [MESSAGE][PASSED] - Call Test Case 'Test Cases/Screen/Login' successfully

2018-11-27 15:04:03 - [TEST_STEP][PASSED] - callTestCase: Call Test Case 'Test Cases/Screen/Select Claim MV' successfully

2018-11-27 15:04:03 - [TEST_CASE][PASSED] - Test Cases/Screen/Select Claim MV: Test Cases/Screen/Select Claim MV

2018-11-27 15:04:04 - [TEST_STEP][PASSED] - delay: Delayed 1 second(s)

2018-11-27 15:04:05 - [MESSAGE][PASSED] - Delayed 1 second(s)

2018-11-27 15:04:05 - [TEST_STEP][PASSED] - click: Object: 'Object Repository/Home/HDR_SERVICE_TYPE' is clicked on

2018-11-27 15:04:07 - [MESSAGE][PASSED] - Object: 'Object Repository/Home/HDR_SERVICE_TYPE' is clicked on

2018-11-27 15:04:07 - [TEST_STEP][PASSED] - delay: Delayed 1 second(s)

2018-11-27 15:04:08 - [MESSAGE][PASSED] - Delayed 1 second(s)

2018-11-27 15:04:08 - [TEST_STEP][PASSED] - click: Object: 'Object Repository/Home/BTN_CLAIM_MV' is clicked on

2018-11-27 15:04:25 - [MESSAGE][PASSED] - Object: 'Object Repository/Home/BTN_CLAIM_MV' is clicked on

2018-11-27 15:04:26 - [TEST_STEP][PASSED] - delay: Delayed 20 second(s)

2018-11-27 15:04:46 - [MESSAGE][PASSED] - Delayed 20 second(s)

2018-11-27 15:04:46 - [MESSAGE][PASSED] - Call Test Case 'Test Cases/Screen/Select Claim MV' successfully

2018-11-27 15:04:46 - [TEST_STEP][PASSED] - callTestCase: Call Test Case 'Test Cases/Screen/Create Ticket' successfully

2018-11-27 15:04:46 - [TEST_CASE][PASSED] - Test Cases/Screen/Create Ticket: Test Cases/Screen/Create Ticket

2018-11-27 15:04:46 - [TEST_STEP][PASSED] - delay: Delayed 3 second(s)

2018-11-27 15:04:49 - [MESSAGE][PASSED] - Delayed 3 second(s)

2018-11-27 15:04:49 - [TEST_STEP][PASSED] - setText: Text 'BTE' is set on object 'Object Repository/Claim MV/Create Ticket/TXT_CALLER_NAME'

2018-11-27 15:04:49 - [MESSAGE][PASSED] - Text 'BTE' is set on object 'Object Repository/Claim MV/Create Ticket/TXT_CALLER_NAME'

2018-11-27 15:04:49 - [TEST_STEP][PASSED] - delay: Delayed 1 second(s)

2018-11-27 15:04:50 - [MESSAGE][PASSED] - Delayed 1 second(s)

2018-11-27 15:04:50 - [TEST_STEP][PASSED] - click: Object: 'Object Repository/Claim MV/Create Ticket/RDB_MALE' is clicked on

2018-11-27 15:04:51 - [MESSAGE][PASSED] - Object: 'Object Repository/Claim MV/Create Ticket/RDB_MALE' is clicked on

2018-11-27 15:04:51 - [TEST_STEP][PASSED] - delay: Delayed 1 second(s)

2018-11-27 15:04:52 - [MESSAGE][PASSED] - Delayed 1 second(s)

2018-11-27 15:04:52 - [TEST_STEP][PASSED] - setText: Text 'bte@mailinator.com' is set on object 'Object Repository/Claim MV/Create Ticket/TXT_EMAIL'

2018-11-27 15:04:52 - [MESSAGE][PASSED] - Text 'bte@mailinator.com' is set on object 'Object Repository/Claim MV/Create Ticket/TXT_EMAIL'

2018-11-27 15:04:52 - [TEST_STEP][PASSED] - delay: Delayed 1 second(s)

2018-11-27 15:04:53 - [MESSAGE][PASSED] - Delayed 1 second(s)

2018-11-27 15:04:53 - [TEST_STEP][PASSED] - click: Object: 'Object Repository/Claim MV/Create Ticket/EXP_RELATIONSHIP' is clicked on

2018-11-27 15:04:54 - [MESSAGE][PASSED] - Object: 'Object Repository/Claim MV/Create Ticket/EXP_RELATIONSHIP' is clicked on

2018-11-27 15:04:54 - [TEST_STEP][PASSED] - delay: Delayed 1 second(s)

2018-11-27 15:04:55 - [MESSAGE][PASSED] - Delayed 1 second(s)

2018-11-27 15:04:55 - [TEST_STEP][PASSED] - click: Object: 'Object Repository/Claim MV/Create Ticket/LST_RELATIONSHIP' is clicked on

2018-11-27 15:04:55 - [MESSAGE][PASSED] - Object: 'Object Repository/Claim MV/Create Ticket/LST_RELATIONSHIP' is clicked on

2018-11-27 15:04:55 - [TEST_STEP][PASSED] - delay: Delayed 1 second(s)

2018-11-27 15:04:56 - [MESSAGE][PASSED] - Delayed 1 second(s)

2018-11-27 15:04:56 - [TEST_STEP][PASSED] - setText: Text '62' is set on object 'Object Repository/Claim MV/Create Ticket/TXT_COUNTRY'

2018-11-27 15:04:56 - [MESSAGE][PASSED] - Text '62' is set on object 'Object Repository/Claim MV/Create Ticket/TXT_COUNTRY'

2018-11-27 15:04:56 - [TEST_STEP][PASSED] - delay: Delayed 1 second(s)

2018-11-27 15:04:57 - [MESSAGE][PASSED] - Delayed 1 second(s)

2018-11-27 15:04:57 - [TEST_STEP][PASSED] - setText: Text '21' is set on object 'Object Repository/Claim MV/Create Ticket/TXT_AREA_CODE'

2018-11-27 15:04:57 - [MESSAGE][PASSED] - Text '21' is set on object 'Object Repository/Claim MV/Create Ticket/TXT_AREA_CODE'

2018-11-27 15:04:57 - [TEST_STEP][PASSED] - delay: Delayed 1 second(s)

2018-11-27 15:04:59 - [MESSAGE][PASSED] - Delayed 1 second(s)

2018-11-27 15:04:59 - [TEST_STEP][PASSED] - setText: Text '232323' is set on object 'Object Repository/Claim MV/Create Ticket/TXT_PHONE_NUMBER'

2018-11-27 15:04:59 - [MESSAGE][PASSED] - Text '232323' is set on object 'Object Repository/Claim MV/Create Ticket/TXT_PHONE_NUMBER'

2018-11-27 15:04:59 - [TEST_STEP][PASSED] - delay: Delayed 1 second(s)

2018-11-27 15:05:00 - [MESSAGE][PASSED] - Delayed 1 second(s)

2018-11-27 15:05:00 - [TEST_STEP][PASSED] - click: Object: 'Object Repository/Claim MV/Create Ticket/BTN_NEXT_1' is clicked on

2018-11-27 15:05:00 - [MESSAGE][PASSED] - Object: 'Object Repository/Claim MV/Create Ticket/BTN_NEXT_1' is clicked on

2018-11-27 15:05:00 - [TEST_STEP][PASSED] - delay: Delayed 12 second(s)

2018-11-27 15:05:12 - [MESSAGE][PASSED] - Delayed 12 second(s)

2018-11-27 15:05:12 - [TEST_STEP][PASSED] - click: Object: 'Object Repository/Claim MV/Create Ticket/LST_CALLER_1' is clicked on

2018-11-27 15:05:12 - [MESSAGE][PASSED] - Object: 'Object Repository/Claim MV/Create Ticket/LST_CALLER_1' is clicked on

2018-11-27 15:05:12 - [TEST_STEP][PASSED] - delay: Delayed 1 second(s)

2018-11-27 15:05:13 - [MESSAGE][PASSED] - Delayed 1 second(s)

2018-11-27 15:05:13 - [TEST_STEP][PASSED] - click: Object: 'Object Repository/Claim MV/Create Ticket/BTN_NEXT_2' is clicked on

2018-11-27 15:05:14 - [MESSAGE][PASSED] - Object: 'Object Repository/Claim MV/Create Ticket/BTN_NEXT_2' is clicked on

2018-11-27 15:05:14 - [TEST_STEP][PASSED] - delay: Delayed 8 second(s)

2018-11-27 15:05:22 - [MESSAGE][PASSED] - Delayed 8 second(s)

2018-11-27 15:05:22 - [TEST_STEP][PASSED] - click: Object: 'Object Repository/Claim MV/Create Ticket/BTN_SAVE' is clicked on

2018-11-27 15:05:22 - [MESSAGE][PASSED] - Object: 'Object Repository/Claim MV/Create Ticket/BTN_SAVE' is clicked on

2018-11-27 15:05:22 - [TEST_STEP][PASSED] - delay: Delayed 3 second(s)

2018-11-27 15:05:25 - [MESSAGE][PASSED] - Delayed 3 second(s)

2018-11-27 15:05:25 - [TEST_STEP][PASSED] - click: Object: 'Object Repository/Claim MV/Create Ticket/BTN_SAVE_YES' is clicked on

2018-11-27 15:05:29 - [MESSAGE][PASSED] - Object: 'Object Repository/Claim MV/Create Ticket/BTN_SAVE_YES' is clicked on

2018-11-27 15:05:29 - [TEST_STEP][PASSED] - delay: Delayed 8 second(s)

2018-11-27 15:05:37 - [MESSAGE][PASSED] - Delayed 8 second(s)

2018-11-27 15:05:37 - [MESSAGE][PASSED] - Call Test Case 'Test Cases/Screen/Create Ticket' successfully

2018-11-27 15:05:37 - [TEST_STEP][PASSED] - callTestCase: Call Test Case 'Test Cases/Screen/Select Claim MV' successfully

2018-11-27 15:05:37 - [TEST_CASE][PASSED] - Test Cases/Screen/Select Claim MV: Test Cases/Screen/Select Claim MV

2018-11-27 15:05:37 - [TEST_STEP][PASSED] - delay: Delayed 1 second(s)

2018-11-27 15:05:38 - [MESSAGE][PASSED] - Delayed 1 second(s)

2018-11-27 15:05:38 - [TEST_STEP][PASSED] - click: Object: 'Object Repository/Home/HDR_SERVICE_TYPE' is clicked on

2018-11-27 15:05:38 - [MESSAGE][PASSED] - Object: 'Object Repository/Home/HDR_SERVICE_TYPE' is clicked on

2018-11-27 15:05:38 - [TEST_STEP][PASSED] - delay: Delayed 1 second(s)

2018-11-27 15:05:39 - [MESSAGE][PASSED] - Delayed 1 second(s)

2018-11-27 15:05:39 - [TEST_STEP][PASSED] - click: Object: 'Object Repository/Home/BTN_CLAIM_MV' is clicked on

2018-11-27 15:05:42 - [MESSAGE][PASSED] - Object: 'Object Repository/Home/BTN_CLAIM_MV' is clicked on

2018-11-27 15:05:42 - [TEST_STEP][PASSED] - delay: Delayed 20 second(s)

2018-11-27 15:06:02 - [MESSAGE][PASSED] - Delayed 20 second(s)

2018-11-27 15:06:02 - [MESSAGE][PASSED] - Call Test Case 'Test Cases/Screen/Select Claim MV' successfully

2018-11-27 15:06:02 - [TEST_STEP][PASSED] - callTestCase: Call Test Case 'Test Cases/Screen/Choose Customer' successfully

2018-11-27 15:06:02 - [TEST_CASE][PASSED] - Test Cases/Screen/Choose Customer: Test Cases/Screen/Choose Customer

2018-11-27 15:06:02 - [TEST_STEP][PASSED] - Statement - policyno = com.kms.katalon.core.testdata.TestDataFactory.findTestData(Policy).getValue(1, 1): Reading database data with query 'SELECT top 1 LTRIM(RTRIM(Policy_No)) AS policyno 
FROM aab.dbo.policy 
WHERE GETDATE() BETWEEN Period_From AND Period_To 
AND Policy_No LIKE '17000%' 
ORDER BY Effective_Date desc'

2018-11-27 15:06:04 - [TEST_STEP][PASSED] - delay: Delayed 1 second(s)

2018-11-27 15:06:05 - [MESSAGE][PASSED] - Delayed 1 second(s)

2018-11-27 15:06:05 - [TEST_STEP][PASSED] - click: Object: 'Object Repository/Claim MV/Choose Customer/EXP_SEARCH_BY_PARAMETER' is clicked on

2018-11-27 15:06:05 - [MESSAGE][PASSED] - Object: 'Object Repository/Claim MV/Choose Customer/EXP_SEARCH_BY_PARAMETER' is clicked on

2018-11-27 15:06:05 - [TEST_STEP][PASSED] - delay: Delayed 1 second(s)

2018-11-27 15:06:06 - [MESSAGE][PASSED] - Delayed 1 second(s)

2018-11-27 15:06:06 - [TEST_STEP][PASSED] - click: Object: 'Object Repository/Claim MV/Choose Customer/LST_SEARCH_BY_PARAMETER' is clicked on

2018-11-27 15:06:06 - [MESSAGE][PASSED] - Object: 'Object Repository/Claim MV/Choose Customer/LST_SEARCH_BY_PARAMETER' is clicked on

2018-11-27 15:06:06 - [TEST_STEP][PASSED] - delay: Delayed 1 second(s)

2018-11-27 15:06:07 - [MESSAGE][PASSED] - Delayed 1 second(s)

2018-11-27 15:06:07 - [TEST_STEP][PASSED] - setText: Text '1700010726' is set on object 'Object Repository/Claim MV/Choose Customer/TXT_SEARCH_BY_INPUT'

2018-11-27 15:06:08 - [MESSAGE][PASSED] - Text '1700010726' is set on object 'Object Repository/Claim MV/Choose Customer/TXT_SEARCH_BY_INPUT'

2018-11-27 15:06:08 - [TEST_STEP][PASSED] - delay: Delayed 1 second(s)

2018-11-27 15:06:09 - [MESSAGE][PASSED] - Delayed 1 second(s)

2018-11-27 15:06:09 - [TEST_STEP][PASSED] - click: Object: 'Object Repository/Claim MV/Choose Customer/BTN_SEARCH' is clicked on

2018-11-27 15:06:09 - [MESSAGE][PASSED] - Object: 'Object Repository/Claim MV/Choose Customer/BTN_SEARCH' is clicked on

2018-11-27 15:06:09 - [TEST_STEP][PASSED] - delay: Delayed 20 second(s)

2018-11-27 15:06:29 - [MESSAGE][PASSED] - Delayed 20 second(s)

2018-11-27 15:06:29 - [TEST_STEP][PASSED] - click: Object: 'Object Repository/Claim MV/Choose Customer/LST_POLICY_NUMBER' is clicked on

2018-11-27 15:06:29 - [MESSAGE][PASSED] - Object: 'Object Repository/Claim MV/Choose Customer/LST_POLICY_NUMBER' is clicked on

2018-11-27 15:06:29 - [TEST_STEP][PASSED] - delay: Delayed 1 second(s)

2018-11-27 15:06:30 - [MESSAGE][PASSED] - Delayed 1 second(s)

2018-11-27 15:06:30 - [TEST_STEP][PASSED] - click: Object: 'Object Repository/Claim MV/Choose Customer/BTN_NEXT' is clicked on

2018-11-27 15:06:31 - [MESSAGE][PASSED] - Object: 'Object Repository/Claim MV/Choose Customer/BTN_NEXT' is clicked on

2018-11-27 15:06:31 - [TEST_STEP][PASSED] - delay: Delayed 10 second(s)

2018-11-27 15:06:41 - [MESSAGE][PASSED] - Delayed 10 second(s)

2018-11-27 15:06:41 - [TEST_STEP][PASSED] - click: Object: 'Object Repository/Claim MV/Choose Customer/BTN_FINISH' is clicked on

2018-11-27 15:06:41 - [MESSAGE][PASSED] - Object: 'Object Repository/Claim MV/Choose Customer/BTN_FINISH' is clicked on

2018-11-27 15:06:41 - [TEST_STEP][PASSED] - delay: Delayed 2 second(s)

2018-11-27 15:06:43 - [MESSAGE][PASSED] - Delayed 2 second(s)

2018-11-27 15:06:43 - [TEST_STEP][PASSED] - click: Object: 'Object Repository/Claim MV/Choose Customer/BTN_YES' is clicked on

2018-11-27 15:06:45 - [MESSAGE][PASSED] - Object: 'Object Repository/Claim MV/Choose Customer/BTN_YES' is clicked on

2018-11-27 15:06:45 - [TEST_STEP][PASSED] - delay: Delayed 7 second(s)

2018-11-27 15:06:52 - [MESSAGE][PASSED] - Delayed 7 second(s)

2018-11-27 15:06:52 - [MESSAGE][PASSED] - Call Test Case 'Test Cases/Screen/Choose Customer' successfully

2018-11-27 15:06:52 - [TEST_STEP][PASSED] - callTestCase: Call Test Case 'Test Cases/Screen/Claim MV' successfully

2018-11-27 15:06:52 - [TEST_CASE][PASSED] - Test Cases/Screen/Claim MV: Test Cases/Screen/Claim MV

2018-11-27 15:06:53 - [TEST_STEP][PASSED] - delay: Delayed 1 second(s)

2018-11-27 15:06:54 - [MESSAGE][PASSED] - Delayed 1 second(s)

2018-11-27 15:06:54 - [TEST_STEP][PASSED] - Statement - surveydate = com.kms.katalon.core.testdata.TestDataFactory.findTestData(Holiday).getValue(1, 1): Reading database data with query 'SELECT 
CASE WHEN (SELECT COUNT(*) AS CheckHoliday FROM ( 
				SELECT CONVERT(VARCHAR,HolidayDate,103) AS HolidayDate FROM aab.dbo.Holiday A 
				WHERE A.ActiveStatusID = 1 
				AND A.RowStatus = 0 
				AND (SELECT CONVERT(VARCHAR,HolidayDate,103)) = (SELECT CONVERT(varchar,GETDATE()+1,103)) 
				AND (SELECT DATEPART(DW,GETDATE()+1)) IN (2,3,4,5,6) 
				) AS HOLIDAY 
			) = 0 
			THEN CONVERT(varchar,GETDATE()+1,103) 
	WHEN (SELECT COUNT(*) AS CheckHoliday FROM ( 
				SELECT CONVERT(VARCHAR,HolidayDate,103) AS HolidayDate FROM aab.dbo.Holiday A 
				WHERE A.ActiveStatusID = 1 
				AND A.RowStatus = 0 
				AND (SELECT CONVERT(VARCHAR,HolidayDate,103)) = (SELECT CONVERT(varchar,GETDATE()+2,103)) 
				AND (SELECT DATEPART(DW,GETDATE()+1)) IN (2,3,4,5,6) 
				) AS HOLIDAY 
			) = 0 
			THEN CONVERT(varchar,GETDATE()+2,103) 
	WHEN (SELECT COUNT(*) AS CheckHoliday FROM ( 
				SELECT CONVERT(VARCHAR,HolidayDate,103) AS HolidayDate FROM aab.dbo.Holiday A 
				WHERE A.ActiveStatusID = 1 
				AND A.RowStatus = 0 
				AND (SELECT CONVERT(VARCHAR,HolidayDate,103)) = (SELECT CONVERT(varchar,GETDATE()+3,103)) 
				AND (SELECT DATEPART(DW,GETDATE()+1)) IN (2,3,4,5,6) 
				) AS HOLIDAY 
			) = 0 
			THEN CONVERT(varchar,GETDATE()+3,103) 
END AS SurveySchedule;'

2018-11-27 15:06:54 - [TEST_STEP][PASSED] - Statement - day = surveydate.split("/")[0]: null

2018-11-27 15:06:54 - [TEST_STEP][PASSED] - click: Object: 'Object Repository/Claim MV/Claim MV/EXP_PRODUCT' is clicked on

2018-11-27 15:06:55 - [MESSAGE][PASSED] - Object: 'Object Repository/Claim MV/Claim MV/EXP_PRODUCT' is clicked on

2018-11-27 15:06:55 - [TEST_STEP][PASSED] - delay: Delayed 3 second(s)

2018-11-27 15:06:58 - [MESSAGE][PASSED] - Delayed 3 second(s)

2018-11-27 15:06:58 - [TEST_STEP][PASSED] - click: Object: 'Object Repository/Claim MV/Claim MV/LST_PRODUCT_GO' is clicked on

2018-11-27 15:06:58 - [MESSAGE][PASSED] - Object: 'Object Repository/Claim MV/Claim MV/LST_PRODUCT_GO' is clicked on

2018-11-27 15:06:58 - [TEST_STEP][PASSED] - delay: Delayed 3 second(s)

2018-11-27 15:07:01 - [MESSAGE][PASSED] - Delayed 3 second(s)

2018-11-27 15:07:01 - [TEST_STEP][PASSED] - click: Object: 'Object Repository/Claim MV/Claim MV/EXP_VEHICLE' is clicked on

2018-11-27 15:07:01 - [MESSAGE][PASSED] - Object: 'Object Repository/Claim MV/Claim MV/EXP_VEHICLE' is clicked on

2018-11-27 15:07:02 - [TEST_STEP][PASSED] - delay: Delayed 3 second(s)

2018-11-27 15:07:05 - [MESSAGE][PASSED] - Delayed 3 second(s)

2018-11-27 15:07:05 - [TEST_STEP][PASSED] - click: Object: 'Object Repository/Claim MV/Claim MV/LST_VEHICLE' is clicked on

2018-11-27 15:07:05 - [MESSAGE][PASSED] - Object: 'Object Repository/Claim MV/Claim MV/LST_VEHICLE' is clicked on

2018-11-27 15:07:05 - [TEST_STEP][PASSED] - delay: Delayed 5 second(s)

2018-11-27 15:07:10 - [MESSAGE][PASSED] - Delayed 5 second(s)

2018-11-27 15:07:10 - [TEST_STEP][PASSED] - Statement - driver = com.kms.katalon.core.webui.keyword.WebUiBuiltInKeywords.getAttribute(com.kms.katalon.core.testobject.ObjectRepository.findTestObject(Object Repository/Claim MV/Claim MV/TXT_DRIVER), "value"): Attribute 'value' of object 'Object Repository/Claim MV/Claim MV/TXT_DRIVER' is: 'NAME ON POLICY TAF0040474'

2018-11-27 15:07:10 - [MESSAGE][PASSED] - Attribute 'value' of object 'Object Repository/Claim MV/Claim MV/TXT_DRIVER' is: 'NAME ON POLICY TAF0040474'

2018-11-27 15:07:10 - [TEST_STEP][PASSED] - delay: Delayed 1 second(s)

2018-11-27 15:07:11 - [MESSAGE][PASSED] - Delayed 1 second(s)

2018-11-27 15:07:11 - [TEST_STEP][PASSED] - click: Object: 'Object Repository/Claim MV/Claim MV/EXP_SURVEY_TYPE' is clicked on

2018-11-27 15:07:11 - [MESSAGE][PASSED] - Object: 'Object Repository/Claim MV/Claim MV/EXP_SURVEY_TYPE' is clicked on

2018-11-27 15:07:11 - [TEST_STEP][PASSED] - delay: Delayed 1 second(s)

2018-11-27 15:07:12 - [MESSAGE][PASSED] - Delayed 1 second(s)

2018-11-27 15:07:12 - [TEST_STEP][PASSED] - click: Object: 'Object Repository/Claim MV/Claim MV/LST_SURVEY_TYPE' is clicked on

2018-11-27 15:07:12 - [MESSAGE][PASSED] - Object: 'Object Repository/Claim MV/Claim MV/LST_SURVEY_TYPE' is clicked on

2018-11-27 15:07:12 - [TEST_STEP][PASSED] - delay: Delayed 3 second(s)

2018-11-27 15:07:15 - [MESSAGE][PASSED] - Delayed 3 second(s)

2018-11-27 15:07:15 - [TEST_STEP][PASSED] - Statement - If (surveytype == "Survey-in"): Delayed 10 second(s)

2018-11-27 15:07:15 - [TEST_STEP][PASSED] - click: Object: 'Object Repository/Claim MV/Claim MV/BTN_SURVEY_IN_LOCATION' is clicked on

2018-11-27 15:07:16 - [MESSAGE][PASSED] - Object: 'Object Repository/Claim MV/Claim MV/BTN_SURVEY_IN_LOCATION' is clicked on

2018-11-27 15:07:16 - [TEST_STEP][PASSED] - delay: Delayed 3 second(s)

2018-11-27 15:07:19 - [MESSAGE][PASSED] - Delayed 3 second(s)

2018-11-27 15:07:19 - [TEST_STEP][PASSED] - click: Object: 'Object Repository/Claim MV/Claim MV/IN Location Detail/EXP_SEARCH_BY' is clicked on

2018-11-27 15:07:19 - [MESSAGE][PASSED] - Object: 'Object Repository/Claim MV/Claim MV/IN Location Detail/EXP_SEARCH_BY' is clicked on

2018-11-27 15:07:19 - [TEST_STEP][PASSED] - delay: Delayed 2 second(s)

2018-11-27 15:07:21 - [MESSAGE][PASSED] - Delayed 2 second(s)

2018-11-27 15:07:21 - [TEST_STEP][PASSED] - click: Object: 'Object Repository/Claim MV/Claim MV/IN Location Detail/LST_SEARCH_BY' is clicked on

2018-11-27 15:07:21 - [MESSAGE][PASSED] - Object: 'Object Repository/Claim MV/Claim MV/IN Location Detail/LST_SEARCH_BY' is clicked on

2018-11-27 15:07:21 - [TEST_STEP][PASSED] - delay: Delayed 1 second(s)

2018-11-27 15:07:22 - [MESSAGE][PASSED] - Delayed 1 second(s)

2018-11-27 15:07:22 - [TEST_STEP][PASSED] - Statement - If (surveylocation.toUpperCase() == "GARDA CENTER"): null

2018-11-27 15:07:22 - [TEST_STEP][PASSED] - Statement - Else If (surveylocation.toUpperCase() == "WORKSHOP"): null

2018-11-27 15:07:22 - [TEST_STEP][PASSED] - Statement - Else If (surveylocation.toUpperCase() == "BRANCH"): Text 'tb simatupang' is set on object 'Object Repository/Claim MV/Claim MV/IN Location Detail/TXT_SEARCH_BY_INPUT'

2018-11-27 15:07:22 - [TEST_STEP][PASSED] - Statement - locationname = "tb simatupang": null

2018-11-27 15:07:22 - [TEST_STEP][PASSED] - setText: Text 'tb simatupang' is set on object 'Object Repository/Claim MV/Claim MV/IN Location Detail/TXT_SEARCH_BY_INPUT'

2018-11-27 15:07:23 - [MESSAGE][PASSED] - Text 'tb simatupang' is set on object 'Object Repository/Claim MV/Claim MV/IN Location Detail/TXT_SEARCH_BY_INPUT'

2018-11-27 15:07:23 - [TEST_STEP][PASSED] - click: Object: 'Object Repository/Claim MV/Claim MV/IN Location Detail/BTN_SEARCH' is clicked on

2018-11-27 15:07:23 - [MESSAGE][PASSED] - Object: 'Object Repository/Claim MV/Claim MV/IN Location Detail/BTN_SEARCH' is clicked on

2018-11-27 15:07:23 - [TEST_STEP][PASSED] - delay: Delayed 7 second(s)

2018-11-27 15:07:30 - [MESSAGE][PASSED] - Delayed 7 second(s)

2018-11-27 15:07:30 - [TEST_STEP][PASSED] - click: Object: 'Object Repository/Claim MV/Claim MV/IN Location Detail/LST_SEARCH_RESULT_1' is clicked on

2018-11-27 15:07:30 - [MESSAGE][PASSED] - Object: 'Object Repository/Claim MV/Claim MV/IN Location Detail/LST_SEARCH_RESULT_1' is clicked on

2018-11-27 15:07:30 - [TEST_STEP][PASSED] - delay: Delayed 1 second(s)

2018-11-27 15:07:31 - [MESSAGE][PASSED] - Delayed 1 second(s)

2018-11-27 15:07:31 - [TEST_STEP][PASSED] - click: Object: 'Object Repository/Claim MV/Claim MV/IN Location Detail/BTN_SELECT' is clicked on

2018-11-27 15:07:32 - [MESSAGE][PASSED] - Object: 'Object Repository/Claim MV/Claim MV/IN Location Detail/BTN_SELECT' is clicked on

2018-11-27 15:07:32 - [TEST_STEP][PASSED] - delay: Delayed 1 second(s)

2018-11-27 15:07:33 - [MESSAGE][PASSED] - Delayed 1 second(s)

2018-11-27 15:07:33 - [TEST_STEP][PASSED] - click: Object: 'Object Repository/Claim MV/Claim MV/BTN_SURVEY_SCHEDULE_IN' is clicked on

2018-11-27 15:07:33 - [MESSAGE][PASSED] - Object: 'Object Repository/Claim MV/Claim MV/BTN_SURVEY_SCHEDULE_IN' is clicked on

2018-11-27 15:07:33 - [TEST_STEP][PASSED] - delay: Delayed 1 second(s)

2018-11-27 15:07:34 - [MESSAGE][PASSED] - Delayed 1 second(s)

2018-11-27 15:07:34 - [TEST_STEP][PASSED] - click: Object: 'Object Repository/Claim MV/Claim MV/BTN_DAY_SURVEY' is clicked on

2018-11-27 15:07:34 - [MESSAGE][PASSED] - Object: 'Object Repository/Claim MV/Claim MV/BTN_DAY_SURVEY' is clicked on

2018-11-27 15:07:34 - [TEST_STEP][PASSED] - delay: Delayed 1 second(s)

2018-11-27 15:07:35 - [MESSAGE][PASSED] - Delayed 1 second(s)

2018-11-27 15:07:35 - [TEST_STEP][PASSED] - setText: Text 'locationaccident' is set on object 'Object Repository/Claim MV/Claim MV/TXT_LOCATION_ACCIDENT'

2018-11-27 15:07:36 - [MESSAGE][PASSED] - Text 'locationaccident' is set on object 'Object Repository/Claim MV/Claim MV/TXT_LOCATION_ACCIDENT'

2018-11-27 15:07:36 - [TEST_STEP][PASSED] - delay: Delayed 1 second(s)

2018-11-27 15:07:37 - [MESSAGE][PASSED] - Delayed 1 second(s)

2018-11-27 15:07:37 - [TEST_STEP][PASSED] - setText: Text 'accidentinfo' is set on object 'Object Repository/Claim MV/Claim MV/TXT_ACCIDENT_INFO'

2018-11-27 15:07:37 - [MESSAGE][PASSED] - Text 'accidentinfo' is set on object 'Object Repository/Claim MV/Claim MV/TXT_ACCIDENT_INFO'

2018-11-27 15:07:37 - [TEST_STEP][PASSED] - delay: Delayed 1 second(s)

2018-11-27 15:07:38 - [MESSAGE][PASSED] - Delayed 1 second(s)

2018-11-27 15:07:38 - [TEST_STEP][PASSED] - click: Object: 'Object Repository/Claim MV/Claim MV/EXP_CAUSE_LOSS' is clicked on

2018-11-27 15:07:38 - [MESSAGE][PASSED] - Object: 'Object Repository/Claim MV/Claim MV/EXP_CAUSE_LOSS' is clicked on

2018-11-27 15:07:38 - [TEST_STEP][PASSED] - delay: Delayed 1 second(s)

2018-11-27 15:07:39 - [MESSAGE][PASSED] - Delayed 1 second(s)

2018-11-27 15:07:39 - [TEST_STEP][PASSED] - click: Object: 'Object Repository/Claim MV/Claim MV/LST_CAUSE_DITABRAK' is clicked on

2018-11-27 15:07:40 - [MESSAGE][PASSED] - Object: 'Object Repository/Claim MV/Claim MV/LST_CAUSE_DITABRAK' is clicked on

2018-11-27 15:07:40 - [TEST_STEP][PASSED] - delay: Delayed 1 second(s)

2018-11-27 15:07:41 - [MESSAGE][PASSED] - Delayed 1 second(s)

2018-11-27 15:07:41 - [TEST_STEP][PASSED] - click: Object: 'Object Repository/Claim MV/Claim MV/CHK_SEND_SMS' is clicked on

2018-11-27 15:07:41 - [MESSAGE][PASSED] - Object: 'Object Repository/Claim MV/Claim MV/CHK_SEND_SMS' is clicked on

2018-11-27 15:07:41 - [TEST_STEP][PASSED] - delay: Delayed 1 second(s)

2018-11-27 15:07:42 - [MESSAGE][PASSED] - Delayed 1 second(s)

2018-11-27 15:07:42 - [TEST_STEP][PASSED] - click: Object: 'Object Repository/Claim MV/Claim MV/EXP_FU_STATUS' is clicked on

2018-11-27 15:07:42 - [MESSAGE][PASSED] - Object: 'Object Repository/Claim MV/Claim MV/EXP_FU_STATUS' is clicked on

2018-11-27 15:07:42 - [TEST_STEP][PASSED] - delay: Delayed 1 second(s)

2018-11-27 15:07:43 - [MESSAGE][PASSED] - Delayed 1 second(s)

2018-11-27 15:07:43 - [TEST_STEP][PASSED] - click: Object: 'Object Repository/Claim MV/Claim MV/LST_FU_CLOSE' is clicked on

2018-11-27 15:07:43 - [MESSAGE][PASSED] - Object: 'Object Repository/Claim MV/Claim MV/LST_FU_CLOSE' is clicked on

2018-11-27 15:07:43 - [TEST_STEP][PASSED] - delay: Delayed 1 second(s)

2018-11-27 15:07:44 - [MESSAGE][PASSED] - Delayed 1 second(s)

2018-11-27 15:07:44 - [TEST_STEP][PASSED] - setText: Text 'remarks' is set on object 'Object Repository/Claim MV/Claim MV/TXT_FU_REMARKS'

2018-11-27 15:07:45 - [MESSAGE][PASSED] - Text 'remarks' is set on object 'Object Repository/Claim MV/Claim MV/TXT_FU_REMARKS'

2018-11-27 15:07:45 - [TEST_STEP][PASSED] - delay: Delayed 1 second(s)

2018-11-27 15:07:46 - [MESSAGE][PASSED] - Delayed 1 second(s)

2018-11-27 15:07:46 - [TEST_STEP][PASSED] - click: Object: 'Object Repository/Claim MV/Claim MV/BTN_SAVE' is clicked on

2018-11-27 15:07:46 - [MESSAGE][PASSED] - Object: 'Object Repository/Claim MV/Claim MV/BTN_SAVE' is clicked on

2018-11-27 15:07:46 - [TEST_STEP][PASSED] - delay: Delayed 350 second(s)

2018-11-27 15:13:36 - [MESSAGE][PASSED] - Delayed 350 second(s)

2018-11-27 15:13:36 - [TEST_STEP][PASSED] - executeSQL.executeScript.checksurveyin: executeSQL.executeScript.checksurveyin is PASSED

2018-11-27 15:13:42 - [MESSAGE][PASSED] - executeSQL.executeScript.checksurveyin is PASSED

2018-11-27 15:13:42 - [TEST_STEP][PASSED] - delay: Delayed 1 second(s)

2018-11-27 15:13:43 - [MESSAGE][PASSED] - Delayed 1 second(s)

2018-11-27 15:13:43 - [TEST_STEP][PASSED] - Statement - If (surveylocation.toUpperCase() == "GARDA CENTER"): null

2018-11-27 15:13:43 - [TEST_STEP][PASSED] - Statement - Else If (surveylocation.toUpperCase() == "WORKSHOP"): null

2018-11-27 15:13:43 - [TEST_STEP][PASSED] - Statement - Else If (surveylocation.toUpperCase() == "BRANCH"): Delayed 1 second(s)

2018-11-27 15:13:43 - [TEST_STEP][PASSED] - executeSQL.executeScript.checksurveyinbr: executeSQL.executeScript.checksurveyinbr is PASSED

2018-11-27 15:13:44 - [MESSAGE][PASSED] - executeSQL.executeScript.checksurveyinbr is PASSED

2018-11-27 15:13:44 - [TEST_STEP][PASSED] - delay: Delayed 1 second(s)

2018-11-27 15:13:45 - [MESSAGE][PASSED] - Delayed 1 second(s)

2018-11-27 15:13:45 - [TEST_STEP][PASSED] - delay: Delayed 1 second(s)

2018-11-27 15:13:46 - [MESSAGE][PASSED] - Delayed 1 second(s)

2018-11-27 15:13:46 - [TEST_STEP][PASSED] - click: Object: 'Object Repository/Claim MV/Claim MV/BTN_SAVE_OK' is clicked on

2018-11-27 15:13:47 - [MESSAGE][PASSED] - Object: 'Object Repository/Claim MV/Claim MV/BTN_SAVE_OK' is clicked on

2018-11-27 15:13:47 - [TEST_STEP][PASSED] - delay: Delayed 10 second(s)

2018-11-27 15:13:57 - [MESSAGE][PASSED] - Delayed 10 second(s)

2018-11-27 15:13:57 - [MESSAGE][PASSED] - Call Test Case 'Test Cases/Screen/Claim MV' successfully

2018-11-27 15:13:57 - [TEST_STEP][PASSED] - callTestCase: Call Test Case 'Test Cases/Screen/Logout' successfully

2018-11-27 15:13:57 - [TEST_CASE][PASSED] - Test Cases/Screen/Logout: Test Cases/Screen/Logout

2018-11-27 15:13:57 - [TEST_STEP][PASSED] - delay: Delayed 1 second(s)

2018-11-27 15:13:58 - [MESSAGE][PASSED] - Delayed 1 second(s)

2018-11-27 15:13:58 - [TEST_STEP][PASSED] - click: Object: 'Object Repository/Home/LNK_USER' is clicked on

2018-11-27 15:13:58 - [MESSAGE][PASSED] - Object: 'Object Repository/Home/LNK_USER' is clicked on

2018-11-27 15:13:58 - [TEST_STEP][PASSED] - delay: Delayed 1 second(s)

2018-11-27 15:13:59 - [MESSAGE][PASSED] - Delayed 1 second(s)

2018-11-27 15:13:59 - [TEST_STEP][PASSED] - click: Object: 'Object Repository/Home/LNK_EXIT' is clicked on

2018-11-27 15:14:00 - [MESSAGE][PASSED] - Object: 'Object Repository/Home/LNK_EXIT' is clicked on

2018-11-27 15:14:00 - [TEST_STEP][PASSED] - delay: Delayed 1 second(s)

2018-11-27 15:14:01 - [MESSAGE][PASSED] - Delayed 1 second(s)

2018-11-27 15:14:01 - [TEST_STEP][PASSED] - click: Object: 'Object Repository/Home/BTN_EXIT_YES' is clicked on

2018-11-27 15:14:01 - [MESSAGE][PASSED] - Object: 'Object Repository/Home/BTN_EXIT_YES' is clicked on

2018-11-27 15:14:01 - [TEST_STEP][PASSED] - delay: Delayed 3 second(s)

2018-11-27 15:14:04 - [MESSAGE][PASSED] - Delayed 3 second(s)

2018-11-27 15:14:04 - [MESSAGE][PASSED] - Call Test Case 'Test Cases/Screen/Logout' successfully]]></system-out>
         <system-err><![CDATA[]]></system-err>
      </testcase>
      <testcase name="Test Cases/Scenario/Claim MV - In Garda Center" classname="Test Cases/Scenario/Claim MV - In Garda Center" status="PASSED">
         <system-out><![CDATA[2018-11-27 15:14:04 - [TEST_CASE][PASSED] - Test Cases/Scenario/Claim MV - In Garda Center: Test Cases/Scenario/Claim MV - In Garda Center

2018-11-27 15:14:05 - [TEST_STEP][PASSED] - callTestCase: Call Test Case 'Test Cases/Screen/Login' successfully

2018-11-27 15:14:05 - [TEST_CASE][PASSED] - Test Cases/Screen/Login: Test Cases/Screen/Login

2018-11-27 15:14:05 - [TEST_STEP][PASSED] - openBrowser: Browser is opened with url: ''

2018-11-27 15:14:05 - [MESSAGE][WARNING] - A browser is already opened. Closing browser and opening a new one

2018-11-27 15:14:09 - [MESSAGE][PASSED] - Browser is opened with url: ''

2018-11-27 15:14:09 - [TEST_STEP][PASSED] - navigateToUrl: Navigate to 'https://gardaakses-qc.asuransiastra.com/gardaakses' successfully

2018-11-27 15:14:14 - [MESSAGE][PASSED] - Navigate to 'https://gardaakses-qc.asuransiastra.com/gardaakses' successfully

2018-11-27 15:14:14 - [TEST_STEP][PASSED] - delay: Delayed 1 second(s)

2018-11-27 15:14:15 - [MESSAGE][PASSED] - Delayed 1 second(s)

2018-11-27 15:14:15 - [TEST_STEP][PASSED] - setText: Text 'tdi' is set on object 'Object Repository/Login/TXT_USERID'

2018-11-27 15:14:15 - [MESSAGE][PASSED] - Text 'tdi' is set on object 'Object Repository/Login/TXT_USERID'

2018-11-27 15:14:15 - [TEST_STEP][PASSED] - delay: Delayed 1 second(s)

2018-11-27 15:14:16 - [MESSAGE][PASSED] - Delayed 1 second(s)

2018-11-27 15:14:16 - [TEST_STEP][PASSED] - setText: Text 'P@ssw0rd' is set on object 'Object Repository/Login/TXT_PASSWORD'

2018-11-27 15:14:17 - [MESSAGE][PASSED] - Text 'P@ssw0rd' is set on object 'Object Repository/Login/TXT_PASSWORD'

2018-11-27 15:14:17 - [TEST_STEP][PASSED] - delay: Delayed 1 second(s)

2018-11-27 15:14:18 - [MESSAGE][PASSED] - Delayed 1 second(s)

2018-11-27 15:14:18 - [TEST_STEP][PASSED] - click: Object: 'Object Repository/Login/BTN_MASUK' is clicked on

2018-11-27 15:14:18 - [MESSAGE][PASSED] - Object: 'Object Repository/Login/BTN_MASUK' is clicked on

2018-11-27 15:14:18 - [TEST_STEP][PASSED] - delay: Delayed 5 second(s)

2018-11-27 15:14:23 - [MESSAGE][PASSED] - Delayed 5 second(s)

2018-11-27 15:14:23 - [MESSAGE][PASSED] - Call Test Case 'Test Cases/Screen/Login' successfully

2018-11-27 15:14:23 - [TEST_STEP][PASSED] - callTestCase: Call Test Case 'Test Cases/Screen/Select Claim MV' successfully

2018-11-27 15:14:23 - [TEST_CASE][PASSED] - Test Cases/Screen/Select Claim MV: Test Cases/Screen/Select Claim MV

2018-11-27 15:14:23 - [TEST_STEP][PASSED] - delay: Delayed 1 second(s)

2018-11-27 15:14:24 - [MESSAGE][PASSED] - Delayed 1 second(s)

2018-11-27 15:14:24 - [TEST_STEP][PASSED] - click: Object: 'Object Repository/Home/HDR_SERVICE_TYPE' is clicked on

2018-11-27 15:14:25 - [MESSAGE][PASSED] - Object: 'Object Repository/Home/HDR_SERVICE_TYPE' is clicked on

2018-11-27 15:14:25 - [TEST_STEP][PASSED] - delay: Delayed 1 second(s)

2018-11-27 15:14:26 - [MESSAGE][PASSED] - Delayed 1 second(s)

2018-11-27 15:14:26 - [TEST_STEP][PASSED] - click: Object: 'Object Repository/Home/BTN_CLAIM_MV' is clicked on

2018-11-27 15:14:30 - [MESSAGE][PASSED] - Object: 'Object Repository/Home/BTN_CLAIM_MV' is clicked on

2018-11-27 15:14:30 - [TEST_STEP][PASSED] - delay: Delayed 20 second(s)

2018-11-27 15:14:50 - [MESSAGE][PASSED] - Delayed 20 second(s)

2018-11-27 15:14:50 - [MESSAGE][PASSED] - Call Test Case 'Test Cases/Screen/Select Claim MV' successfully

2018-11-27 15:14:50 - [TEST_STEP][PASSED] - callTestCase: Call Test Case 'Test Cases/Screen/Create Ticket' successfully

2018-11-27 15:14:50 - [TEST_CASE][PASSED] - Test Cases/Screen/Create Ticket: Test Cases/Screen/Create Ticket

2018-11-27 15:14:50 - [TEST_STEP][PASSED] - delay: Delayed 3 second(s)

2018-11-27 15:14:53 - [MESSAGE][PASSED] - Delayed 3 second(s)

2018-11-27 15:14:53 - [TEST_STEP][PASSED] - setText: Text 'BTE' is set on object 'Object Repository/Claim MV/Create Ticket/TXT_CALLER_NAME'

2018-11-27 15:14:54 - [MESSAGE][PASSED] - Text 'BTE' is set on object 'Object Repository/Claim MV/Create Ticket/TXT_CALLER_NAME'

2018-11-27 15:14:54 - [TEST_STEP][PASSED] - delay: Delayed 1 second(s)

2018-11-27 15:14:55 - [MESSAGE][PASSED] - Delayed 1 second(s)

2018-11-27 15:14:55 - [TEST_STEP][PASSED] - click: Object: 'Object Repository/Claim MV/Create Ticket/RDB_MALE' is clicked on

2018-11-27 15:14:56 - [MESSAGE][PASSED] - Object: 'Object Repository/Claim MV/Create Ticket/RDB_MALE' is clicked on

2018-11-27 15:14:56 - [TEST_STEP][PASSED] - delay: Delayed 1 second(s)

2018-11-27 15:14:57 - [MESSAGE][PASSED] - Delayed 1 second(s)

2018-11-27 15:14:57 - [TEST_STEP][PASSED] - setText: Text 'bte@mailinator.com' is set on object 'Object Repository/Claim MV/Create Ticket/TXT_EMAIL'

2018-11-27 15:14:57 - [MESSAGE][PASSED] - Text 'bte@mailinator.com' is set on object 'Object Repository/Claim MV/Create Ticket/TXT_EMAIL'

2018-11-27 15:14:57 - [TEST_STEP][PASSED] - delay: Delayed 1 second(s)

2018-11-27 15:14:58 - [MESSAGE][PASSED] - Delayed 1 second(s)

2018-11-27 15:14:58 - [TEST_STEP][PASSED] - click: Object: 'Object Repository/Claim MV/Create Ticket/EXP_RELATIONSHIP' is clicked on

2018-11-27 15:14:59 - [MESSAGE][PASSED] - Object: 'Object Repository/Claim MV/Create Ticket/EXP_RELATIONSHIP' is clicked on

2018-11-27 15:14:59 - [TEST_STEP][PASSED] - delay: Delayed 1 second(s)

2018-11-27 15:15:00 - [MESSAGE][PASSED] - Delayed 1 second(s)

2018-11-27 15:15:00 - [TEST_STEP][PASSED] - click: Object: 'Object Repository/Claim MV/Create Ticket/LST_RELATIONSHIP' is clicked on

2018-11-27 15:15:00 - [MESSAGE][PASSED] - Object: 'Object Repository/Claim MV/Create Ticket/LST_RELATIONSHIP' is clicked on

2018-11-27 15:15:00 - [TEST_STEP][PASSED] - delay: Delayed 1 second(s)

2018-11-27 15:15:01 - [MESSAGE][PASSED] - Delayed 1 second(s)

2018-11-27 15:15:01 - [TEST_STEP][PASSED] - setText: Text '62' is set on object 'Object Repository/Claim MV/Create Ticket/TXT_COUNTRY'

2018-11-27 15:15:01 - [MESSAGE][PASSED] - Text '62' is set on object 'Object Repository/Claim MV/Create Ticket/TXT_COUNTRY'

2018-11-27 15:15:01 - [TEST_STEP][PASSED] - delay: Delayed 1 second(s)

2018-11-27 15:15:02 - [MESSAGE][PASSED] - Delayed 1 second(s)

2018-11-27 15:15:02 - [TEST_STEP][PASSED] - setText: Text '21' is set on object 'Object Repository/Claim MV/Create Ticket/TXT_AREA_CODE'

2018-11-27 15:15:02 - [MESSAGE][PASSED] - Text '21' is set on object 'Object Repository/Claim MV/Create Ticket/TXT_AREA_CODE'

2018-11-27 15:15:02 - [TEST_STEP][PASSED] - delay: Delayed 1 second(s)

2018-11-27 15:15:03 - [MESSAGE][PASSED] - Delayed 1 second(s)

2018-11-27 15:15:03 - [TEST_STEP][PASSED] - setText: Text '232323' is set on object 'Object Repository/Claim MV/Create Ticket/TXT_PHONE_NUMBER'

2018-11-27 15:15:04 - [MESSAGE][PASSED] - Text '232323' is set on object 'Object Repository/Claim MV/Create Ticket/TXT_PHONE_NUMBER'

2018-11-27 15:15:04 - [TEST_STEP][PASSED] - delay: Delayed 1 second(s)

2018-11-27 15:15:05 - [MESSAGE][PASSED] - Delayed 1 second(s)

2018-11-27 15:15:05 - [TEST_STEP][PASSED] - click: Object: 'Object Repository/Claim MV/Create Ticket/BTN_NEXT_1' is clicked on

2018-11-27 15:15:05 - [MESSAGE][PASSED] - Object: 'Object Repository/Claim MV/Create Ticket/BTN_NEXT_1' is clicked on

2018-11-27 15:15:05 - [TEST_STEP][PASSED] - delay: Delayed 12 second(s)

2018-11-27 15:15:17 - [MESSAGE][PASSED] - Delayed 12 second(s)

2018-11-27 15:15:17 - [TEST_STEP][PASSED] - click: Object: 'Object Repository/Claim MV/Create Ticket/LST_CALLER_1' is clicked on

2018-11-27 15:15:17 - [MESSAGE][PASSED] - Object: 'Object Repository/Claim MV/Create Ticket/LST_CALLER_1' is clicked on

2018-11-27 15:15:17 - [TEST_STEP][PASSED] - delay: Delayed 1 second(s)

2018-11-27 15:15:18 - [MESSAGE][PASSED] - Delayed 1 second(s)

2018-11-27 15:15:18 - [TEST_STEP][PASSED] - click: Object: 'Object Repository/Claim MV/Create Ticket/BTN_NEXT_2' is clicked on

2018-11-27 15:15:19 - [MESSAGE][PASSED] - Object: 'Object Repository/Claim MV/Create Ticket/BTN_NEXT_2' is clicked on

2018-11-27 15:15:19 - [TEST_STEP][PASSED] - delay: Delayed 8 second(s)

2018-11-27 15:15:27 - [MESSAGE][PASSED] - Delayed 8 second(s)

2018-11-27 15:15:27 - [TEST_STEP][PASSED] - click: Object: 'Object Repository/Claim MV/Create Ticket/BTN_SAVE' is clicked on

2018-11-27 15:15:27 - [MESSAGE][PASSED] - Object: 'Object Repository/Claim MV/Create Ticket/BTN_SAVE' is clicked on

2018-11-27 15:15:27 - [TEST_STEP][PASSED] - delay: Delayed 3 second(s)

2018-11-27 15:15:30 - [MESSAGE][PASSED] - Delayed 3 second(s)

2018-11-27 15:15:30 - [TEST_STEP][PASSED] - click: Object: 'Object Repository/Claim MV/Create Ticket/BTN_SAVE_YES' is clicked on

2018-11-27 15:15:31 - [MESSAGE][PASSED] - Object: 'Object Repository/Claim MV/Create Ticket/BTN_SAVE_YES' is clicked on

2018-11-27 15:15:31 - [TEST_STEP][PASSED] - delay: Delayed 8 second(s)

2018-11-27 15:15:39 - [MESSAGE][PASSED] - Delayed 8 second(s)

2018-11-27 15:15:39 - [MESSAGE][PASSED] - Call Test Case 'Test Cases/Screen/Create Ticket' successfully

2018-11-27 15:15:39 - [TEST_STEP][PASSED] - callTestCase: Call Test Case 'Test Cases/Screen/Select Claim MV' successfully

2018-11-27 15:15:39 - [TEST_CASE][PASSED] - Test Cases/Screen/Select Claim MV: Test Cases/Screen/Select Claim MV

2018-11-27 15:15:39 - [TEST_STEP][PASSED] - delay: Delayed 1 second(s)

2018-11-27 15:15:40 - [MESSAGE][PASSED] - Delayed 1 second(s)

2018-11-27 15:15:40 - [TEST_STEP][PASSED] - click: Object: 'Object Repository/Home/HDR_SERVICE_TYPE' is clicked on

2018-11-27 15:15:40 - [MESSAGE][PASSED] - Object: 'Object Repository/Home/HDR_SERVICE_TYPE' is clicked on

2018-11-27 15:15:40 - [TEST_STEP][PASSED] - delay: Delayed 1 second(s)

2018-11-27 15:15:41 - [MESSAGE][PASSED] - Delayed 1 second(s)

2018-11-27 15:15:41 - [TEST_STEP][PASSED] - click: Object: 'Object Repository/Home/BTN_CLAIM_MV' is clicked on

2018-11-27 15:15:46 - [MESSAGE][PASSED] - Object: 'Object Repository/Home/BTN_CLAIM_MV' is clicked on

2018-11-27 15:15:46 - [TEST_STEP][PASSED] - delay: Delayed 20 second(s)

2018-11-27 15:16:06 - [MESSAGE][PASSED] - Delayed 20 second(s)

2018-11-27 15:16:06 - [MESSAGE][PASSED] - Call Test Case 'Test Cases/Screen/Select Claim MV' successfully

2018-11-27 15:16:06 - [TEST_STEP][PASSED] - callTestCase: Call Test Case 'Test Cases/Screen/Choose Customer' successfully

2018-11-27 15:16:06 - [TEST_CASE][PASSED] - Test Cases/Screen/Choose Customer: Test Cases/Screen/Choose Customer

2018-11-27 15:16:06 - [TEST_STEP][PASSED] - Statement - policyno = com.kms.katalon.core.testdata.TestDataFactory.findTestData(Policy).getValue(1, 1): Reading database data with query 'SELECT top 1 LTRIM(RTRIM(Policy_No)) AS policyno 
FROM aab.dbo.policy 
WHERE GETDATE() BETWEEN Period_From AND Period_To 
AND Policy_No LIKE '17000%' 
ORDER BY Effective_Date desc'

2018-11-27 15:16:06 - [TEST_STEP][PASSED] - delay: Delayed 1 second(s)

2018-11-27 15:16:07 - [MESSAGE][PASSED] - Delayed 1 second(s)

2018-11-27 15:16:07 - [TEST_STEP][PASSED] - click: Object: 'Object Repository/Claim MV/Choose Customer/EXP_SEARCH_BY_PARAMETER' is clicked on

2018-11-27 15:16:07 - [MESSAGE][PASSED] - Object: 'Object Repository/Claim MV/Choose Customer/EXP_SEARCH_BY_PARAMETER' is clicked on

2018-11-27 15:16:07 - [TEST_STEP][PASSED] - delay: Delayed 1 second(s)

2018-11-27 15:16:08 - [MESSAGE][PASSED] - Delayed 1 second(s)

2018-11-27 15:16:08 - [TEST_STEP][PASSED] - click: Object: 'Object Repository/Claim MV/Choose Customer/LST_SEARCH_BY_PARAMETER' is clicked on

2018-11-27 15:16:09 - [MESSAGE][PASSED] - Object: 'Object Repository/Claim MV/Choose Customer/LST_SEARCH_BY_PARAMETER' is clicked on

2018-11-27 15:16:09 - [TEST_STEP][PASSED] - delay: Delayed 1 second(s)

2018-11-27 15:16:10 - [MESSAGE][PASSED] - Delayed 1 second(s)

2018-11-27 15:16:10 - [TEST_STEP][PASSED] - setText: Text '1700010726' is set on object 'Object Repository/Claim MV/Choose Customer/TXT_SEARCH_BY_INPUT'

2018-11-27 15:16:10 - [MESSAGE][PASSED] - Text '1700010726' is set on object 'Object Repository/Claim MV/Choose Customer/TXT_SEARCH_BY_INPUT'

2018-11-27 15:16:10 - [TEST_STEP][PASSED] - delay: Delayed 1 second(s)

2018-11-27 15:16:11 - [MESSAGE][PASSED] - Delayed 1 second(s)

2018-11-27 15:16:11 - [TEST_STEP][PASSED] - click: Object: 'Object Repository/Claim MV/Choose Customer/BTN_SEARCH' is clicked on

2018-11-27 15:16:11 - [MESSAGE][PASSED] - Object: 'Object Repository/Claim MV/Choose Customer/BTN_SEARCH' is clicked on

2018-11-27 15:16:11 - [TEST_STEP][PASSED] - delay: Delayed 20 second(s)

2018-11-27 15:16:31 - [MESSAGE][PASSED] - Delayed 20 second(s)

2018-11-27 15:16:31 - [TEST_STEP][PASSED] - click: Object: 'Object Repository/Claim MV/Choose Customer/LST_POLICY_NUMBER' is clicked on

2018-11-27 15:16:32 - [MESSAGE][PASSED] - Object: 'Object Repository/Claim MV/Choose Customer/LST_POLICY_NUMBER' is clicked on

2018-11-27 15:16:32 - [TEST_STEP][PASSED] - delay: Delayed 1 second(s)

2018-11-27 15:16:33 - [MESSAGE][PASSED] - Delayed 1 second(s)

2018-11-27 15:16:33 - [TEST_STEP][PASSED] - click: Object: 'Object Repository/Claim MV/Choose Customer/BTN_NEXT' is clicked on

2018-11-27 15:16:33 - [MESSAGE][PASSED] - Object: 'Object Repository/Claim MV/Choose Customer/BTN_NEXT' is clicked on

2018-11-27 15:16:33 - [TEST_STEP][PASSED] - delay: Delayed 10 second(s)

2018-11-27 15:16:43 - [MESSAGE][PASSED] - Delayed 10 second(s)

2018-11-27 15:16:43 - [TEST_STEP][PASSED] - click: Object: 'Object Repository/Claim MV/Choose Customer/BTN_FINISH' is clicked on

2018-11-27 15:16:43 - [MESSAGE][PASSED] - Object: 'Object Repository/Claim MV/Choose Customer/BTN_FINISH' is clicked on

2018-11-27 15:16:43 - [TEST_STEP][PASSED] - delay: Delayed 2 second(s)

2018-11-27 15:16:45 - [MESSAGE][PASSED] - Delayed 2 second(s)

2018-11-27 15:16:45 - [TEST_STEP][PASSED] - click: Object: 'Object Repository/Claim MV/Choose Customer/BTN_YES' is clicked on

2018-11-27 15:16:47 - [MESSAGE][PASSED] - Object: 'Object Repository/Claim MV/Choose Customer/BTN_YES' is clicked on

2018-11-27 15:16:47 - [TEST_STEP][PASSED] - delay: Delayed 7 second(s)

2018-11-27 15:16:54 - [MESSAGE][PASSED] - Delayed 7 second(s)

2018-11-27 15:16:54 - [MESSAGE][PASSED] - Call Test Case 'Test Cases/Screen/Choose Customer' successfully

2018-11-27 15:16:54 - [TEST_STEP][PASSED] - callTestCase: Call Test Case 'Test Cases/Screen/Claim MV' successfully

2018-11-27 15:16:54 - [TEST_CASE][PASSED] - Test Cases/Screen/Claim MV: Test Cases/Screen/Claim MV

2018-11-27 15:16:55 - [TEST_STEP][PASSED] - delay: Delayed 1 second(s)

2018-11-27 15:16:56 - [MESSAGE][PASSED] - Delayed 1 second(s)

2018-11-27 15:16:56 - [TEST_STEP][PASSED] - Statement - surveydate = com.kms.katalon.core.testdata.TestDataFactory.findTestData(Holiday).getValue(1, 1): Reading database data with query 'SELECT 
CASE WHEN (SELECT COUNT(*) AS CheckHoliday FROM ( 
				SELECT CONVERT(VARCHAR,HolidayDate,103) AS HolidayDate FROM aab.dbo.Holiday A 
				WHERE A.ActiveStatusID = 1 
				AND A.RowStatus = 0 
				AND (SELECT CONVERT(VARCHAR,HolidayDate,103)) = (SELECT CONVERT(varchar,GETDATE()+1,103)) 
				AND (SELECT DATEPART(DW,GETDATE()+1)) IN (2,3,4,5,6) 
				) AS HOLIDAY 
			) = 0 
			THEN CONVERT(varchar,GETDATE()+1,103) 
	WHEN (SELECT COUNT(*) AS CheckHoliday FROM ( 
				SELECT CONVERT(VARCHAR,HolidayDate,103) AS HolidayDate FROM aab.dbo.Holiday A 
				WHERE A.ActiveStatusID = 1 
				AND A.RowStatus = 0 
				AND (SELECT CONVERT(VARCHAR,HolidayDate,103)) = (SELECT CONVERT(varchar,GETDATE()+2,103)) 
				AND (SELECT DATEPART(DW,GETDATE()+1)) IN (2,3,4,5,6) 
				) AS HOLIDAY 
			) = 0 
			THEN CONVERT(varchar,GETDATE()+2,103) 
	WHEN (SELECT COUNT(*) AS CheckHoliday FROM ( 
				SELECT CONVERT(VARCHAR,HolidayDate,103) AS HolidayDate FROM aab.dbo.Holiday A 
				WHERE A.ActiveStatusID = 1 
				AND A.RowStatus = 0 
				AND (SELECT CONVERT(VARCHAR,HolidayDate,103)) = (SELECT CONVERT(varchar,GETDATE()+3,103)) 
				AND (SELECT DATEPART(DW,GETDATE()+1)) IN (2,3,4,5,6) 
				) AS HOLIDAY 
			) = 0 
			THEN CONVERT(varchar,GETDATE()+3,103) 
END AS SurveySchedule;'

2018-11-27 15:16:56 - [TEST_STEP][PASSED] - Statement - day = surveydate.split("/")[0]: null

2018-11-27 15:16:56 - [TEST_STEP][PASSED] - click: Object: 'Object Repository/Claim MV/Claim MV/EXP_PRODUCT' is clicked on

2018-11-27 15:16:56 - [MESSAGE][PASSED] - Object: 'Object Repository/Claim MV/Claim MV/EXP_PRODUCT' is clicked on

2018-11-27 15:16:56 - [TEST_STEP][PASSED] - delay: Delayed 3 second(s)

2018-11-27 15:16:59 - [MESSAGE][PASSED] - Delayed 3 second(s)

2018-11-27 15:16:59 - [TEST_STEP][PASSED] - click: Object: 'Object Repository/Claim MV/Claim MV/LST_PRODUCT_GO' is clicked on

2018-11-27 15:16:59 - [MESSAGE][PASSED] - Object: 'Object Repository/Claim MV/Claim MV/LST_PRODUCT_GO' is clicked on

2018-11-27 15:16:59 - [TEST_STEP][PASSED] - delay: Delayed 3 second(s)

2018-11-27 15:17:02 - [MESSAGE][PASSED] - Delayed 3 second(s)

2018-11-27 15:17:02 - [TEST_STEP][PASSED] - click: Object: 'Object Repository/Claim MV/Claim MV/EXP_VEHICLE' is clicked on

2018-11-27 15:17:03 - [MESSAGE][PASSED] - Object: 'Object Repository/Claim MV/Claim MV/EXP_VEHICLE' is clicked on

2018-11-27 15:17:03 - [TEST_STEP][PASSED] - delay: Delayed 3 second(s)

2018-11-27 15:17:06 - [MESSAGE][PASSED] - Delayed 3 second(s)

2018-11-27 15:17:06 - [TEST_STEP][PASSED] - click: Object: 'Object Repository/Claim MV/Claim MV/LST_VEHICLE' is clicked on

2018-11-27 15:17:06 - [MESSAGE][PASSED] - Object: 'Object Repository/Claim MV/Claim MV/LST_VEHICLE' is clicked on

2018-11-27 15:17:06 - [TEST_STEP][PASSED] - delay: Delayed 5 second(s)

2018-11-27 15:17:11 - [MESSAGE][PASSED] - Delayed 5 second(s)

2018-11-27 15:17:11 - [TEST_STEP][PASSED] - Statement - driver = com.kms.katalon.core.webui.keyword.WebUiBuiltInKeywords.getAttribute(com.kms.katalon.core.testobject.ObjectRepository.findTestObject(Object Repository/Claim MV/Claim MV/TXT_DRIVER), "value"): Attribute 'value' of object 'Object Repository/Claim MV/Claim MV/TXT_DRIVER' is: 'NAME ON POLICY TAF0040474'

2018-11-27 15:17:11 - [MESSAGE][PASSED] - Attribute 'value' of object 'Object Repository/Claim MV/Claim MV/TXT_DRIVER' is: 'NAME ON POLICY TAF0040474'

2018-11-27 15:17:11 - [TEST_STEP][PASSED] - delay: Delayed 1 second(s)

2018-11-27 15:17:12 - [MESSAGE][PASSED] - Delayed 1 second(s)

2018-11-27 15:17:12 - [TEST_STEP][PASSED] - click: Object: 'Object Repository/Claim MV/Claim MV/EXP_SURVEY_TYPE' is clicked on

2018-11-27 15:17:12 - [MESSAGE][PASSED] - Object: 'Object Repository/Claim MV/Claim MV/EXP_SURVEY_TYPE' is clicked on

2018-11-27 15:17:12 - [TEST_STEP][PASSED] - delay: Delayed 1 second(s)

2018-11-27 15:17:13 - [MESSAGE][PASSED] - Delayed 1 second(s)

2018-11-27 15:17:13 - [TEST_STEP][PASSED] - click: Object: 'Object Repository/Claim MV/Claim MV/LST_SURVEY_TYPE' is clicked on

2018-11-27 15:17:14 - [MESSAGE][PASSED] - Object: 'Object Repository/Claim MV/Claim MV/LST_SURVEY_TYPE' is clicked on

2018-11-27 15:17:14 - [TEST_STEP][PASSED] - delay: Delayed 3 second(s)

2018-11-27 15:17:17 - [MESSAGE][PASSED] - Delayed 3 second(s)

2018-11-27 15:17:17 - [TEST_STEP][PASSED] - Statement - If (surveytype == "Survey-in"): Delayed 10 second(s)

2018-11-27 15:17:17 - [TEST_STEP][PASSED] - click: Object: 'Object Repository/Claim MV/Claim MV/BTN_SURVEY_IN_LOCATION' is clicked on

2018-11-27 15:17:17 - [MESSAGE][PASSED] - Object: 'Object Repository/Claim MV/Claim MV/BTN_SURVEY_IN_LOCATION' is clicked on

2018-11-27 15:17:17 - [TEST_STEP][PASSED] - delay: Delayed 3 second(s)

2018-11-27 15:17:20 - [MESSAGE][PASSED] - Delayed 3 second(s)

2018-11-27 15:17:20 - [TEST_STEP][PASSED] - click: Object: 'Object Repository/Claim MV/Claim MV/IN Location Detail/EXP_SEARCH_BY' is clicked on

2018-11-27 15:17:20 - [MESSAGE][PASSED] - Object: 'Object Repository/Claim MV/Claim MV/IN Location Detail/EXP_SEARCH_BY' is clicked on

2018-11-27 15:17:20 - [TEST_STEP][PASSED] - delay: Delayed 2 second(s)

2018-11-27 15:17:22 - [MESSAGE][PASSED] - Delayed 2 second(s)

2018-11-27 15:17:22 - [TEST_STEP][PASSED] - click: Object: 'Object Repository/Claim MV/Claim MV/IN Location Detail/LST_SEARCH_BY' is clicked on

2018-11-27 15:17:22 - [MESSAGE][PASSED] - Object: 'Object Repository/Claim MV/Claim MV/IN Location Detail/LST_SEARCH_BY' is clicked on

2018-11-27 15:17:23 - [TEST_STEP][PASSED] - delay: Delayed 1 second(s)

2018-11-27 15:17:24 - [MESSAGE][PASSED] - Delayed 1 second(s)

2018-11-27 15:17:24 - [TEST_STEP][PASSED] - Statement - If (surveylocation.toUpperCase() == "GARDA CENTER"): Text 'pacific place' is set on object 'Object Repository/Claim MV/Claim MV/IN Location Detail/TXT_SEARCH_BY_INPUT'

2018-11-27 15:17:24 - [TEST_STEP][PASSED] - Statement - locationname = "pacific place": null

2018-11-27 15:17:24 - [TEST_STEP][PASSED] - setText: Text 'pacific place' is set on object 'Object Repository/Claim MV/Claim MV/IN Location Detail/TXT_SEARCH_BY_INPUT'

2018-11-27 15:17:24 - [MESSAGE][PASSED] - Text 'pacific place' is set on object 'Object Repository/Claim MV/Claim MV/IN Location Detail/TXT_SEARCH_BY_INPUT'

2018-11-27 15:17:24 - [TEST_STEP][PASSED] - click: Object: 'Object Repository/Claim MV/Claim MV/IN Location Detail/BTN_SEARCH' is clicked on

2018-11-27 15:17:24 - [MESSAGE][PASSED] - Object: 'Object Repository/Claim MV/Claim MV/IN Location Detail/BTN_SEARCH' is clicked on

2018-11-27 15:17:24 - [TEST_STEP][PASSED] - delay: Delayed 7 second(s)

2018-11-27 15:17:31 - [MESSAGE][PASSED] - Delayed 7 second(s)

2018-11-27 15:17:31 - [TEST_STEP][PASSED] - click: Object: 'Object Repository/Claim MV/Claim MV/IN Location Detail/LST_SEARCH_RESULT_1' is clicked on

2018-11-27 15:17:31 - [MESSAGE][PASSED] - Object: 'Object Repository/Claim MV/Claim MV/IN Location Detail/LST_SEARCH_RESULT_1' is clicked on

2018-11-27 15:17:31 - [TEST_STEP][PASSED] - delay: Delayed 1 second(s)

2018-11-27 15:17:32 - [MESSAGE][PASSED] - Delayed 1 second(s)

2018-11-27 15:17:32 - [TEST_STEP][PASSED] - click: Object: 'Object Repository/Claim MV/Claim MV/IN Location Detail/BTN_SELECT' is clicked on

2018-11-27 15:17:33 - [MESSAGE][PASSED] - Object: 'Object Repository/Claim MV/Claim MV/IN Location Detail/BTN_SELECT' is clicked on

2018-11-27 15:17:33 - [TEST_STEP][PASSED] - delay: Delayed 1 second(s)

2018-11-27 15:17:34 - [MESSAGE][PASSED] - Delayed 1 second(s)

2018-11-27 15:17:34 - [TEST_STEP][PASSED] - click: Object: 'Object Repository/Claim MV/Claim MV/BTN_SURVEY_SCHEDULE_IN' is clicked on

2018-11-27 15:17:34 - [MESSAGE][PASSED] - Object: 'Object Repository/Claim MV/Claim MV/BTN_SURVEY_SCHEDULE_IN' is clicked on

2018-11-27 15:17:34 - [TEST_STEP][PASSED] - delay: Delayed 1 second(s)

2018-11-27 15:17:35 - [MESSAGE][PASSED] - Delayed 1 second(s)

2018-11-27 15:17:35 - [TEST_STEP][PASSED] - click: Object: 'Object Repository/Claim MV/Claim MV/BTN_DAY_SURVEY' is clicked on

2018-11-27 15:17:35 - [MESSAGE][PASSED] - Object: 'Object Repository/Claim MV/Claim MV/BTN_DAY_SURVEY' is clicked on

2018-11-27 15:17:35 - [TEST_STEP][PASSED] - delay: Delayed 1 second(s)

2018-11-27 15:17:36 - [MESSAGE][PASSED] - Delayed 1 second(s)

2018-11-27 15:17:36 - [TEST_STEP][PASSED] - setText: Text 'locationaccident' is set on object 'Object Repository/Claim MV/Claim MV/TXT_LOCATION_ACCIDENT'

2018-11-27 15:17:37 - [MESSAGE][PASSED] - Text 'locationaccident' is set on object 'Object Repository/Claim MV/Claim MV/TXT_LOCATION_ACCIDENT'

2018-11-27 15:17:37 - [TEST_STEP][PASSED] - delay: Delayed 1 second(s)

2018-11-27 15:17:38 - [MESSAGE][PASSED] - Delayed 1 second(s)

2018-11-27 15:17:38 - [TEST_STEP][PASSED] - setText: Text 'accidentinfo' is set on object 'Object Repository/Claim MV/Claim MV/TXT_ACCIDENT_INFO'

2018-11-27 15:17:38 - [MESSAGE][PASSED] - Text 'accidentinfo' is set on object 'Object Repository/Claim MV/Claim MV/TXT_ACCIDENT_INFO'

2018-11-27 15:17:38 - [TEST_STEP][PASSED] - delay: Delayed 1 second(s)

2018-11-27 15:17:39 - [MESSAGE][PASSED] - Delayed 1 second(s)

2018-11-27 15:17:39 - [TEST_STEP][PASSED] - click: Object: 'Object Repository/Claim MV/Claim MV/EXP_CAUSE_LOSS' is clicked on

2018-11-27 15:17:40 - [MESSAGE][PASSED] - Object: 'Object Repository/Claim MV/Claim MV/EXP_CAUSE_LOSS' is clicked on

2018-11-27 15:17:40 - [TEST_STEP][PASSED] - delay: Delayed 1 second(s)

2018-11-27 15:17:41 - [MESSAGE][PASSED] - Delayed 1 second(s)

2018-11-27 15:17:41 - [TEST_STEP][PASSED] - click: Object: 'Object Repository/Claim MV/Claim MV/LST_CAUSE_DITABRAK' is clicked on

2018-11-27 15:17:41 - [MESSAGE][PASSED] - Object: 'Object Repository/Claim MV/Claim MV/LST_CAUSE_DITABRAK' is clicked on

2018-11-27 15:17:41 - [TEST_STEP][PASSED] - delay: Delayed 1 second(s)

2018-11-27 15:17:42 - [MESSAGE][PASSED] - Delayed 1 second(s)

2018-11-27 15:17:42 - [TEST_STEP][PASSED] - click: Object: 'Object Repository/Claim MV/Claim MV/CHK_SEND_SMS' is clicked on

2018-11-27 15:17:42 - [MESSAGE][PASSED] - Object: 'Object Repository/Claim MV/Claim MV/CHK_SEND_SMS' is clicked on

2018-11-27 15:17:42 - [TEST_STEP][PASSED] - delay: Delayed 1 second(s)

2018-11-27 15:17:43 - [MESSAGE][PASSED] - Delayed 1 second(s)

2018-11-27 15:17:43 - [TEST_STEP][PASSED] - click: Object: 'Object Repository/Claim MV/Claim MV/EXP_FU_STATUS' is clicked on

2018-11-27 15:17:43 - [MESSAGE][PASSED] - Object: 'Object Repository/Claim MV/Claim MV/EXP_FU_STATUS' is clicked on

2018-11-27 15:17:43 - [TEST_STEP][PASSED] - delay: Delayed 1 second(s)

2018-11-27 15:17:44 - [MESSAGE][PASSED] - Delayed 1 second(s)

2018-11-27 15:17:44 - [TEST_STEP][PASSED] - click: Object: 'Object Repository/Claim MV/Claim MV/LST_FU_CLOSE' is clicked on

2018-11-27 15:17:45 - [MESSAGE][PASSED] - Object: 'Object Repository/Claim MV/Claim MV/LST_FU_CLOSE' is clicked on

2018-11-27 15:17:45 - [TEST_STEP][PASSED] - delay: Delayed 1 second(s)

2018-11-27 15:17:46 - [MESSAGE][PASSED] - Delayed 1 second(s)

2018-11-27 15:17:46 - [TEST_STEP][PASSED] - setText: Text 'remarks' is set on object 'Object Repository/Claim MV/Claim MV/TXT_FU_REMARKS'

2018-11-27 15:17:46 - [MESSAGE][PASSED] - Text 'remarks' is set on object 'Object Repository/Claim MV/Claim MV/TXT_FU_REMARKS'

2018-11-27 15:17:46 - [TEST_STEP][PASSED] - delay: Delayed 1 second(s)

2018-11-27 15:17:47 - [MESSAGE][PASSED] - Delayed 1 second(s)

2018-11-27 15:17:47 - [TEST_STEP][PASSED] - click: Object: 'Object Repository/Claim MV/Claim MV/BTN_SAVE' is clicked on

2018-11-27 15:17:47 - [MESSAGE][PASSED] - Object: 'Object Repository/Claim MV/Claim MV/BTN_SAVE' is clicked on

2018-11-27 15:17:47 - [TEST_STEP][PASSED] - delay: Delayed 350 second(s)

2018-11-27 15:23:37 - [MESSAGE][PASSED] - Delayed 350 second(s)

2018-11-27 15:23:37 - [TEST_STEP][PASSED] - executeSQL.executeScript.checksurveyin: executeSQL.executeScript.checksurveyin is PASSED

2018-11-27 15:23:44 - [MESSAGE][PASSED] - executeSQL.executeScript.checksurveyin is PASSED

2018-11-27 15:23:44 - [TEST_STEP][PASSED] - delay: Delayed 1 second(s)

2018-11-27 15:23:45 - [MESSAGE][PASSED] - Delayed 1 second(s)

2018-11-27 15:23:45 - [TEST_STEP][PASSED] - Statement - If (surveylocation.toUpperCase() == "GARDA CENTER"): Delayed 1 second(s)

2018-11-27 15:23:45 - [TEST_STEP][PASSED] - executeSQL.executeScript.checksurveyingc: executeSQL.executeScript.checksurveyingc is PASSED

2018-11-27 15:23:47 - [MESSAGE][PASSED] - executeSQL.executeScript.checksurveyingc is PASSED

2018-11-27 15:23:47 - [TEST_STEP][PASSED] - delay: Delayed 1 second(s)

2018-11-27 15:23:48 - [MESSAGE][PASSED] - Delayed 1 second(s)

2018-11-27 15:23:48 - [TEST_STEP][PASSED] - delay: Delayed 1 second(s)

2018-11-27 15:23:49 - [MESSAGE][PASSED] - Delayed 1 second(s)

2018-11-27 15:23:49 - [TEST_STEP][PASSED] - click: Object: 'Object Repository/Claim MV/Claim MV/BTN_SAVE_OK' is clicked on

2018-11-27 15:23:49 - [MESSAGE][PASSED] - Object: 'Object Repository/Claim MV/Claim MV/BTN_SAVE_OK' is clicked on

2018-11-27 15:23:49 - [TEST_STEP][PASSED] - delay: Delayed 10 second(s)

2018-11-27 15:23:59 - [MESSAGE][PASSED] - Delayed 10 second(s)

2018-11-27 15:23:59 - [MESSAGE][PASSED] - Call Test Case 'Test Cases/Screen/Claim MV' successfully

2018-11-27 15:23:59 - [TEST_STEP][PASSED] - callTestCase: Call Test Case 'Test Cases/Screen/Logout' successfully

2018-11-27 15:23:59 - [TEST_CASE][PASSED] - Test Cases/Screen/Logout: Test Cases/Screen/Logout

2018-11-27 15:23:59 - [TEST_STEP][PASSED] - delay: Delayed 1 second(s)

2018-11-27 15:24:00 - [MESSAGE][PASSED] - Delayed 1 second(s)

2018-11-27 15:24:00 - [TEST_STEP][PASSED] - click: Object: 'Object Repository/Home/LNK_USER' is clicked on

2018-11-27 15:24:00 - [MESSAGE][PASSED] - Object: 'Object Repository/Home/LNK_USER' is clicked on

2018-11-27 15:24:00 - [TEST_STEP][PASSED] - delay: Delayed 1 second(s)

2018-11-27 15:24:01 - [MESSAGE][PASSED] - Delayed 1 second(s)

2018-11-27 15:24:01 - [TEST_STEP][PASSED] - click: Object: 'Object Repository/Home/LNK_EXIT' is clicked on

2018-11-27 15:24:02 - [MESSAGE][PASSED] - Object: 'Object Repository/Home/LNK_EXIT' is clicked on

2018-11-27 15:24:02 - [TEST_STEP][PASSED] - delay: Delayed 1 second(s)

2018-11-27 15:24:03 - [MESSAGE][PASSED] - Delayed 1 second(s)

2018-11-27 15:24:03 - [TEST_STEP][PASSED] - click: Object: 'Object Repository/Home/BTN_EXIT_YES' is clicked on

2018-11-27 15:24:03 - [MESSAGE][PASSED] - Object: 'Object Repository/Home/BTN_EXIT_YES' is clicked on

2018-11-27 15:24:03 - [TEST_STEP][PASSED] - delay: Delayed 3 second(s)

2018-11-27 15:24:06 - [MESSAGE][PASSED] - Delayed 3 second(s)

2018-11-27 15:24:06 - [MESSAGE][PASSED] - Call Test Case 'Test Cases/Screen/Logout' successfully]]></system-out>
         <system-err><![CDATA[]]></system-err>
      </testcase>
      <testcase name="Test Cases/Scenario/Claim MV - In RO" classname="Test Cases/Scenario/Claim MV - In RO" status="PASSED">
         <system-out><![CDATA[2018-11-27 15:24:06 - [TEST_CASE][PASSED] - Test Cases/Scenario/Claim MV - In RO: Test Cases/Scenario/Claim MV - In RO

2018-11-27 15:24:07 - [TEST_STEP][PASSED] - callTestCase: Call Test Case 'Test Cases/Screen/Login' successfully

2018-11-27 15:24:07 - [TEST_CASE][PASSED] - Test Cases/Screen/Login: Test Cases/Screen/Login

2018-11-27 15:24:07 - [TEST_STEP][PASSED] - openBrowser: Browser is opened with url: ''

2018-11-27 15:24:07 - [MESSAGE][WARNING] - A browser is already opened. Closing browser and opening a new one

2018-11-27 15:24:11 - [MESSAGE][PASSED] - Browser is opened with url: ''

2018-11-27 15:24:11 - [TEST_STEP][PASSED] - navigateToUrl: Navigate to 'https://gardaakses-qc.asuransiastra.com/gardaakses' successfully

2018-11-27 15:24:16 - [MESSAGE][PASSED] - Navigate to 'https://gardaakses-qc.asuransiastra.com/gardaakses' successfully

2018-11-27 15:24:16 - [TEST_STEP][PASSED] - delay: Delayed 1 second(s)

2018-11-27 15:24:17 - [MESSAGE][PASSED] - Delayed 1 second(s)

2018-11-27 15:24:17 - [TEST_STEP][PASSED] - setText: Text 'tdi' is set on object 'Object Repository/Login/TXT_USERID'

2018-11-27 15:24:17 - [MESSAGE][PASSED] - Text 'tdi' is set on object 'Object Repository/Login/TXT_USERID'

2018-11-27 15:24:18 - [TEST_STEP][PASSED] - delay: Delayed 1 second(s)

2018-11-27 15:24:19 - [MESSAGE][PASSED] - Delayed 1 second(s)

2018-11-27 15:24:19 - [TEST_STEP][PASSED] - setText: Text 'P@ssw0rd' is set on object 'Object Repository/Login/TXT_PASSWORD'

2018-11-27 15:24:19 - [MESSAGE][PASSED] - Text 'P@ssw0rd' is set on object 'Object Repository/Login/TXT_PASSWORD'

2018-11-27 15:24:19 - [TEST_STEP][PASSED] - delay: Delayed 1 second(s)

2018-11-27 15:24:20 - [MESSAGE][PASSED] - Delayed 1 second(s)

2018-11-27 15:24:20 - [TEST_STEP][PASSED] - click: Object: 'Object Repository/Login/BTN_MASUK' is clicked on

2018-11-27 15:24:20 - [MESSAGE][PASSED] - Object: 'Object Repository/Login/BTN_MASUK' is clicked on

2018-11-27 15:24:21 - [TEST_STEP][PASSED] - delay: Delayed 5 second(s)

2018-11-27 15:24:26 - [MESSAGE][PASSED] - Delayed 5 second(s)

2018-11-27 15:24:26 - [MESSAGE][PASSED] - Call Test Case 'Test Cases/Screen/Login' successfully

2018-11-27 15:24:26 - [TEST_STEP][PASSED] - callTestCase: Call Test Case 'Test Cases/Screen/Select Claim MV' successfully

2018-11-27 15:24:26 - [TEST_CASE][PASSED] - Test Cases/Screen/Select Claim MV: Test Cases/Screen/Select Claim MV

2018-11-27 15:24:26 - [TEST_STEP][PASSED] - delay: Delayed 1 second(s)

2018-11-27 15:24:27 - [MESSAGE][PASSED] - Delayed 1 second(s)

2018-11-27 15:24:27 - [TEST_STEP][PASSED] - click: Object: 'Object Repository/Home/HDR_SERVICE_TYPE' is clicked on

2018-11-27 15:24:27 - [MESSAGE][PASSED] - Object: 'Object Repository/Home/HDR_SERVICE_TYPE' is clicked on

2018-11-27 15:24:27 - [TEST_STEP][PASSED] - delay: Delayed 1 second(s)

2018-11-27 15:24:28 - [MESSAGE][PASSED] - Delayed 1 second(s)

2018-11-27 15:24:28 - [TEST_STEP][PASSED] - click: Object: 'Object Repository/Home/BTN_CLAIM_MV' is clicked on

2018-11-27 15:24:32 - [MESSAGE][PASSED] - Object: 'Object Repository/Home/BTN_CLAIM_MV' is clicked on

2018-11-27 15:24:33 - [TEST_STEP][PASSED] - delay: Delayed 20 second(s)

2018-11-27 15:24:53 - [MESSAGE][PASSED] - Delayed 20 second(s)

2018-11-27 15:24:53 - [MESSAGE][PASSED] - Call Test Case 'Test Cases/Screen/Select Claim MV' successfully

2018-11-27 15:24:53 - [TEST_STEP][PASSED] - callTestCase: Call Test Case 'Test Cases/Screen/Create Ticket' successfully

2018-11-27 15:24:53 - [TEST_CASE][PASSED] - Test Cases/Screen/Create Ticket: Test Cases/Screen/Create Ticket

2018-11-27 15:24:53 - [TEST_STEP][PASSED] - delay: Delayed 3 second(s)

2018-11-27 15:24:56 - [MESSAGE][PASSED] - Delayed 3 second(s)

2018-11-27 15:24:56 - [TEST_STEP][PASSED] - setText: Text 'BTE' is set on object 'Object Repository/Claim MV/Create Ticket/TXT_CALLER_NAME'

2018-11-27 15:24:56 - [MESSAGE][PASSED] - Text 'BTE' is set on object 'Object Repository/Claim MV/Create Ticket/TXT_CALLER_NAME'

2018-11-27 15:24:56 - [TEST_STEP][PASSED] - delay: Delayed 1 second(s)

2018-11-27 15:24:57 - [MESSAGE][PASSED] - Delayed 1 second(s)

2018-11-27 15:24:57 - [TEST_STEP][PASSED] - click: Object: 'Object Repository/Claim MV/Create Ticket/RDB_MALE' is clicked on

2018-11-27 15:24:58 - [MESSAGE][PASSED] - Object: 'Object Repository/Claim MV/Create Ticket/RDB_MALE' is clicked on

2018-11-27 15:24:58 - [TEST_STEP][PASSED] - delay: Delayed 1 second(s)

2018-11-27 15:24:59 - [MESSAGE][PASSED] - Delayed 1 second(s)

2018-11-27 15:24:59 - [TEST_STEP][PASSED] - setText: Text 'bte@mailinator.com' is set on object 'Object Repository/Claim MV/Create Ticket/TXT_EMAIL'

2018-11-27 15:24:59 - [MESSAGE][PASSED] - Text 'bte@mailinator.com' is set on object 'Object Repository/Claim MV/Create Ticket/TXT_EMAIL'

2018-11-27 15:24:59 - [TEST_STEP][PASSED] - delay: Delayed 1 second(s)

2018-11-27 15:25:00 - [MESSAGE][PASSED] - Delayed 1 second(s)

2018-11-27 15:25:00 - [TEST_STEP][PASSED] - click: Object: 'Object Repository/Claim MV/Create Ticket/EXP_RELATIONSHIP' is clicked on

2018-11-27 15:25:00 - [MESSAGE][PASSED] - Object: 'Object Repository/Claim MV/Create Ticket/EXP_RELATIONSHIP' is clicked on

2018-11-27 15:25:00 - [TEST_STEP][PASSED] - delay: Delayed 1 second(s)

2018-11-27 15:25:01 - [MESSAGE][PASSED] - Delayed 1 second(s)

2018-11-27 15:25:01 - [TEST_STEP][PASSED] - click: Object: 'Object Repository/Claim MV/Create Ticket/LST_RELATIONSHIP' is clicked on

2018-11-27 15:25:02 - [MESSAGE][PASSED] - Object: 'Object Repository/Claim MV/Create Ticket/LST_RELATIONSHIP' is clicked on

2018-11-27 15:25:02 - [TEST_STEP][PASSED] - delay: Delayed 1 second(s)

2018-11-27 15:25:03 - [MESSAGE][PASSED] - Delayed 1 second(s)

2018-11-27 15:25:03 - [TEST_STEP][PASSED] - setText: Text '62' is set on object 'Object Repository/Claim MV/Create Ticket/TXT_COUNTRY'

2018-11-27 15:25:03 - [MESSAGE][PASSED] - Text '62' is set on object 'Object Repository/Claim MV/Create Ticket/TXT_COUNTRY'

2018-11-27 15:25:03 - [TEST_STEP][PASSED] - delay: Delayed 1 second(s)

2018-11-27 15:25:04 - [MESSAGE][PASSED] - Delayed 1 second(s)

2018-11-27 15:25:04 - [TEST_STEP][PASSED] - setText: Text '21' is set on object 'Object Repository/Claim MV/Create Ticket/TXT_AREA_CODE'

2018-11-27 15:25:04 - [MESSAGE][PASSED] - Text '21' is set on object 'Object Repository/Claim MV/Create Ticket/TXT_AREA_CODE'

2018-11-27 15:25:04 - [TEST_STEP][PASSED] - delay: Delayed 1 second(s)

2018-11-27 15:25:05 - [MESSAGE][PASSED] - Delayed 1 second(s)

2018-11-27 15:25:05 - [TEST_STEP][PASSED] - setText: Text '232323' is set on object 'Object Repository/Claim MV/Create Ticket/TXT_PHONE_NUMBER'

2018-11-27 15:25:06 - [MESSAGE][PASSED] - Text '232323' is set on object 'Object Repository/Claim MV/Create Ticket/TXT_PHONE_NUMBER'

2018-11-27 15:25:06 - [TEST_STEP][PASSED] - delay: Delayed 1 second(s)

2018-11-27 15:25:07 - [MESSAGE][PASSED] - Delayed 1 second(s)

2018-11-27 15:25:07 - [TEST_STEP][PASSED] - click: Object: 'Object Repository/Claim MV/Create Ticket/BTN_NEXT_1' is clicked on

2018-11-27 15:25:07 - [MESSAGE][PASSED] - Object: 'Object Repository/Claim MV/Create Ticket/BTN_NEXT_1' is clicked on

2018-11-27 15:25:07 - [TEST_STEP][PASSED] - delay: Delayed 12 second(s)

2018-11-27 15:25:19 - [MESSAGE][PASSED] - Delayed 12 second(s)

2018-11-27 15:25:19 - [TEST_STEP][PASSED] - click: Object: 'Object Repository/Claim MV/Create Ticket/LST_CALLER_1' is clicked on

2018-11-27 15:25:19 - [MESSAGE][PASSED] - Object: 'Object Repository/Claim MV/Create Ticket/LST_CALLER_1' is clicked on

2018-11-27 15:25:19 - [TEST_STEP][PASSED] - delay: Delayed 1 second(s)

2018-11-27 15:25:20 - [MESSAGE][PASSED] - Delayed 1 second(s)

2018-11-27 15:25:20 - [TEST_STEP][PASSED] - click: Object: 'Object Repository/Claim MV/Create Ticket/BTN_NEXT_2' is clicked on

2018-11-27 15:25:20 - [MESSAGE][PASSED] - Object: 'Object Repository/Claim MV/Create Ticket/BTN_NEXT_2' is clicked on

2018-11-27 15:25:20 - [TEST_STEP][PASSED] - delay: Delayed 8 second(s)

2018-11-27 15:25:28 - [MESSAGE][PASSED] - Delayed 8 second(s)

2018-11-27 15:25:28 - [TEST_STEP][PASSED] - click: Object: 'Object Repository/Claim MV/Create Ticket/BTN_SAVE' is clicked on

2018-11-27 15:25:29 - [MESSAGE][PASSED] - Object: 'Object Repository/Claim MV/Create Ticket/BTN_SAVE' is clicked on

2018-11-27 15:25:29 - [TEST_STEP][PASSED] - delay: Delayed 3 second(s)

2018-11-27 15:25:32 - [MESSAGE][PASSED] - Delayed 3 second(s)

2018-11-27 15:25:32 - [TEST_STEP][PASSED] - click: Object: 'Object Repository/Claim MV/Create Ticket/BTN_SAVE_YES' is clicked on

2018-11-27 15:25:33 - [MESSAGE][PASSED] - Object: 'Object Repository/Claim MV/Create Ticket/BTN_SAVE_YES' is clicked on

2018-11-27 15:25:33 - [TEST_STEP][PASSED] - delay: Delayed 8 second(s)

2018-11-27 15:25:41 - [MESSAGE][PASSED] - Delayed 8 second(s)

2018-11-27 15:25:41 - [MESSAGE][PASSED] - Call Test Case 'Test Cases/Screen/Create Ticket' successfully

2018-11-27 15:25:41 - [TEST_STEP][PASSED] - callTestCase: Call Test Case 'Test Cases/Screen/Select Claim MV' successfully

2018-11-27 15:25:41 - [TEST_CASE][PASSED] - Test Cases/Screen/Select Claim MV: Test Cases/Screen/Select Claim MV

2018-11-27 15:25:41 - [TEST_STEP][PASSED] - delay: Delayed 1 second(s)

2018-11-27 15:25:42 - [MESSAGE][PASSED] - Delayed 1 second(s)

2018-11-27 15:25:42 - [TEST_STEP][PASSED] - click: Object: 'Object Repository/Home/HDR_SERVICE_TYPE' is clicked on

2018-11-27 15:25:42 - [MESSAGE][PASSED] - Object: 'Object Repository/Home/HDR_SERVICE_TYPE' is clicked on

2018-11-27 15:25:42 - [TEST_STEP][PASSED] - delay: Delayed 1 second(s)

2018-11-27 15:25:43 - [MESSAGE][PASSED] - Delayed 1 second(s)

2018-11-27 15:25:43 - [TEST_STEP][PASSED] - click: Object: 'Object Repository/Home/BTN_CLAIM_MV' is clicked on

2018-11-27 15:25:46 - [MESSAGE][PASSED] - Object: 'Object Repository/Home/BTN_CLAIM_MV' is clicked on

2018-11-27 15:25:46 - [TEST_STEP][PASSED] - delay: Delayed 20 second(s)

2018-11-27 15:26:06 - [MESSAGE][PASSED] - Delayed 20 second(s)

2018-11-27 15:26:06 - [MESSAGE][PASSED] - Call Test Case 'Test Cases/Screen/Select Claim MV' successfully

2018-11-27 15:26:06 - [TEST_STEP][PASSED] - callTestCase: Call Test Case 'Test Cases/Screen/Choose Customer' successfully

2018-11-27 15:26:06 - [TEST_CASE][PASSED] - Test Cases/Screen/Choose Customer: Test Cases/Screen/Choose Customer

2018-11-27 15:26:06 - [TEST_STEP][PASSED] - Statement - policyno = com.kms.katalon.core.testdata.TestDataFactory.findTestData(Policy).getValue(1, 1): Reading database data with query 'SELECT top 1 LTRIM(RTRIM(Policy_No)) AS policyno 
FROM aab.dbo.policy 
WHERE GETDATE() BETWEEN Period_From AND Period_To 
AND Policy_No LIKE '17000%' 
ORDER BY Effective_Date desc'

2018-11-27 15:26:07 - [TEST_STEP][PASSED] - delay: Delayed 1 second(s)

2018-11-27 15:26:08 - [MESSAGE][PASSED] - Delayed 1 second(s)

2018-11-27 15:26:08 - [TEST_STEP][PASSED] - click: Object: 'Object Repository/Claim MV/Choose Customer/EXP_SEARCH_BY_PARAMETER' is clicked on

2018-11-27 15:26:08 - [MESSAGE][PASSED] - Object: 'Object Repository/Claim MV/Choose Customer/EXP_SEARCH_BY_PARAMETER' is clicked on

2018-11-27 15:26:08 - [TEST_STEP][PASSED] - delay: Delayed 1 second(s)

2018-11-27 15:26:09 - [MESSAGE][PASSED] - Delayed 1 second(s)

2018-11-27 15:26:09 - [TEST_STEP][PASSED] - click: Object: 'Object Repository/Claim MV/Choose Customer/LST_SEARCH_BY_PARAMETER' is clicked on

2018-11-27 15:26:09 - [MESSAGE][PASSED] - Object: 'Object Repository/Claim MV/Choose Customer/LST_SEARCH_BY_PARAMETER' is clicked on

2018-11-27 15:26:09 - [TEST_STEP][PASSED] - delay: Delayed 1 second(s)

2018-11-27 15:26:10 - [MESSAGE][PASSED] - Delayed 1 second(s)

2018-11-27 15:26:10 - [TEST_STEP][PASSED] - setText: Text '1700010726' is set on object 'Object Repository/Claim MV/Choose Customer/TXT_SEARCH_BY_INPUT'

2018-11-27 15:26:11 - [MESSAGE][PASSED] - Text '1700010726' is set on object 'Object Repository/Claim MV/Choose Customer/TXT_SEARCH_BY_INPUT'

2018-11-27 15:26:11 - [TEST_STEP][PASSED] - delay: Delayed 1 second(s)

2018-11-27 15:26:12 - [MESSAGE][PASSED] - Delayed 1 second(s)

2018-11-27 15:26:12 - [TEST_STEP][PASSED] - click: Object: 'Object Repository/Claim MV/Choose Customer/BTN_SEARCH' is clicked on

2018-11-27 15:26:12 - [MESSAGE][PASSED] - Object: 'Object Repository/Claim MV/Choose Customer/BTN_SEARCH' is clicked on

2018-11-27 15:26:12 - [TEST_STEP][PASSED] - delay: Delayed 20 second(s)

2018-11-27 15:26:32 - [MESSAGE][PASSED] - Delayed 20 second(s)

2018-11-27 15:26:32 - [TEST_STEP][PASSED] - click: Object: 'Object Repository/Claim MV/Choose Customer/LST_POLICY_NUMBER' is clicked on

2018-11-27 15:26:32 - [MESSAGE][PASSED] - Object: 'Object Repository/Claim MV/Choose Customer/LST_POLICY_NUMBER' is clicked on

2018-11-27 15:26:32 - [TEST_STEP][PASSED] - delay: Delayed 1 second(s)

2018-11-27 15:26:33 - [MESSAGE][PASSED] - Delayed 1 second(s)

2018-11-27 15:26:33 - [TEST_STEP][PASSED] - click: Object: 'Object Repository/Claim MV/Choose Customer/BTN_NEXT' is clicked on

2018-11-27 15:26:33 - [MESSAGE][PASSED] - Object: 'Object Repository/Claim MV/Choose Customer/BTN_NEXT' is clicked on

2018-11-27 15:26:34 - [TEST_STEP][PASSED] - delay: Delayed 10 second(s)

2018-11-27 15:26:44 - [MESSAGE][PASSED] - Delayed 10 second(s)

2018-11-27 15:26:44 - [TEST_STEP][PASSED] - click: Object: 'Object Repository/Claim MV/Choose Customer/BTN_FINISH' is clicked on

2018-11-27 15:26:44 - [MESSAGE][PASSED] - Object: 'Object Repository/Claim MV/Choose Customer/BTN_FINISH' is clicked on

2018-11-27 15:26:44 - [TEST_STEP][PASSED] - delay: Delayed 2 second(s)

2018-11-27 15:26:46 - [MESSAGE][PASSED] - Delayed 2 second(s)

2018-11-27 15:26:46 - [TEST_STEP][PASSED] - click: Object: 'Object Repository/Claim MV/Choose Customer/BTN_YES' is clicked on

2018-11-27 15:26:49 - [MESSAGE][PASSED] - Object: 'Object Repository/Claim MV/Choose Customer/BTN_YES' is clicked on

2018-11-27 15:26:49 - [TEST_STEP][PASSED] - delay: Delayed 7 second(s)

2018-11-27 15:26:56 - [MESSAGE][PASSED] - Delayed 7 second(s)

2018-11-27 15:26:56 - [MESSAGE][PASSED] - Call Test Case 'Test Cases/Screen/Choose Customer' successfully

2018-11-27 15:26:56 - [TEST_STEP][PASSED] - callTestCase: Call Test Case 'Test Cases/Screen/Claim MV' successfully

2018-11-27 15:26:56 - [TEST_CASE][PASSED] - Test Cases/Screen/Claim MV: Test Cases/Screen/Claim MV

2018-11-27 15:26:56 - [TEST_STEP][PASSED] - delay: Delayed 1 second(s)

2018-11-27 15:26:57 - [MESSAGE][PASSED] - Delayed 1 second(s)

2018-11-27 15:26:57 - [TEST_STEP][PASSED] - Statement - surveydate = com.kms.katalon.core.testdata.TestDataFactory.findTestData(Holiday).getValue(1, 1): Reading database data with query 'SELECT 
CASE WHEN (SELECT COUNT(*) AS CheckHoliday FROM ( 
				SELECT CONVERT(VARCHAR,HolidayDate,103) AS HolidayDate FROM aab.dbo.Holiday A 
				WHERE A.ActiveStatusID = 1 
				AND A.RowStatus = 0 
				AND (SELECT CONVERT(VARCHAR,HolidayDate,103)) = (SELECT CONVERT(varchar,GETDATE()+1,103)) 
				AND (SELECT DATEPART(DW,GETDATE()+1)) IN (2,3,4,5,6) 
				) AS HOLIDAY 
			) = 0 
			THEN CONVERT(varchar,GETDATE()+1,103) 
	WHEN (SELECT COUNT(*) AS CheckHoliday FROM ( 
				SELECT CONVERT(VARCHAR,HolidayDate,103) AS HolidayDate FROM aab.dbo.Holiday A 
				WHERE A.ActiveStatusID = 1 
				AND A.RowStatus = 0 
				AND (SELECT CONVERT(VARCHAR,HolidayDate,103)) = (SELECT CONVERT(varchar,GETDATE()+2,103)) 
				AND (SELECT DATEPART(DW,GETDATE()+1)) IN (2,3,4,5,6) 
				) AS HOLIDAY 
			) = 0 
			THEN CONVERT(varchar,GETDATE()+2,103) 
	WHEN (SELECT COUNT(*) AS CheckHoliday FROM ( 
				SELECT CONVERT(VARCHAR,HolidayDate,103) AS HolidayDate FROM aab.dbo.Holiday A 
				WHERE A.ActiveStatusID = 1 
				AND A.RowStatus = 0 
				AND (SELECT CONVERT(VARCHAR,HolidayDate,103)) = (SELECT CONVERT(varchar,GETDATE()+3,103)) 
				AND (SELECT DATEPART(DW,GETDATE()+1)) IN (2,3,4,5,6) 
				) AS HOLIDAY 
			) = 0 
			THEN CONVERT(varchar,GETDATE()+3,103) 
END AS SurveySchedule;'

2018-11-27 15:26:58 - [TEST_STEP][PASSED] - Statement - day = surveydate.split("/")[0]: null

2018-11-27 15:26:58 - [TEST_STEP][PASSED] - click: Object: 'Object Repository/Claim MV/Claim MV/EXP_PRODUCT' is clicked on

2018-11-27 15:26:58 - [MESSAGE][PASSED] - Object: 'Object Repository/Claim MV/Claim MV/EXP_PRODUCT' is clicked on

2018-11-27 15:26:58 - [TEST_STEP][PASSED] - delay: Delayed 3 second(s)

2018-11-27 15:27:01 - [MESSAGE][PASSED] - Delayed 3 second(s)

2018-11-27 15:27:01 - [TEST_STEP][PASSED] - click: Object: 'Object Repository/Claim MV/Claim MV/LST_PRODUCT_GO' is clicked on

2018-11-27 15:27:01 - [MESSAGE][PASSED] - Object: 'Object Repository/Claim MV/Claim MV/LST_PRODUCT_GO' is clicked on

2018-11-27 15:27:01 - [TEST_STEP][PASSED] - delay: Delayed 3 second(s)

2018-11-27 15:27:04 - [MESSAGE][PASSED] - Delayed 3 second(s)

[...]

2018-11-27 15:58:02 - [MESSAGE][PASSED] - Delayed 1 second(s)

2018-11-27 15:58:02 - [TEST_STEP][PASSED] - click: Object: 'Object Repository/Claim MV/Claim MV/BTN_SURVEY_SCHEDULE_IN' is clicked on

2018-11-27 15:58:03 - [MESSAGE][PASSED] - Object: 'Object Repository/Claim MV/Claim MV/BTN_SURVEY_SCHEDULE_IN' is clicked on

2018-11-27 15:58:03 - [TEST_STEP][PASSED] - delay: Delayed 3 second(s)

2018-11-27 15:58:06 - [MESSAGE][PASSED] - Delayed 3 second(s)

2018-11-27 15:58:06 - [TEST_STEP][PASSED] - click: Object: 'Object Repository/Claim MV/Claim MV/BTN_DAY_SURVEY' is clicked on

2018-11-27 15:58:06 - [MESSAGE][PASSED] - Object: 'Object Repository/Claim MV/Claim MV/BTN_DAY_SURVEY' is clicked on

2018-11-27 15:58:06 - [TEST_STEP][PASSED] - delay: Delayed 3 second(s)

2018-11-27 15:58:09 - [MESSAGE][PASSED] - Delayed 3 second(s)

2018-11-27 15:58:09 - [TEST_STEP][PASSED] - click: Object: 'Object Repository/Claim MV/Claim MV/EXP_SURVEY_TIME' is clicked on

2018-11-27 15:58:09 - [MESSAGE][PASSED] - Object: 'Object Repository/Claim MV/Claim MV/EXP_SURVEY_TIME' is clicked on

2018-11-27 15:58:09 - [TEST_STEP][PASSED] - delay: Delayed 1 second(s)

2018-11-27 15:58:10 - [MESSAGE][PASSED] - Delayed 1 second(s)

2018-11-27 15:58:10 - [TEST_STEP][PASSED] - click: Object: 'Object Repository/Claim MV/Claim MV/LST_SURVEY_TIME' is clicked on

2018-11-27 15:58:11 - [MESSAGE][PASSED] - Object: 'Object Repository/Claim MV/Claim MV/LST_SURVEY_TIME' is clicked on

2018-11-27 15:58:11 - [TEST_STEP][PASSED] - delay: Delayed 1 second(s)

2018-11-27 15:58:12 - [MESSAGE][PASSED] - Delayed 1 second(s)

2018-11-27 15:58:12 - [TEST_STEP][PASSED] - setText: Text 'locationaccident' is set on object 'Object Repository/Claim MV/Claim MV/TXT_LOCATION_ACCIDENT'

2018-11-27 15:58:12 - [MESSAGE][PASSED] - Text 'locationaccident' is set on object 'Object Repository/Claim MV/Claim MV/TXT_LOCATION_ACCIDENT'

2018-11-27 15:58:12 - [TEST_STEP][PASSED] - delay: Delayed 1 second(s)

2018-11-27 15:58:13 - [MESSAGE][PASSED] - Delayed 1 second(s)

2018-11-27 15:58:13 - [TEST_STEP][PASSED] - setText: Text 'accidentinfo' is set on object 'Object Repository/Claim MV/Claim MV/TXT_ACCIDENT_INFO'

2018-11-27 15:58:13 - [MESSAGE][PASSED] - Text 'accidentinfo' is set on object 'Object Repository/Claim MV/Claim MV/TXT_ACCIDENT_INFO'

2018-11-27 15:58:13 - [TEST_STEP][PASSED] - delay: Delayed 1 second(s)

2018-11-27 15:58:14 - [MESSAGE][PASSED] - Delayed 1 second(s)

2018-11-27 15:58:14 - [TEST_STEP][PASSED] - click: Object: 'Object Repository/Claim MV/Claim MV/EXP_CAUSE_LOSS' is clicked on

2018-11-27 15:58:15 - [MESSAGE][PASSED] - Object: 'Object Repository/Claim MV/Claim MV/EXP_CAUSE_LOSS' is clicked on

2018-11-27 15:58:15 - [TEST_STEP][PASSED] - delay: Delayed 1 second(s)

2018-11-27 15:58:16 - [MESSAGE][PASSED] - Delayed 1 second(s)

2018-11-27 15:58:16 - [TEST_STEP][PASSED] - click: Object: 'Object Repository/Claim MV/Claim MV/LST_CAUSE_DITABRAK' is clicked on

2018-11-27 15:58:16 - [MESSAGE][PASSED] - Object: 'Object Repository/Claim MV/Claim MV/LST_CAUSE_DITABRAK' is clicked on

2018-11-27 15:58:16 - [TEST_STEP][PASSED] - delay: Delayed 1 second(s)

2018-11-27 15:58:17 - [MESSAGE][PASSED] - Delayed 1 second(s)

2018-11-27 15:58:17 - [TEST_STEP][PASSED] - setText: Text 'customeronlocation' is set on object 'Object Repository/Claim MV/Claim MV/TXT_CUST_ON_LOCATION'

2018-11-27 15:58:18 - [MESSAGE][PASSED] - Text 'customeronlocation' is set on object 'Object Repository/Claim MV/Claim MV/TXT_CUST_ON_LOCATION'

2018-11-27 15:58:18 - [TEST_STEP][PASSED] - delay: Delayed 1 second(s)

2018-11-27 15:58:19 - [MESSAGE][PASSED] - Delayed 1 second(s)

2018-11-27 15:58:19 - [TEST_STEP][PASSED] - setText: Text '081818181' is set on object 'Object Repository/Claim MV/Claim MV/TXT_PIC_PHONE'

2018-11-27 15:58:19 - [MESSAGE][PASSED] - Text '081818181' is set on object 'Object Repository/Claim MV/Claim MV/TXT_PIC_PHONE'

2018-11-27 15:58:19 - [TEST_STEP][PASSED] - delay: Delayed 1 second(s)

2018-11-27 15:58:20 - [MESSAGE][PASSED] - Delayed 1 second(s)

2018-11-27 15:58:20 - [TEST_STEP][PASSED] - Statement - If (surveylocation != "Workshop"): null

2018-11-27 15:58:20 - [TEST_STEP][PASSED] - click: Object: 'Object Repository/Claim MV/Claim MV/CHK_SEND_SMS' is clicked on

2018-11-27 15:58:20 - [MESSAGE][PASSED] - Object: 'Object Repository/Claim MV/Claim MV/CHK_SEND_SMS' is clicked on

2018-11-27 15:58:20 - [TEST_STEP][PASSED] - delay: Delayed 1 second(s)

2018-11-27 15:58:21 - [MESSAGE][PASSED] - Delayed 1 second(s)

2018-11-27 15:58:21 - [TEST_STEP][PASSED] - click: Object: 'Object Repository/Claim MV/Claim MV/EXP_FU_STATUS' is clicked on

2018-11-27 15:58:22 - [MESSAGE][PASSED] - Object: 'Object Repository/Claim MV/Claim MV/EXP_FU_STATUS' is clicked on

2018-11-27 15:58:22 - [TEST_STEP][PASSED] - delay: Delayed 1 second(s)

2018-11-27 15:58:23 - [MESSAGE][PASSED] - Delayed 1 second(s)

2018-11-27 15:58:23 - [TEST_STEP][PASSED] - click: Object: 'Object Repository/Claim MV/Claim MV/LST_FU_CLOSE' is clicked on

2018-11-27 15:58:23 - [MESSAGE][PASSED] - Object: 'Object Repository/Claim MV/Claim MV/LST_FU_CLOSE' is clicked on

2018-11-27 15:58:23 - [TEST_STEP][PASSED] - delay: Delayed 1 second(s)

2018-11-27 15:58:24 - [MESSAGE][PASSED] - Delayed 1 second(s)

2018-11-27 15:58:24 - [TEST_STEP][PASSED] - setText: Text 'remarks' is set on object 'Object Repository/Claim MV/Claim MV/TXT_FU_REMARKS'

2018-11-27 15:58:24 - [MESSAGE][PASSED] - Text 'remarks' is set on object 'Object Repository/Claim MV/Claim MV/TXT_FU_REMARKS'

2018-11-27 15:58:24 - [TEST_STEP][PASSED] - delay: Delayed 1 second(s)

2018-11-27 15:58:25 - [MESSAGE][PASSED] - Delayed 1 second(s)

2018-11-27 15:58:25 - [TEST_STEP][PASSED] - click: Object: 'Object Repository/Claim MV/Claim MV/BTN_SAVE' is clicked on

2018-11-27 15:58:25 - [MESSAGE][PASSED] - Object: 'Object Repository/Claim MV/Claim MV/BTN_SAVE' is clicked on

2018-11-27 15:58:25 - [TEST_STEP][PASSED] - delay: Delayed 350 second(s)

2018-11-27 16:04:15 - [MESSAGE][PASSED] - Delayed 350 second(s)

2018-11-27 16:04:15 - [TEST_STEP][PASSED] - executeSQL.executeScript.checksurveyout: executeSQL.executeScript.checksurveyout is PASSED

2018-11-27 16:04:30 - [MESSAGE][PASSED] - executeSQL.executeScript.checksurveyout is PASSED

2018-11-27 16:04:30 - [TEST_STEP][PASSED] - Statement - If (surveylocation == "Workshop"): executeSQL.executeScript.checkregionareaoutworkshop is PASSED

2018-11-27 16:04:30 - [TEST_STEP][PASSED] - delay: Delayed 1 second(s)

2018-11-27 16:04:31 - [MESSAGE][PASSED] - Delayed 1 second(s)

2018-11-27 16:04:31 - [TEST_STEP][PASSED] - executeSQL.executeScript.checkregionareaoutworkshop: executeSQL.executeScript.checkregionareaoutworkshop is PASSED

2018-11-27 16:04:33 - [MESSAGE][PASSED] - executeSQL.executeScript.checkregionareaoutworkshop is PASSED

2018-11-27 16:04:33 - [TEST_STEP][PASSED] - Statement - If (surveylocation != "Workshop"): null

2018-11-27 16:04:33 - [TEST_STEP][PASSED] - delay: Delayed 1 second(s)

2018-11-27 16:04:34 - [MESSAGE][PASSED] - Delayed 1 second(s)

2018-11-27 16:04:34 - [TEST_STEP][PASSED] - Statement - If (surveylocation != "Workshop"): null

2018-11-27 16:04:34 - [TEST_STEP][PASSED] - click: Object: 'Object Repository/Claim MV/Claim MV/BTN_SAVE_OK' is clicked on

2018-11-27 16:04:35 - [MESSAGE][PASSED] - Object: 'Object Repository/Claim MV/Claim MV/BTN_SAVE_OK' is clicked on

2018-11-27 16:04:35 - [TEST_STEP][PASSED] - delay: Delayed 10 second(s)

2018-11-27 16:04:45 - [MESSAGE][PASSED] - Delayed 10 second(s)

2018-11-27 16:04:45 - [MESSAGE][PASSED] - Call Test Case 'Test Cases/Screen/Claim MV' successfully

2018-11-27 16:04:45 - [TEST_STEP][PASSED] - callTestCase: Call Test Case 'Test Cases/Screen/Logout' successfully

2018-11-27 16:04:45 - [TEST_CASE][PASSED] - Test Cases/Screen/Logout: Test Cases/Screen/Logout

2018-11-27 16:04:45 - [TEST_STEP][PASSED] - delay: Delayed 1 second(s)

2018-11-27 16:04:46 - [MESSAGE][PASSED] - Delayed 1 second(s)

2018-11-27 16:04:46 - [TEST_STEP][PASSED] - click: Object: 'Object Repository/Home/LNK_USER' is clicked on

2018-11-27 16:04:46 - [MESSAGE][PASSED] - Object: 'Object Repository/Home/LNK_USER' is clicked on

2018-11-27 16:04:46 - [TEST_STEP][PASSED] - delay: Delayed 1 second(s)

2018-11-27 16:04:47 - [MESSAGE][PASSED] - Delayed 1 second(s)

2018-11-27 16:04:47 - [TEST_STEP][PASSED] - click: Object: 'Object Repository/Home/LNK_EXIT' is clicked on

2018-11-27 16:04:47 - [MESSAGE][PASSED] - Object: 'Object Repository/Home/LNK_EXIT' is clicked on

2018-11-27 16:04:47 - [TEST_STEP][PASSED] - delay: Delayed 1 second(s)

2018-11-27 16:04:48 - [MESSAGE][PASSED] - Delayed 1 second(s)

2018-11-27 16:04:48 - [TEST_STEP][PASSED] - click: Object: 'Object Repository/Home/BTN_EXIT_YES' is clicked on

2018-11-27 16:04:49 - [MESSAGE][PASSED] - Object: 'Object Repository/Home/BTN_EXIT_YES' is clicked on

2018-11-27 16:04:49 - [TEST_STEP][PASSED] - delay: Delayed 3 second(s)

2018-11-27 16:04:52 - [MESSAGE][PASSED] - Delayed 3 second(s)

2018-11-27 16:04:52 - [MESSAGE][PASSED] - Call Test Case 'Test Cases/Screen/Logout' successfully]]></system-out>
         <system-err><![CDATA[]]></system-err>
      </testcase>
      <system-out><![CDATA[2018-11-27 15:03:39 - [TEST_SUITE][ERROR] - Run All Claim MV: Test Cases/Scenario/Claim MV - Out Non Workshop FAILED because (of) (Stack trace: java.lang.NullPointerException: Cannot get property 's' on null object
	at org.codehaus.groovy.runtime.NullObject.getProperty(NullObject.java:60)
	at org.codehaus.groovy.runtime.InvokerHelper.getProperty(InvokerHelper.java:172)
	at org.codehaus.groovy.runtime.callsite.NullCallSite.getProperty(NullCallSite.java:47)
	at org.codehaus.groovy.runtime.callsite.AbstractCallSite.callGetProperty(AbstractCallSite.java:296)
	at Script1542944761693.run(Script1542944761693.groovy:194)
	at com.kms.katalon.core.main.ScriptEngine.run(ScriptEngine.java:183)
	at com.kms.katalon.core.main.ScriptEngine.runScriptAsRawText(ScriptEngine.java:108)
	at com.kms.katalon.core.main.TestCaseExecutor.runScript(TestCaseExecutor.java:294)
	at com.kms.katalon.core.main.TestCaseExecutor.doExecute(TestCaseExecutor.java:285)
	at com.kms.katalon.core.main.TestCaseExecutor.processExecutionPhase(TestCaseExecutor.java:264)
	at com.kms.katalon.core.main.TestCaseExecutor.accessMainPhase(TestCaseExecutor.java:256)
	at com.kms.katalon.core.main.TestCaseExecutor.execute(TestCaseExecutor.java:200)
	at com.kms.katalon.core.main.TestCaseMain.runTestCase(TestCaseMain.java:99)
	at com.kms.katalon.core.keyword.builtin.CallTestCaseKeyword$_callTestCase_closure1.doCall(CallTestCaseKeyword.groovy:60)
	at com.kms.katalon.core.keyword.builtin.CallTestCaseKeyword$_callTestCase_closure1.call(CallTestCaseKeyword.groovy)
	at com.kms.katalon.core.keyword.internal.KeywordMain.runKeyword(KeywordMain.groovy:54)
	at com.kms.katalon.core.keyword.builtin.CallTestCaseKeyword.callTestCase(CallTestCaseKeyword.groovy:81)
	at com.kms.katalon.core.keyword.builtin.CallTestCaseKeyword.execute(CallTestCaseKeyword.groovy:45)
	at com.kms.katalon.core.keyword.internal.KeywordExecutor.executeKeywordForPlatform(KeywordExecutor.groovy:53)
	at com.kms.katalon.core.keyword.BuiltinKeywords.callTestCase(BuiltinKeywords.groovy:334)
	at sun.reflect.GeneratedMethodAccessor13.invoke(Unknown Source)
	at sun.reflect.DelegatingMethodAccessorImpl.invoke(DelegatingMethodAccessorImpl.java:43)
	at java.lang.reflect.Method.invoke(Method.java:498)
	at org.codehaus.groovy.reflection.CachedMethod.invoke(CachedMethod.java:93)
	at groovy.lang.MetaMethod.doMethodInvoke(MetaMethod.java:325)
	at groovy.lang.MetaClassImpl.invokeStaticMethod(MetaClassImpl.java:1469)
	at org.codehaus.groovy.runtime.callsite.StaticMetaClassSite.call(StaticMetaClassSite.java:53)
	at org.codehaus.groovy.runtime.callsite.CallSiteArray.defaultCall(CallSiteArray.java:48)
	at org.codehaus.groovy.runtime.callsite.AbstractCallSite.call(AbstractCallSite.java:113)
	at org.codehaus.groovy.runtime.callsite.AbstractCallSite.call(AbstractCallSite.java:141)
	at Script1543232585374.run(Script1543232585374.groovy:26)
	at com.kms.katalon.core.main.ScriptEngine.run(ScriptEngine.java:183)
	at com.kms.katalon.core.main.ScriptEngine.runScriptAsRawText(ScriptEngine.java:108)
	at com.kms.katalon.core.main.TestCaseExecutor.runScript(TestCaseExecutor.java:294)
	at com.kms.katalon.core.main.TestCaseExecutor.doExecute(TestCaseExecutor.java:285)
	at com.kms.katalon.core.main.TestCaseExecutor.processExecutionPhase(TestCaseExecutor.java:264)
	at com.kms.katalon.core.main.TestCaseExecutor.accessMainPhase(TestCaseExecutor.java:256)
	at com.kms.katalon.core.main.TestCaseExecutor.execute(TestCaseExecutor.java:200)
	at com.kms.katalon.core.main.TestSuiteExecutor.accessTestCaseMainPhase(TestSuiteExecutor.java:129)
	at com.kms.katalon.core.main.TestSuiteExecutor.accessTestSuiteMainPhase(TestSuiteExecutor.java:112)
	at com.kms.katalon.core.main.TestSuiteExecutor.execute(TestSuiteExecutor.java:81)
	at com.kms.katalon.core.main.TestCaseMain.startTestSuite(TestCaseMain.java:142)
	at com.kms.katalon.core.main.TestCaseMain$startTestSuite$0.call(Unknown Source)
	at org.codehaus.groovy.runtime.callsite.CallSiteArray.defaultCall(CallSiteArray.java:48)
	at org.codehaus.groovy.runtime.callsite.AbstractCallSite.call(AbstractCallSite.java:113)
	at org.codehaus.groovy.runtime.callsite.AbstractCallSite.call(AbstractCallSite.java:141)
	at TempTestSuite1543305815620.run(TempTestSuite1543305815620.groovy:36)
	at groovy.lang.GroovyShell.runScriptOrMainOrTestOrRunnable(GroovyShell.java:263)
	at groovy.lang.GroovyShell.run(GroovyShell.java:518)
	at groovy.lang.GroovyShell.run(GroovyShell.java:507)
	at groovy.ui.GroovyMain.processOnce(GroovyMain.java:653)
	at groovy.ui.GroovyMain.run(GroovyMain.java:384)
	at groovy.ui.GroovyMain.process(GroovyMain.java:370)
	at groovy.ui.GroovyMain.processArgs(GroovyMain.java:129)
	at groovy.ui.GroovyMain.main(GroovyMain.java:109)
	at sun.reflect.NativeMethodAccessorImpl.invoke0(Native Method)
	at sun.reflect.NativeMethodAccessorImpl.invoke(NativeMethodAccessorImpl.java:62)
	at sun.reflect.DelegatingMethodAccessorImpl.invoke(DelegatingMethodAccessorImpl.java:43)
	at java.lang.reflect.Method.invoke(Method.java:498)
	at org.codehaus.groovy.tools.GroovyStarter.rootLoader(GroovyStarter.java:109)
	at org.codehaus.groovy.tools.GroovyStarter.main(GroovyStarter.java:131)
)]]></system-out>
      <system-err><![CDATA[2018-11-27 15:03:39 - [TEST_SUITE][ERROR] - Run All Claim MV: Test Cases/Scenario/Claim MV - Out Non Workshop FAILED because (of) (Stack trace: java.lang.NullPointerException: Cannot get property 's' on null object
	at org.codehaus.groovy.runtime.NullObject.getProperty(NullObject.java:60)
	at org.codehaus.groovy.runtime.InvokerHelper.getProperty(InvokerHelper.java:172)
	at org.codehaus.groovy.runtime.callsite.NullCallSite.getProperty(NullCallSite.java:47)
	at org.codehaus.groovy.runtime.callsite.AbstractCallSite.callGetProperty(AbstractCallSite.java:296)
	at Script1542944761693.run(Script1542944761693.groovy:194)
	at com.kms.katalon.core.main.ScriptEngine.run(ScriptEngine.java:183)
	at com.kms.katalon.core.main.ScriptEngine.runScriptAsRawText(ScriptEngine.java:108)
	at com.kms.katalon.core.main.TestCaseExecutor.runScript(TestCaseExecutor.java:294)
	at com.kms.katalon.core.main.TestCaseExecutor.doExecute(TestCaseExecutor.java:285)
	at com.kms.katalon.core.main.TestCaseExecutor.processExecutionPhase(TestCaseExecutor.java:264)
	at com.kms.katalon.core.main.TestCaseExecutor.accessMainPhase(TestCaseExecutor.java:256)
	at com.kms.katalon.core.main.TestCaseExecutor.execute(TestCaseExecutor.java:200)
	at com.kms.katalon.core.main.TestCaseMain.runTestCase(TestCaseMain.java:99)
	at com.kms.katalon.core.keyword.builtin.CallTestCaseKeyword$_callTestCase_closure1.doCall(CallTestCaseKeyword.groovy:60)
	at com.kms.katalon.core.keyword.builtin.CallTestCaseKeyword$_callTestCase_closure1.call(CallTestCaseKeyword.groovy)
	at com.kms.katalon.core.keyword.internal.KeywordMain.runKeyword(KeywordMain.groovy:54)
	at com.kms.katalon.core.keyword.builtin.CallTestCaseKeyword.callTestCase(CallTestCaseKeyword.groovy:81)
	at com.kms.katalon.core.keyword.builtin.CallTestCaseKeyword.execute(CallTestCaseKeyword.groovy:45)
	at com.kms.katalon.core.keyword.internal.KeywordExecutor.executeKeywordForPlatform(KeywordExecutor.groovy:53)
	at com.kms.katalon.core.keyword.BuiltinKeywords.callTestCase(BuiltinKeywords.groovy:334)
	at sun.reflect.GeneratedMethodAccessor13.invoke(Unknown Source)
	at sun.reflect.DelegatingMethodAccessorImpl.invoke(DelegatingMethodAccessorImpl.java:43)
	at java.lang.reflect.Method.invoke(Method.java:498)
	at org.codehaus.groovy.reflection.CachedMethod.invoke(CachedMethod.java:93)
	at groovy.lang.MetaMethod.doMethodInvoke(MetaMethod.java:325)
	at groovy.lang.MetaClassImpl.invokeStaticMethod(MetaClassImpl.java:1469)
	at org.codehaus.groovy.runtime.callsite.StaticMetaClassSite.call(StaticMetaClassSite.java:53)
	at org.codehaus.groovy.runtime.callsite.CallSiteArray.defaultCall(CallSiteArray.java:48)
	at org.codehaus.groovy.runtime.callsite.AbstractCallSite.call(AbstractCallSite.java:113)
	at org.codehaus.groovy.runtime.callsite.AbstractCallSite.call(AbstractCallSite.java:141)
	at Script1543232585374.run(Script1543232585374.groovy:26)
	at com.kms.katalon.core.main.ScriptEngine.run(ScriptEngine.java:183)
	at com.kms.katalon.core.main.ScriptEngine.runScriptAsRawText(ScriptEngine.java:108)
	at com.kms.katalon.core.main.TestCaseExecutor.runScript(TestCaseExecutor.java:294)
	at com.kms.katalon.core.main.TestCaseExecutor.doExecute(TestCaseExecutor.java:285)
	at com.kms.katalon.core.main.TestCaseExecutor.processExecutionPhase(TestCaseExecutor.java:264)
	at com.kms.katalon.core.main.TestCaseExecutor.accessMainPhase(TestCaseExecutor.java:256)
	at com.kms.katalon.core.main.TestCaseExecutor.execute(TestCaseExecutor.java:200)
	at com.kms.katalon.core.main.TestSuiteExecutor.accessTestCaseMainPhase(TestSuiteExecutor.java:129)
	at com.kms.katalon.core.main.TestSuiteExecutor.accessTestSuiteMainPhase(TestSuiteExecutor.java:112)
	at com.kms.katalon.core.main.TestSuiteExecutor.execute(TestSuiteExecutor.java:81)
	at com.kms.katalon.core.main.TestCaseMain.startTestSuite(TestCaseMain.java:142)
	at com.kms.katalon.core.main.TestCaseMain$startTestSuite$0.call(Unknown Source)
	at org.codehaus.groovy.runtime.callsite.CallSiteArray.defaultCall(CallSiteArray.java:48)
	at org.codehaus.groovy.runtime.callsite.AbstractCallSite.call(AbstractCallSite.java:113)
	at org.codehaus.groovy.runtime.callsite.AbstractCallSite.call(AbstractCallSite.java:141)
	at TempTestSuite1543305815620.run(TempTestSuite1543305815620.groovy:36)
	at groovy.lang.GroovyShell.runScriptOrMainOrTestOrRunnable(GroovyShell.java:263)
	at groovy.lang.GroovyShell.run(GroovyShell.java:518)
	at groovy.lang.GroovyShell.run(GroovyShell.java:507)
	at groovy.ui.GroovyMain.processOnce(GroovyMain.java:653)
	at groovy.ui.GroovyMain.run(GroovyMain.java:384)
	at groovy.ui.GroovyMain.process(GroovyMain.java:370)
	at groovy.ui.GroovyMain.processArgs(GroovyMain.java:129)
	at groovy.ui.GroovyMain.main(GroovyMain.java:109)
	at sun.reflect.NativeMethodAccessorImpl.invoke0(Native Method)
	at sun.reflect.NativeMethodAccessorImpl.invoke(NativeMethodAccessorImpl.java:62)
	at sun.reflect.DelegatingMethodAccessorImpl.invoke(DelegatingMethodAccessorImpl.java:43)
	at java.lang.reflect.Method.invoke(Method.java:498)
	at org.codehaus.groovy.tools.GroovyStarter.rootLoader(GroovyStarter.java:109)
	at org.codehaus.groovy.tools.GroovyStarter.main(GroovyStarter.java:131)
)]]></system-err>
   </testsuite>
</testsuites>
